---------------------------------------------------------------
[ 2018-10-12T16:46:47+08:00 ] 127.0.0.1 GET /
[ info ] www.linguifengs.org/ [运行时间：0.043868s][吞吐率：22.80req/s] [内存消耗：1,435.46kb] [文件加载：42]
[ info ] [ LANG ] D:\lin\MyBlog\thinkphp\lang\zh-cn.php
[ info ] [ ROUTE ] array (
  'type' => 'module',
  'module' => 
  array (
    0 => '',
    1 => NULL,
    2 => NULL,
  ),
)
[ info ] [ HEADER ] array (
  'host' => 'www.linguifengs.org',
  'connection' => 'keep-alive',
  'cache-control' => 'max-age=0',
  'upgrade-insecure-requests' => '1',
  'user-agent' => 'Mozilla/5.0 (Windows NT 10.0; WOW64) AppleWebKit/537.36 (KHTML, like Gecko) Chrome/63.0.3239.132 Safari/537.36',
  'accept' => 'text/html,application/xhtml+xml,application/xml;q=0.9,image/webp,image/apng,*/*;q=0.8',
  'accept-encoding' => 'gzip, deflate',
  'accept-language' => 'zh-CN,zh;q=0.9',
  'cookie' => '__guid=170140326.2988060520119045600.1539331707427.987; thinkphp_show_page_trace=0|0; pgv_pvi=7578516480; pgv_si=s2962487296; monitor_count=36',
)
[ info ] [ PARAM ] array (
)
[ info ] [ LOG ] INIT File
---------------------------------------------------------------
[ 2018-10-12T16:47:06+08:00 ] 127.0.0.1 GET /
[ info ] www.linguifengs.org/ [运行时间：0.044427s][吞吐率：22.51req/s] [内存消耗：1,455.13kb] [文件加载：42]
[ info ] [ LANG ] D:\lin\MyBlog\thinkphp\lang\zh-cn.php
[ info ] [ ROUTE ] array (
  'type' => 'module',
  'module' => 
  array (
    0 => '',
    1 => NULL,
    2 => NULL,
  ),
)
[ info ] [ HEADER ] array (
  'host' => 'www.linguifengs.org',
  'connection' => 'keep-alive',
  'cache-control' => 'max-age=0',
  'upgrade-insecure-requests' => '1',
  'user-agent' => 'Mozilla/5.0 (Windows NT 10.0; WOW64) AppleWebKit/537.36 (KHTML, like Gecko) Chrome/63.0.3239.132 Safari/537.36',
  'accept' => 'text/html,application/xhtml+xml,application/xml;q=0.9,image/webp,image/apng,*/*;q=0.8',
  'accept-encoding' => 'gzip, deflate',
  'accept-language' => 'zh-CN,zh;q=0.9',
  'cookie' => '__guid=170140326.2988060520119045600.1539331707427.987; thinkphp_show_page_trace=0|0; pgv_pvi=7578516480; pgv_si=s2962487296; monitor_count=37',
)
[ info ] [ PARAM ] array (
)
[ info ] [ RUN ] app\index\controller\Index->index[ D:\lin\MyBlog\application\index\controller\Index.php ]
[ info ] [ LOG ] INIT File
---------------------------------------------------------------
[ 2018-10-12T16:47:31+08:00 ] 127.0.0.1 GET /
[ info ] www.linguifengs.org/ [运行时间：0.042550s][吞吐率：23.50req/s] [内存消耗：1,455.57kb] [文件加载：44]
[ info ] [ LANG ] D:\lin\MyBlog\thinkphp\lang\zh-cn.php
[ info ] [ ROUTE ] array (
  'type' => 'module',
  'module' => 
  array (
    0 => '',
    1 => NULL,
    2 => NULL,
  ),
)
[ info ] [ HEADER ] array (
  'host' => 'www.linguifengs.org',
  'connection' => 'keep-alive',
  'cache-control' => 'max-age=0',
  'upgrade-insecure-requests' => '1',
  'user-agent' => 'Mozilla/5.0 (Windows NT 10.0; WOW64) AppleWebKit/537.36 (KHTML, like Gecko) Chrome/63.0.3239.132 Safari/537.36',
  'accept' => 'text/html,application/xhtml+xml,application/xml;q=0.9,image/webp,image/apng,*/*;q=0.8',
  'accept-encoding' => 'gzip, deflate',
  'accept-language' => 'zh-CN,zh;q=0.9',
  'cookie' => '__guid=170140326.2988060520119045600.1539331707427.987; thinkphp_show_page_trace=0|0; pgv_pvi=7578516480; pgv_si=s2962487296; monitor_count=38',
)
[ info ] [ PARAM ] array (
)
[ info ] [ RUN ] app\index\controller\Index->index[ D:\lin\MyBlog\application\index\controller\Index.php ]
[ info ] [ LOG ] INIT File
---------------------------------------------------------------
[ 2018-10-12T16:48:35+08:00 ] 127.0.0.1 GET /
[ info ] www.linguifengs.org/ [运行时间：0.070796s][吞吐率：14.13req/s] [内存消耗：1,833.30kb] [文件加载：52]
[ info ] [ LANG ] D:\lin\MyBlog\thinkphp\lang\zh-cn.php
[ info ] [ ROUTE ] array (
  'type' => 'module',
  'module' => 
  array (
    0 => '',
    1 => NULL,
    2 => NULL,
  ),
)
[ info ] [ HEADER ] array (
  'host' => 'www.linguifengs.org',
  'connection' => 'keep-alive',
  'cache-control' => 'max-age=0',
  'upgrade-insecure-requests' => '1',
  'user-agent' => 'Mozilla/5.0 (Windows NT 10.0; WOW64) AppleWebKit/537.36 (KHTML, like Gecko) Chrome/63.0.3239.132 Safari/537.36',
  'accept' => 'text/html,application/xhtml+xml,application/xml;q=0.9,image/webp,image/apng,*/*;q=0.8',
  'accept-encoding' => 'gzip, deflate',
  'accept-language' => 'zh-CN,zh;q=0.9',
  'cookie' => '__guid=170140326.2988060520119045600.1539331707427.987; thinkphp_show_page_trace=0|0; pgv_pvi=7578516480; pgv_si=s2962487296; monitor_count=39',
)
[ info ] [ PARAM ] array (
)
[ info ] [ RUN ] app\index\controller\Index->index[ D:\lin\MyBlog\application\index\controller\Index.php ]
[ info ] [ VIEW ] D:\lin\MyBlog\public/../application/index\view\index\index.html [ array (
) ]
[ info ] [ LOG ] INIT File
---------------------------------------------------------------
[ 2018-10-12T18:45:41+08:00 ] 127.0.0.1 GET /
[ info ] www.linguifengs.org/ [运行时间：0.059734s][吞吐率：16.74req/s] [内存消耗：1,899.91kb] [文件加载：50]
[ info ] [ LANG ] D:\lin\MyBlog\thinkphp\lang\zh-cn.php
[ info ] [ ROUTE ] array (
  'type' => 'module',
  'module' => 
  array (
    0 => '',
    1 => NULL,
    2 => NULL,
  ),
)
[ info ] [ HEADER ] array (
  'host' => 'www.linguifengs.org',
  'connection' => 'keep-alive',
  'upgrade-insecure-requests' => '1',
  'user-agent' => 'Mozilla/5.0 (Windows NT 10.0; WOW64) AppleWebKit/537.36 (KHTML, like Gecko) Chrome/63.0.3239.132 Safari/537.36',
  'accept' => 'text/html,application/xhtml+xml,application/xml;q=0.9,image/webp,image/apng,*/*;q=0.8',
  'accept-encoding' => 'gzip, deflate',
  'accept-language' => 'zh-CN,zh;q=0.9',
  'cookie' => '__guid=170140326.2988060520119045600.1539331707427.987; thinkphp_show_page_trace=0|0; pgv_pvi=7578516480; pgv_si=s2962487296; monitor_count=40',
)
[ info ] [ PARAM ] array (
)
[ info ] [ RUN ] app\index\controller\Index->index[ D:\lin\MyBlog\application\index\controller\Index.php ]
[ info ] [ VIEW ] D:\lin\MyBlog\public/../application/index\view\index\index.html [ array (
) ]
[ info ] [ LOG ] INIT File
---------------------------------------------------------------
[ 2018-10-12T18:45:41+08:00 ] 127.0.0.1 GET /public/static/js/jquery.js
[ info ] www.linguifengs.org/public/static/js/jquery.js [运行时间：0.045736s][吞吐率：21.86req/s] [内存消耗：1,435.40kb] [文件加载：42]
[ info ] [ LANG ] D:\lin\MyBlog\thinkphp\lang\zh-cn.php
[ info ] [ ROUTE ] array (
  'type' => 'module',
  'module' => 
  array (
    0 => 'public',
    1 => 'static',
    2 => 'js',
  ),
)
[ info ] [ HEADER ] array (
  'host' => 'www.linguifengs.org',
  'connection' => 'keep-alive',
  'user-agent' => 'Mozilla/5.0 (Windows NT 10.0; WOW64) AppleWebKit/537.36 (KHTML, like Gecko) Chrome/63.0.3239.132 Safari/537.36',
  'accept' => '*/*',
  'referer' => 'http://www.linguifengs.org/',
  'accept-encoding' => 'gzip, deflate',
  'accept-language' => 'zh-CN,zh;q=0.9',
  'cookie' => '__guid=170140326.2988060520119045600.1539331707427.987; thinkphp_show_page_trace=0|0; pgv_pvi=7578516480; pgv_si=s2962487296; monitor_count=40',
)
[ info ] [ PARAM ] array (
)
[ info ] [ LOG ] INIT File
---------------------------------------------------------------
[ 2018-10-12T18:45:41+08:00 ] 127.0.0.1 GET /public/static/css/nicetheme.css
[ info ] www.linguifengs.org/public/static/css/nicetheme.css [运行时间：0.049749s][吞吐率：20.10req/s] [内存消耗：1,435.56kb] [文件加载：42]
[ info ] [ LANG ] D:\lin\MyBlog\thinkphp\lang\zh-cn.php
[ info ] [ ROUTE ] array (
  'type' => 'module',
  'module' => 
  array (
    0 => 'public',
    1 => 'static',
    2 => 'css',
  ),
)
[ info ] [ HEADER ] array (
  'host' => 'www.linguifengs.org',
  'connection' => 'keep-alive',
  'user-agent' => 'Mozilla/5.0 (Windows NT 10.0; WOW64) AppleWebKit/537.36 (KHTML, like Gecko) Chrome/63.0.3239.132 Safari/537.36',
  'accept' => 'text/css,*/*;q=0.1',
  'referer' => 'http://www.linguifengs.org/',
  'accept-encoding' => 'gzip, deflate',
  'accept-language' => 'zh-CN,zh;q=0.9',
  'cookie' => '__guid=170140326.2988060520119045600.1539331707427.987; thinkphp_show_page_trace=0|0; pgv_pvi=7578516480; pgv_si=s2962487296; monitor_count=40',
)
[ info ] [ PARAM ] array (
)
[ info ] [ LOG ] INIT File
---------------------------------------------------------------
[ 2018-10-12T18:45:41+08:00 ] 127.0.0.1 GET /public/static/css/reset.css
[ info ] www.linguifengs.org/public/static/css/reset.css [运行时间：0.062844s][吞吐率：15.91req/s] [内存消耗：1,435.47kb] [文件加载：42]
[ info ] [ LANG ] D:\lin\MyBlog\thinkphp\lang\zh-cn.php
[ info ] [ ROUTE ] array (
  'type' => 'module',
  'module' => 
  array (
    0 => 'public',
    1 => 'static',
    2 => 'css',
  ),
)
[ info ] [ HEADER ] array (
  'host' => 'www.linguifengs.org',
  'connection' => 'keep-alive',
  'user-agent' => 'Mozilla/5.0 (Windows NT 10.0; WOW64) AppleWebKit/537.36 (KHTML, like Gecko) Chrome/63.0.3239.132 Safari/537.36',
  'accept' => 'text/css,*/*;q=0.1',
  'referer' => 'http://www.linguifengs.org/',
  'accept-encoding' => 'gzip, deflate',
  'accept-language' => 'zh-CN,zh;q=0.9',
  'cookie' => '__guid=170140326.2988060520119045600.1539331707427.987; thinkphp_show_page_trace=0|0; pgv_pvi=7578516480; pgv_si=s2962487296; monitor_count=40',
)
[ info ] [ PARAM ] array (
)
[ info ] [ LOG ] INIT File
---------------------------------------------------------------
[ 2018-10-12T18:45:41+08:00 ] 127.0.0.1 GET /public/static/css/fontello.css
[ info ] www.linguifengs.org/public/static/css/fontello.css [运行时间：0.066842s][吞吐率：14.96req/s] [内存消耗：1,435.49kb] [文件加载：42]
[ info ] [ LANG ] D:\lin\MyBlog\thinkphp\lang\zh-cn.php
[ info ] [ ROUTE ] array (
  'type' => 'module',
  'module' => 
  array (
    0 => 'public',
    1 => 'static',
    2 => 'css',
  ),
)
[ info ] [ HEADER ] array (
  'host' => 'www.linguifengs.org',
  'connection' => 'keep-alive',
  'user-agent' => 'Mozilla/5.0 (Windows NT 10.0; WOW64) AppleWebKit/537.36 (KHTML, like Gecko) Chrome/63.0.3239.132 Safari/537.36',
  'accept' => 'text/css,*/*;q=0.1',
  'referer' => 'http://www.linguifengs.org/',
  'accept-encoding' => 'gzip, deflate',
  'accept-language' => 'zh-CN,zh;q=0.9',
  'cookie' => '__guid=170140326.2988060520119045600.1539331707427.987; thinkphp_show_page_trace=0|0; pgv_pvi=7578516480; pgv_si=s2962487296; monitor_count=40',
)
[ info ] [ PARAM ] array (
)
[ info ] [ LOG ] INIT File
---------------------------------------------------------------
[ 2018-10-12T18:45:41+08:00 ] 127.0.0.1 GET /public/static/css/owl.carousel.min.css
[ info ] www.linguifengs.org/public/static/css/owl.carousel.min.css [运行时间：0.088222s][吞吐率：11.34req/s] [内存消耗：1,435.61kb] [文件加载：42]
[ info ] [ LANG ] D:\lin\MyBlog\thinkphp\lang\zh-cn.php
[ info ] [ ROUTE ] array (
  'type' => 'module',
  'module' => 
  array (
    0 => 'public',
    1 => 'static',
    2 => 'css',
  ),
)
[ info ] [ HEADER ] array (
  'host' => 'www.linguifengs.org',
  'connection' => 'keep-alive',
  'user-agent' => 'Mozilla/5.0 (Windows NT 10.0; WOW64) AppleWebKit/537.36 (KHTML, like Gecko) Chrome/63.0.3239.132 Safari/537.36',
  'accept' => 'text/css,*/*;q=0.1',
  'referer' => 'http://www.linguifengs.org/',
  'accept-encoding' => 'gzip, deflate',
  'accept-language' => 'zh-CN,zh;q=0.9',
  'cookie' => '__guid=170140326.2988060520119045600.1539331707427.987; thinkphp_show_page_trace=0|0; pgv_pvi=7578516480; pgv_si=s2962487296; monitor_count=40',
)
[ info ] [ PARAM ] array (
)
[ info ] [ LOG ] INIT File
---------------------------------------------------------------
[ 2018-10-12T18:45:41+08:00 ] 127.0.0.1 GET /public/static/css/style.css
[ info ] www.linguifengs.org/public/static/css/style.css [运行时间：0.104659s][吞吐率：9.55req/s] [内存消耗：1,435.47kb] [文件加载：42]
[ info ] [ LANG ] D:\lin\MyBlog\thinkphp\lang\zh-cn.php
[ info ] [ ROUTE ] array (
  'type' => 'module',
  'module' => 
  array (
    0 => 'public',
    1 => 'static',
    2 => 'css',
  ),
)
[ info ] [ HEADER ] array (
  'host' => 'www.linguifengs.org',
  'connection' => 'keep-alive',
  'user-agent' => 'Mozilla/5.0 (Windows NT 10.0; WOW64) AppleWebKit/537.36 (KHTML, like Gecko) Chrome/63.0.3239.132 Safari/537.36',
  'accept' => 'text/css,*/*;q=0.1',
  'referer' => 'http://www.linguifengs.org/',
  'accept-encoding' => 'gzip, deflate',
  'accept-language' => 'zh-CN,zh;q=0.9',
  'cookie' => '__guid=170140326.2988060520119045600.1539331707427.987; thinkphp_show_page_trace=0|0; pgv_pvi=7578516480; pgv_si=s2962487296; monitor_count=40',
)
[ info ] [ PARAM ] array (
)
[ info ] [ LOG ] INIT File
---------------------------------------------------------------
[ 2018-10-12T18:45:41+08:00 ] 127.0.0.1 GET /public/static/js/plugins.min.js
[ info ] www.linguifengs.org/public/static/js/plugins.min.js [运行时间：0.055196s][吞吐率：18.12req/s] [内存消耗：1,435.35kb] [文件加载：42]
[ info ] [ LANG ] D:\lin\MyBlog\thinkphp\lang\zh-cn.php
[ info ] [ ROUTE ] array (
  'type' => 'module',
  'module' => 
  array (
    0 => 'public',
    1 => 'static',
    2 => 'js',
  ),
)
[ info ] [ HEADER ] array (
  'host' => 'www.linguifengs.org',
  'connection' => 'keep-alive',
  'user-agent' => 'Mozilla/5.0 (Windows NT 10.0; WOW64) AppleWebKit/537.36 (KHTML, like Gecko) Chrome/63.0.3239.132 Safari/537.36',
  'accept' => '*/*',
  'referer' => 'http://www.linguifengs.org/',
  'accept-encoding' => 'gzip, deflate',
  'accept-language' => 'zh-CN,zh;q=0.9',
  'cookie' => '__guid=170140326.2988060520119045600.1539331707427.987; thinkphp_show_page_trace=0|0; pgv_pvi=7578516480; pgv_si=s2962487296; monitor_count=41',
)
[ info ] [ PARAM ] array (
)
[ info ] [ LOG ] INIT File
---------------------------------------------------------------
[ 2018-10-12T18:45:41+08:00 ] 127.0.0.1 GET /public/static/js/owl.carousel.min.js
[ info ] www.linguifengs.org/public/static/js/owl.carousel.min.js [运行时间：0.035463s][吞吐率：28.20req/s] [内存消耗：1,435.30kb] [文件加载：42]
[ info ] [ LANG ] D:\lin\MyBlog\thinkphp\lang\zh-cn.php
[ info ] [ ROUTE ] array (
  'type' => 'module',
  'module' => 
  array (
    0 => 'public',
    1 => 'static',
    2 => 'js',
  ),
)
[ info ] [ HEADER ] array (
  'host' => 'www.linguifengs.org',
  'connection' => 'keep-alive',
  'user-agent' => 'Mozilla/5.0 (Windows NT 10.0; WOW64) AppleWebKit/537.36 (KHTML, like Gecko) Chrome/63.0.3239.132 Safari/537.36',
  'accept' => '*/*',
  'referer' => 'http://www.linguifengs.org/',
  'accept-encoding' => 'gzip, deflate',
  'accept-language' => 'zh-CN,zh;q=0.9',
  'cookie' => '__guid=170140326.2988060520119045600.1539331707427.987; thinkphp_show_page_trace=0|0; pgv_pvi=7578516480; pgv_si=s2962487296; monitor_count=41',
)
[ info ] [ PARAM ] array (
)
[ info ] [ LOG ] INIT File
---------------------------------------------------------------
[ 2018-10-12T18:45:41+08:00 ] 127.0.0.1 GET /images/19.jpg
[ info ] www.linguifengs.org/images/19.jpg [运行时间：0.045534s][吞吐率：21.96req/s] [内存消耗：1,435.55kb] [文件加载：42]
[ info ] [ LANG ] D:\lin\MyBlog\thinkphp\lang\zh-cn.php
[ info ] [ ROUTE ] array (
  'type' => 'module',
  'module' => 
  array (
    0 => 'images',
    1 => '19.jpg',
    2 => NULL,
  ),
)
[ info ] [ HEADER ] array (
  'host' => 'www.linguifengs.org',
  'connection' => 'keep-alive',
  'user-agent' => 'Mozilla/5.0 (Windows NT 10.0; WOW64) AppleWebKit/537.36 (KHTML, like Gecko) Chrome/63.0.3239.132 Safari/537.36',
  'accept' => 'image/webp,image/apng,image/*,*/*;q=0.8',
  'referer' => 'http://www.linguifengs.org/',
  'accept-encoding' => 'gzip, deflate',
  'accept-language' => 'zh-CN,zh;q=0.9',
  'cookie' => '__guid=170140326.2988060520119045600.1539331707427.987; thinkphp_show_page_trace=0|0; pgv_pvi=7578516480; pgv_si=s2962487296; monitor_count=41',
)
[ info ] [ PARAM ] array (
)
[ info ] [ LOG ] INIT File
---------------------------------------------------------------
[ 2018-10-12T18:45:41+08:00 ] 127.0.0.1 GET /public/static/js/wow.min.js
[ info ] www.linguifengs.org/public/static/js/wow.min.js [运行时间：0.040046s][吞吐率：24.97req/s] [内存消耗：1,435.35kb] [文件加载：42]
[ info ] [ LANG ] D:\lin\MyBlog\thinkphp\lang\zh-cn.php
[ info ] [ ROUTE ] array (
  'type' => 'module',
  'module' => 
  array (
    0 => 'public',
    1 => 'static',
    2 => 'js',
  ),
)
[ info ] [ HEADER ] array (
  'host' => 'www.linguifengs.org',
  'connection' => 'keep-alive',
  'user-agent' => 'Mozilla/5.0 (Windows NT 10.0; WOW64) AppleWebKit/537.36 (KHTML, like Gecko) Chrome/63.0.3239.132 Safari/537.36',
  'accept' => '*/*',
  'referer' => 'http://www.linguifengs.org/',
  'accept-encoding' => 'gzip, deflate',
  'accept-language' => 'zh-CN,zh;q=0.9',
  'cookie' => '__guid=170140326.2988060520119045600.1539331707427.987; thinkphp_show_page_trace=0|0; pgv_pvi=7578516480; pgv_si=s2962487296; monitor_count=41',
)
[ info ] [ PARAM ] array (
)
[ info ] [ LOG ] INIT File
---------------------------------------------------------------
[ 2018-10-12T18:45:41+08:00 ] 127.0.0.1 GET /images/20.jpg
[ info ] www.linguifengs.org/images/20.jpg [运行时间：0.045538s][吞吐率：21.96req/s] [内存消耗：1,435.55kb] [文件加载：42]
[ info ] [ LANG ] D:\lin\MyBlog\thinkphp\lang\zh-cn.php
[ info ] [ ROUTE ] array (
  'type' => 'module',
  'module' => 
  array (
    0 => 'images',
    1 => '20.jpg',
    2 => NULL,
  ),
)
[ info ] [ HEADER ] array (
  'host' => 'www.linguifengs.org',
  'connection' => 'keep-alive',
  'user-agent' => 'Mozilla/5.0 (Windows NT 10.0; WOW64) AppleWebKit/537.36 (KHTML, like Gecko) Chrome/63.0.3239.132 Safari/537.36',
  'accept' => 'image/webp,image/apng,image/*,*/*;q=0.8',
  'referer' => 'http://www.linguifengs.org/',
  'accept-encoding' => 'gzip, deflate',
  'accept-language' => 'zh-CN,zh;q=0.9',
  'cookie' => '__guid=170140326.2988060520119045600.1539331707427.987; thinkphp_show_page_trace=0|0; pgv_pvi=7578516480; pgv_si=s2962487296; monitor_count=41',
)
[ info ] [ PARAM ] array (
)
[ info ] [ LOG ] INIT File
---------------------------------------------------------------
[ 2018-10-12T18:45:41+08:00 ] 127.0.0.1 GET /public/static/js/lmlblog.js
[ info ] www.linguifengs.org/public/static/js/lmlblog.js [运行时间：0.044211s][吞吐率：22.62req/s] [内存消耗：1,435.35kb] [文件加载：42]
[ info ] [ LANG ] D:\lin\MyBlog\thinkphp\lang\zh-cn.php
[ info ] [ ROUTE ] array (
  'type' => 'module',
  'module' => 
  array (
    0 => 'public',
    1 => 'static',
    2 => 'js',
  ),
)
[ info ] [ HEADER ] array (
  'host' => 'www.linguifengs.org',
  'connection' => 'keep-alive',
  'user-agent' => 'Mozilla/5.0 (Windows NT 10.0; WOW64) AppleWebKit/537.36 (KHTML, like Gecko) Chrome/63.0.3239.132 Safari/537.36',
  'accept' => '*/*',
  'referer' => 'http://www.linguifengs.org/',
  'accept-encoding' => 'gzip, deflate',
  'accept-language' => 'zh-CN,zh;q=0.9',
  'cookie' => '__guid=170140326.2988060520119045600.1539331707427.987; thinkphp_show_page_trace=0|0; pgv_pvi=7578516480; pgv_si=s2962487296; monitor_count=41',
)
[ info ] [ PARAM ] array (
)
[ info ] [ LOG ] INIT File
---------------------------------------------------------------
[ 2018-10-12T18:45:41+08:00 ] 127.0.0.1 GET /images/21.jpg
[ info ] www.linguifengs.org/images/21.jpg [运行时间：0.037561s][吞吐率：26.62req/s] [内存消耗：1,435.55kb] [文件加载：42]
[ info ] [ LANG ] D:\lin\MyBlog\thinkphp\lang\zh-cn.php
[ info ] [ ROUTE ] array (
  'type' => 'module',
  'module' => 
  array (
    0 => 'images',
    1 => '21.jpg',
    2 => NULL,
  ),
)
[ info ] [ HEADER ] array (
  'host' => 'www.linguifengs.org',
  'connection' => 'keep-alive',
  'user-agent' => 'Mozilla/5.0 (Windows NT 10.0; WOW64) AppleWebKit/537.36 (KHTML, like Gecko) Chrome/63.0.3239.132 Safari/537.36',
  'accept' => 'image/webp,image/apng,image/*,*/*;q=0.8',
  'referer' => 'http://www.linguifengs.org/',
  'accept-encoding' => 'gzip, deflate',
  'accept-language' => 'zh-CN,zh;q=0.9',
  'cookie' => '__guid=170140326.2988060520119045600.1539331707427.987; thinkphp_show_page_trace=0|0; pgv_pvi=7578516480; pgv_si=s2962487296; monitor_count=41',
)
[ info ] [ PARAM ] array (
)
[ info ] [ LOG ] INIT File
---------------------------------------------------------------
[ 2018-10-12T18:45:41+08:00 ] 127.0.0.1 GET /images/1.jpg
[ info ] www.linguifengs.org/images/1.jpg [运行时间：0.034754s][吞吐率：28.77req/s] [内存消耗：1,435.45kb] [文件加载：42]
[ info ] [ LANG ] D:\lin\MyBlog\thinkphp\lang\zh-cn.php
[ info ] [ ROUTE ] array (
  'type' => 'module',
  'module' => 
  array (
    0 => 'images',
    1 => '1.jpg',
    2 => NULL,
  ),
)
[ info ] [ HEADER ] array (
  'host' => 'www.linguifengs.org',
  'connection' => 'keep-alive',
  'user-agent' => 'Mozilla/5.0 (Windows NT 10.0; WOW64) AppleWebKit/537.36 (KHTML, like Gecko) Chrome/63.0.3239.132 Safari/537.36',
  'accept' => 'image/webp,image/apng,image/*,*/*;q=0.8',
  'referer' => 'http://www.linguifengs.org/',
  'accept-encoding' => 'gzip, deflate',
  'accept-language' => 'zh-CN,zh;q=0.9',
  'cookie' => '__guid=170140326.2988060520119045600.1539331707427.987; thinkphp_show_page_trace=0|0; pgv_pvi=7578516480; pgv_si=s2962487296; monitor_count=41',
)
[ info ] [ PARAM ] array (
)
[ info ] [ LOG ] INIT File
---------------------------------------------------------------
[ 2018-10-12T18:45:41+08:00 ] 127.0.0.1 GET /images/wo.jpg
[ info ] www.linguifengs.org/images/wo.jpg [运行时间：0.037592s][吞吐率：26.60req/s] [内存消耗：1,435.55kb] [文件加载：42]
[ info ] [ LANG ] D:\lin\MyBlog\thinkphp\lang\zh-cn.php
[ info ] [ ROUTE ] array (
  'type' => 'module',
  'module' => 
  array (
    0 => 'images',
    1 => 'wo.jpg',
    2 => NULL,
  ),
)
[ info ] [ HEADER ] array (
  'host' => 'www.linguifengs.org',
  'connection' => 'keep-alive',
  'user-agent' => 'Mozilla/5.0 (Windows NT 10.0; WOW64) AppleWebKit/537.36 (KHTML, like Gecko) Chrome/63.0.3239.132 Safari/537.36',
  'accept' => 'image/webp,image/apng,image/*,*/*;q=0.8',
  'referer' => 'http://www.linguifengs.org/',
  'accept-encoding' => 'gzip, deflate',
  'accept-language' => 'zh-CN,zh;q=0.9',
  'cookie' => '__guid=170140326.2988060520119045600.1539331707427.987; thinkphp_show_page_trace=0|0; pgv_pvi=7578516480; pgv_si=s2962487296; monitor_count=41',
)
[ info ] [ PARAM ] array (
)
[ info ] [ LOG ] INIT File
---------------------------------------------------------------
[ 2018-10-12T18:45:41+08:00 ] 127.0.0.1 GET /images/2.jpg
[ info ] www.linguifengs.org/images/2.jpg [运行时间：0.042131s][吞吐率：23.74req/s] [内存消耗：1,435.45kb] [文件加载：42]
[ info ] [ LANG ] D:\lin\MyBlog\thinkphp\lang\zh-cn.php
[ info ] [ ROUTE ] array (
  'type' => 'module',
  'module' => 
  array (
    0 => 'images',
    1 => '2.jpg',
    2 => NULL,
  ),
)
[ info ] [ HEADER ] array (
  'host' => 'www.linguifengs.org',
  'connection' => 'keep-alive',
  'user-agent' => 'Mozilla/5.0 (Windows NT 10.0; WOW64) AppleWebKit/537.36 (KHTML, like Gecko) Chrome/63.0.3239.132 Safari/537.36',
  'accept' => 'image/webp,image/apng,image/*,*/*;q=0.8',
  'referer' => 'http://www.linguifengs.org/',
  'accept-encoding' => 'gzip, deflate',
  'accept-language' => 'zh-CN,zh;q=0.9',
  'cookie' => '__guid=170140326.2988060520119045600.1539331707427.987; thinkphp_show_page_trace=0|0; pgv_pvi=7578516480; pgv_si=s2962487296; monitor_count=41',
)
[ info ] [ PARAM ] array (
)
[ info ] [ LOG ] INIT File
---------------------------------------------------------------
[ 2018-10-12T18:45:41+08:00 ] 127.0.0.1 GET /images/4.jpg
[ info ] www.linguifengs.org/images/4.jpg [运行时间：0.051655s][吞吐率：19.36req/s] [内存消耗：1,435.45kb] [文件加载：42]
[ info ] [ LANG ] D:\lin\MyBlog\thinkphp\lang\zh-cn.php
[ info ] [ ROUTE ] array (
  'type' => 'module',
  'module' => 
  array (
    0 => 'images',
    1 => '4.jpg',
    2 => NULL,
  ),
)
[ info ] [ HEADER ] array (
  'host' => 'www.linguifengs.org',
  'connection' => 'keep-alive',
  'user-agent' => 'Mozilla/5.0 (Windows NT 10.0; WOW64) AppleWebKit/537.36 (KHTML, like Gecko) Chrome/63.0.3239.132 Safari/537.36',
  'accept' => 'image/webp,image/apng,image/*,*/*;q=0.8',
  'referer' => 'http://www.linguifengs.org/',
  'accept-encoding' => 'gzip, deflate',
  'accept-language' => 'zh-CN,zh;q=0.9',
  'cookie' => '__guid=170140326.2988060520119045600.1539331707427.987; thinkphp_show_page_trace=0|0; pgv_pvi=7578516480; pgv_si=s2962487296; monitor_count=41',
)
[ info ] [ PARAM ] array (
)
[ info ] [ LOG ] INIT File
---------------------------------------------------------------
[ 2018-10-12T18:45:41+08:00 ] 127.0.0.1 GET /images/5.jpg
[ info ] www.linguifengs.org/images/5.jpg [运行时间：0.052287s][吞吐率：19.13req/s] [内存消耗：1,435.45kb] [文件加载：42]
[ info ] [ LANG ] D:\lin\MyBlog\thinkphp\lang\zh-cn.php
[ info ] [ ROUTE ] array (
  'type' => 'module',
  'module' => 
  array (
    0 => 'images',
    1 => '5.jpg',
    2 => NULL,
  ),
)
[ info ] [ HEADER ] array (
  'host' => 'www.linguifengs.org',
  'connection' => 'keep-alive',
  'user-agent' => 'Mozilla/5.0 (Windows NT 10.0; WOW64) AppleWebKit/537.36 (KHTML, like Gecko) Chrome/63.0.3239.132 Safari/537.36',
  'accept' => 'image/webp,image/apng,image/*,*/*;q=0.8',
  'referer' => 'http://www.linguifengs.org/',
  'accept-encoding' => 'gzip, deflate',
  'accept-language' => 'zh-CN,zh;q=0.9',
  'cookie' => '__guid=170140326.2988060520119045600.1539331707427.987; thinkphp_show_page_trace=0|0; pgv_pvi=7578516480; pgv_si=s2962487296; monitor_count=41',
)
[ info ] [ PARAM ] array (
)
[ info ] [ LOG ] INIT File
---------------------------------------------------------------
[ 2018-10-12T18:45:41+08:00 ] 127.0.0.1 GET /images/3.jpg
[ info ] www.linguifengs.org/images/3.jpg [运行时间：0.066326s][吞吐率：15.08req/s] [内存消耗：1,435.45kb] [文件加载：42]
[ info ] [ LANG ] D:\lin\MyBlog\thinkphp\lang\zh-cn.php
[ info ] [ ROUTE ] array (
  'type' => 'module',
  'module' => 
  array (
    0 => 'images',
    1 => '3.jpg',
    2 => NULL,
  ),
)
[ info ] [ HEADER ] array (
  'host' => 'www.linguifengs.org',
  'connection' => 'keep-alive',
  'user-agent' => 'Mozilla/5.0 (Windows NT 10.0; WOW64) AppleWebKit/537.36 (KHTML, like Gecko) Chrome/63.0.3239.132 Safari/537.36',
  'accept' => 'image/webp,image/apng,image/*,*/*;q=0.8',
  'referer' => 'http://www.linguifengs.org/',
  'accept-encoding' => 'gzip, deflate',
  'accept-language' => 'zh-CN,zh;q=0.9',
  'cookie' => '__guid=170140326.2988060520119045600.1539331707427.987; thinkphp_show_page_trace=0|0; pgv_pvi=7578516480; pgv_si=s2962487296; monitor_count=41',
)
[ info ] [ PARAM ] array (
)
[ info ] [ LOG ] INIT File
---------------------------------------------------------------
[ 2018-10-12T18:45:41+08:00 ] 127.0.0.1 GET /images/6.jpg
[ info ] www.linguifengs.org/images/6.jpg [运行时间：0.059026s][吞吐率：16.94req/s] [内存消耗：1,435.45kb] [文件加载：42]
[ info ] [ LANG ] D:\lin\MyBlog\thinkphp\lang\zh-cn.php
[ info ] [ ROUTE ] array (
  'type' => 'module',
  'module' => 
  array (
    0 => 'images',
    1 => '6.jpg',
    2 => NULL,
  ),
)
[ info ] [ HEADER ] array (
  'host' => 'www.linguifengs.org',
  'connection' => 'keep-alive',
  'user-agent' => 'Mozilla/5.0 (Windows NT 10.0; WOW64) AppleWebKit/537.36 (KHTML, like Gecko) Chrome/63.0.3239.132 Safari/537.36',
  'accept' => 'image/webp,image/apng,image/*,*/*;q=0.8',
  'referer' => 'http://www.linguifengs.org/',
  'accept-encoding' => 'gzip, deflate',
  'accept-language' => 'zh-CN,zh;q=0.9',
  'cookie' => '__guid=170140326.2988060520119045600.1539331707427.987; thinkphp_show_page_trace=0|0; pgv_pvi=7578516480; pgv_si=s2962487296; monitor_count=41',
)
[ info ] [ PARAM ] array (
)
[ info ] [ LOG ] INIT File
---------------------------------------------------------------
[ 2018-10-12T18:45:41+08:00 ] 127.0.0.1 GET /images/8.jpg
[ info ] www.linguifengs.org/images/8.jpg [运行时间：0.048163s][吞吐率：20.76req/s] [内存消耗：1,435.45kb] [文件加载：42]
[ info ] [ LANG ] D:\lin\MyBlog\thinkphp\lang\zh-cn.php
[ info ] [ ROUTE ] array (
  'type' => 'module',
  'module' => 
  array (
    0 => 'images',
    1 => '8.jpg',
    2 => NULL,
  ),
)
[ info ] [ HEADER ] array (
  'host' => 'www.linguifengs.org',
  'connection' => 'keep-alive',
  'user-agent' => 'Mozilla/5.0 (Windows NT 10.0; WOW64) AppleWebKit/537.36 (KHTML, like Gecko) Chrome/63.0.3239.132 Safari/537.36',
  'accept' => 'image/webp,image/apng,image/*,*/*;q=0.8',
  'referer' => 'http://www.linguifengs.org/',
  'accept-encoding' => 'gzip, deflate',
  'accept-language' => 'zh-CN,zh;q=0.9',
  'cookie' => '__guid=170140326.2988060520119045600.1539331707427.987; thinkphp_show_page_trace=0|0; pgv_pvi=7578516480; pgv_si=s2962487296; monitor_count=41',
)
[ info ] [ PARAM ] array (
)
[ info ] [ LOG ] INIT File
---------------------------------------------------------------
[ 2018-10-12T18:45:41+08:00 ] 127.0.0.1 GET /images/9.jpg
[ info ] www.linguifengs.org/images/9.jpg [运行时间：0.045315s][吞吐率：22.07req/s] [内存消耗：1,435.45kb] [文件加载：42]
[ info ] [ LANG ] D:\lin\MyBlog\thinkphp\lang\zh-cn.php
[ info ] [ ROUTE ] array (
  'type' => 'module',
  'module' => 
  array (
    0 => 'images',
    1 => '9.jpg',
    2 => NULL,
  ),
)
[ info ] [ HEADER ] array (
  'host' => 'www.linguifengs.org',
  'connection' => 'keep-alive',
  'user-agent' => 'Mozilla/5.0 (Windows NT 10.0; WOW64) AppleWebKit/537.36 (KHTML, like Gecko) Chrome/63.0.3239.132 Safari/537.36',
  'accept' => 'image/webp,image/apng,image/*,*/*;q=0.8',
  'referer' => 'http://www.linguifengs.org/',
  'accept-encoding' => 'gzip, deflate',
  'accept-language' => 'zh-CN,zh;q=0.9',
  'cookie' => '__guid=170140326.2988060520119045600.1539331707427.987; thinkphp_show_page_trace=0|0; pgv_pvi=7578516480; pgv_si=s2962487296; monitor_count=41',
)
[ info ] [ PARAM ] array (
)
[ info ] [ LOG ] INIT File
---------------------------------------------------------------
[ 2018-10-12T18:45:41+08:00 ] 127.0.0.1 GET /images/11.jpg
[ info ] www.linguifengs.org/images/11.jpg [运行时间：0.041652s][吞吐率：24.01req/s] [内存消耗：1,435.55kb] [文件加载：42]
[ info ] [ LANG ] D:\lin\MyBlog\thinkphp\lang\zh-cn.php
[ info ] [ ROUTE ] array (
  'type' => 'module',
  'module' => 
  array (
    0 => 'images',
    1 => '11.jpg',
    2 => NULL,
  ),
)
[ info ] [ HEADER ] array (
  'host' => 'www.linguifengs.org',
  'connection' => 'keep-alive',
  'user-agent' => 'Mozilla/5.0 (Windows NT 10.0; WOW64) AppleWebKit/537.36 (KHTML, like Gecko) Chrome/63.0.3239.132 Safari/537.36',
  'accept' => 'image/webp,image/apng,image/*,*/*;q=0.8',
  'referer' => 'http://www.linguifengs.org/',
  'accept-encoding' => 'gzip, deflate',
  'accept-language' => 'zh-CN,zh;q=0.9',
  'cookie' => '__guid=170140326.2988060520119045600.1539331707427.987; thinkphp_show_page_trace=0|0; pgv_pvi=7578516480; pgv_si=s2962487296; monitor_count=41',
)
[ info ] [ PARAM ] array (
)
[ info ] [ LOG ] INIT File
---------------------------------------------------------------
[ 2018-10-12T18:45:41+08:00 ] 127.0.0.1 GET /images/13.jpg
[ info ] www.linguifengs.org/images/13.jpg [运行时间：0.034933s][吞吐率：28.63req/s] [内存消耗：1,435.55kb] [文件加载：42]
[ info ] [ LANG ] D:\lin\MyBlog\thinkphp\lang\zh-cn.php
[ info ] [ ROUTE ] array (
  'type' => 'module',
  'module' => 
  array (
    0 => 'images',
    1 => '13.jpg',
    2 => NULL,
  ),
)
[ info ] [ HEADER ] array (
  'host' => 'www.linguifengs.org',
  'connection' => 'keep-alive',
  'user-agent' => 'Mozilla/5.0 (Windows NT 10.0; WOW64) AppleWebKit/537.36 (KHTML, like Gecko) Chrome/63.0.3239.132 Safari/537.36',
  'accept' => 'image/webp,image/apng,image/*,*/*;q=0.8',
  'referer' => 'http://www.linguifengs.org/',
  'accept-encoding' => 'gzip, deflate',
  'accept-language' => 'zh-CN,zh;q=0.9',
  'cookie' => '__guid=170140326.2988060520119045600.1539331707427.987; thinkphp_show_page_trace=0|0; pgv_pvi=7578516480; pgv_si=s2962487296; monitor_count=41',
)
[ info ] [ PARAM ] array (
)
[ info ] [ LOG ] INIT File
---------------------------------------------------------------
[ 2018-10-12T18:45:41+08:00 ] 127.0.0.1 GET /images/14.jpg
[ info ] www.linguifengs.org/images/14.jpg [运行时间：0.036496s][吞吐率：27.40req/s] [内存消耗：1,435.55kb] [文件加载：42]
[ info ] [ LANG ] D:\lin\MyBlog\thinkphp\lang\zh-cn.php
[ info ] [ ROUTE ] array (
  'type' => 'module',
  'module' => 
  array (
    0 => 'images',
    1 => '14.jpg',
    2 => NULL,
  ),
)
[ info ] [ HEADER ] array (
  'host' => 'www.linguifengs.org',
  'connection' => 'keep-alive',
  'user-agent' => 'Mozilla/5.0 (Windows NT 10.0; WOW64) AppleWebKit/537.36 (KHTML, like Gecko) Chrome/63.0.3239.132 Safari/537.36',
  'accept' => 'image/webp,image/apng,image/*,*/*;q=0.8',
  'referer' => 'http://www.linguifengs.org/',
  'accept-encoding' => 'gzip, deflate',
  'accept-language' => 'zh-CN,zh;q=0.9',
  'cookie' => '__guid=170140326.2988060520119045600.1539331707427.987; thinkphp_show_page_trace=0|0; pgv_pvi=7578516480; pgv_si=s2962487296; monitor_count=41',
)
[ info ] [ PARAM ] array (
)
[ info ] [ LOG ] INIT File
---------------------------------------------------------------
[ 2018-10-12T18:45:41+08:00 ] 127.0.0.1 GET /images/12.jpg
[ info ] www.linguifengs.org/images/12.jpg [运行时间：0.055282s][吞吐率：18.09req/s] [内存消耗：1,435.55kb] [文件加载：42]
[ info ] [ LANG ] D:\lin\MyBlog\thinkphp\lang\zh-cn.php
[ info ] [ ROUTE ] array (
  'type' => 'module',
  'module' => 
  array (
    0 => 'images',
    1 => '12.jpg',
    2 => NULL,
  ),
)
[ info ] [ HEADER ] array (
  'host' => 'www.linguifengs.org',
  'connection' => 'keep-alive',
  'user-agent' => 'Mozilla/5.0 (Windows NT 10.0; WOW64) AppleWebKit/537.36 (KHTML, like Gecko) Chrome/63.0.3239.132 Safari/537.36',
  'accept' => 'image/webp,image/apng,image/*,*/*;q=0.8',
  'referer' => 'http://www.linguifengs.org/',
  'accept-encoding' => 'gzip, deflate',
  'accept-language' => 'zh-CN,zh;q=0.9',
  'cookie' => '__guid=170140326.2988060520119045600.1539331707427.987; thinkphp_show_page_trace=0|0; pgv_pvi=7578516480; pgv_si=s2962487296; monitor_count=41',
)
[ info ] [ PARAM ] array (
)
[ info ] [ LOG ] INIT File
---------------------------------------------------------------
[ 2018-10-12T18:45:41+08:00 ] 127.0.0.1 GET /images/10.jpg
[ info ] www.linguifengs.org/images/10.jpg [运行时间：0.077322s][吞吐率：12.93req/s] [内存消耗：1,435.55kb] [文件加载：42]
[ info ] [ LANG ] D:\lin\MyBlog\thinkphp\lang\zh-cn.php
[ info ] [ ROUTE ] array (
  'type' => 'module',
  'module' => 
  array (
    0 => 'images',
    1 => '10.jpg',
    2 => NULL,
  ),
)
[ info ] [ HEADER ] array (
  'host' => 'www.linguifengs.org',
  'connection' => 'keep-alive',
  'user-agent' => 'Mozilla/5.0 (Windows NT 10.0; WOW64) AppleWebKit/537.36 (KHTML, like Gecko) Chrome/63.0.3239.132 Safari/537.36',
  'accept' => 'image/webp,image/apng,image/*,*/*;q=0.8',
  'referer' => 'http://www.linguifengs.org/',
  'accept-encoding' => 'gzip, deflate',
  'accept-language' => 'zh-CN,zh;q=0.9',
  'cookie' => '__guid=170140326.2988060520119045600.1539331707427.987; thinkphp_show_page_trace=0|0; pgv_pvi=7578516480; pgv_si=s2962487296; monitor_count=41',
)
[ info ] [ PARAM ] array (
)
[ info ] [ LOG ] INIT File
---------------------------------------------------------------
[ 2018-10-12T18:45:41+08:00 ] 127.0.0.1 GET /images/15.jpg
[ info ] www.linguifengs.org/images/15.jpg [运行时间：0.040930s][吞吐率：24.43req/s] [内存消耗：1,435.55kb] [文件加载：42]
[ info ] [ LANG ] D:\lin\MyBlog\thinkphp\lang\zh-cn.php
[ info ] [ ROUTE ] array (
  'type' => 'module',
  'module' => 
  array (
    0 => 'images',
    1 => '15.jpg',
    2 => NULL,
  ),
)
[ info ] [ HEADER ] array (
  'host' => 'www.linguifengs.org',
  'connection' => 'keep-alive',
  'user-agent' => 'Mozilla/5.0 (Windows NT 10.0; WOW64) AppleWebKit/537.36 (KHTML, like Gecko) Chrome/63.0.3239.132 Safari/537.36',
  'accept' => 'image/webp,image/apng,image/*,*/*;q=0.8',
  'referer' => 'http://www.linguifengs.org/',
  'accept-encoding' => 'gzip, deflate',
  'accept-language' => 'zh-CN,zh;q=0.9',
  'cookie' => '__guid=170140326.2988060520119045600.1539331707427.987; thinkphp_show_page_trace=0|0; pgv_pvi=7578516480; pgv_si=s2962487296; monitor_count=41',
)
[ info ] [ PARAM ] array (
)
[ info ] [ LOG ] INIT File
---------------------------------------------------------------
[ 2018-10-12T18:45:41+08:00 ] 127.0.0.1 GET /images/16.jpg
[ info ] www.linguifengs.org/images/16.jpg [运行时间：0.038171s][吞吐率：26.20req/s] [内存消耗：1,435.55kb] [文件加载：42]
[ info ] [ LANG ] D:\lin\MyBlog\thinkphp\lang\zh-cn.php
[ info ] [ ROUTE ] array (
  'type' => 'module',
  'module' => 
  array (
    0 => 'images',
    1 => '16.jpg',
    2 => NULL,
  ),
)
[ info ] [ HEADER ] array (
  'host' => 'www.linguifengs.org',
  'connection' => 'keep-alive',
  'user-agent' => 'Mozilla/5.0 (Windows NT 10.0; WOW64) AppleWebKit/537.36 (KHTML, like Gecko) Chrome/63.0.3239.132 Safari/537.36',
  'accept' => 'image/webp,image/apng,image/*,*/*;q=0.8',
  'referer' => 'http://www.linguifengs.org/',
  'accept-encoding' => 'gzip, deflate',
  'accept-language' => 'zh-CN,zh;q=0.9',
  'cookie' => '__guid=170140326.2988060520119045600.1539331707427.987; thinkphp_show_page_trace=0|0; pgv_pvi=7578516480; pgv_si=s2962487296; monitor_count=41',
)
[ info ] [ PARAM ] array (
)
[ info ] [ LOG ] INIT File
---------------------------------------------------------------
[ 2018-10-12T18:45:41+08:00 ] 127.0.0.1 GET /images/b1.jpg
[ info ] www.linguifengs.org/images/b1.jpg [运行时间：0.042655s][吞吐率：23.44req/s] [内存消耗：1,435.55kb] [文件加载：42]
[ info ] [ LANG ] D:\lin\MyBlog\thinkphp\lang\zh-cn.php
[ info ] [ ROUTE ] array (
  'type' => 'module',
  'module' => 
  array (
    0 => 'images',
    1 => 'b1.jpg',
    2 => NULL,
  ),
)
[ info ] [ HEADER ] array (
  'host' => 'www.linguifengs.org',
  'connection' => 'keep-alive',
  'user-agent' => 'Mozilla/5.0 (Windows NT 10.0; WOW64) AppleWebKit/537.36 (KHTML, like Gecko) Chrome/63.0.3239.132 Safari/537.36',
  'accept' => 'image/webp,image/apng,image/*,*/*;q=0.8',
  'referer' => 'http://www.linguifengs.org/',
  'accept-encoding' => 'gzip, deflate',
  'accept-language' => 'zh-CN,zh;q=0.9',
  'cookie' => '__guid=170140326.2988060520119045600.1539331707427.987; thinkphp_show_page_trace=0|0; pgv_pvi=7578516480; pgv_si=s2962487296; monitor_count=41',
)
[ info ] [ PARAM ] array (
)
[ info ] [ LOG ] INIT File
---------------------------------------------------------------
[ 2018-10-12T18:45:41+08:00 ] 127.0.0.1 GET /images/18.jpg
[ info ] www.linguifengs.org/images/18.jpg [运行时间：0.034638s][吞吐率：28.87req/s] [内存消耗：1,435.55kb] [文件加载：42]
[ info ] [ LANG ] D:\lin\MyBlog\thinkphp\lang\zh-cn.php
[ info ] [ ROUTE ] array (
  'type' => 'module',
  'module' => 
  array (
    0 => 'images',
    1 => '18.jpg',
    2 => NULL,
  ),
)
[ info ] [ HEADER ] array (
  'host' => 'www.linguifengs.org',
  'connection' => 'keep-alive',
  'user-agent' => 'Mozilla/5.0 (Windows NT 10.0; WOW64) AppleWebKit/537.36 (KHTML, like Gecko) Chrome/63.0.3239.132 Safari/537.36',
  'accept' => 'image/webp,image/apng,image/*,*/*;q=0.8',
  'referer' => 'http://www.linguifengs.org/',
  'accept-encoding' => 'gzip, deflate',
  'accept-language' => 'zh-CN,zh;q=0.9',
  'cookie' => '__guid=170140326.2988060520119045600.1539331707427.987; thinkphp_show_page_trace=0|0; pgv_pvi=7578516480; pgv_si=s2962487296; monitor_count=41',
)
[ info ] [ PARAM ] array (
)
[ info ] [ LOG ] INIT File
---------------------------------------------------------------
[ 2018-10-12T18:45:41+08:00 ] 127.0.0.1 GET /images/17.jpg
[ info ] www.linguifengs.org/images/17.jpg [运行时间：0.045456s][吞吐率：22.00req/s] [内存消耗：1,435.55kb] [文件加载：42]
[ info ] [ LANG ] D:\lin\MyBlog\thinkphp\lang\zh-cn.php
[ info ] [ ROUTE ] array (
  'type' => 'module',
  'module' => 
  array (
    0 => 'images',
    1 => '17.jpg',
    2 => NULL,
  ),
)
[ info ] [ HEADER ] array (
  'host' => 'www.linguifengs.org',
  'connection' => 'keep-alive',
  'user-agent' => 'Mozilla/5.0 (Windows NT 10.0; WOW64) AppleWebKit/537.36 (KHTML, like Gecko) Chrome/63.0.3239.132 Safari/537.36',
  'accept' => 'image/webp,image/apng,image/*,*/*;q=0.8',
  'referer' => 'http://www.linguifengs.org/',
  'accept-encoding' => 'gzip, deflate',
  'accept-language' => 'zh-CN,zh;q=0.9',
  'cookie' => '__guid=170140326.2988060520119045600.1539331707427.987; thinkphp_show_page_trace=0|0; pgv_pvi=7578516480; pgv_si=s2962487296; monitor_count=41',
)
[ info ] [ PARAM ] array (
)
[ info ] [ LOG ] INIT File
---------------------------------------------------------------
[ 2018-10-12T18:45:41+08:00 ] 127.0.0.1 GET /public/static/js/owl.carousel.min.js
[ info ] www.linguifengs.org/public/static/js/owl.carousel.min.js [运行时间：0.033589s][吞吐率：29.77req/s] [内存消耗：1,435.28kb] [文件加载：42]
[ info ] [ LANG ] D:\lin\MyBlog\thinkphp\lang\zh-cn.php
[ info ] [ ROUTE ] array (
  'type' => 'module',
  'module' => 
  array (
    0 => 'public',
    1 => 'static',
    2 => 'js',
  ),
)
[ info ] [ HEADER ] array (
  'host' => 'www.linguifengs.org',
  'connection' => 'keep-alive',
  'user-agent' => 'Mozilla/5.0 (Windows NT 10.0; WOW64) AppleWebKit/537.36 (KHTML, like Gecko) Chrome/63.0.3239.132 Safari/537.36',
  'accept' => '*/*',
  'referer' => 'http://www.linguifengs.org/',
  'accept-encoding' => 'gzip, deflate',
  'accept-language' => 'zh-CN,zh;q=0.9',
  'cookie' => '__guid=170140326.2988060520119045600.1539331707427.987; thinkphp_show_page_trace=0|0; pgv_pvi=7578516480; pgv_si=s2962487296; monitor_count=41',
)
[ info ] [ PARAM ] array (
)
[ info ] [ LOG ] INIT File
---------------------------------------------------------------
[ 2018-10-12T18:45:42+08:00 ] 127.0.0.1 GET /public/static/js/wow.min.js
[ info ] www.linguifengs.org/public/static/js/wow.min.js [运行时间：0.039726s][吞吐率：25.17req/s] [内存消耗：1,435.35kb] [文件加载：42]
[ info ] [ LANG ] D:\lin\MyBlog\thinkphp\lang\zh-cn.php
[ info ] [ ROUTE ] array (
  'type' => 'module',
  'module' => 
  array (
    0 => 'public',
    1 => 'static',
    2 => 'js',
  ),
)
[ info ] [ HEADER ] array (
  'host' => 'www.linguifengs.org',
  'connection' => 'keep-alive',
  'user-agent' => 'Mozilla/5.0 (Windows NT 10.0; WOW64) AppleWebKit/537.36 (KHTML, like Gecko) Chrome/63.0.3239.132 Safari/537.36',
  'accept' => '*/*',
  'referer' => 'http://www.linguifengs.org/',
  'accept-encoding' => 'gzip, deflate',
  'accept-language' => 'zh-CN,zh;q=0.9',
  'cookie' => '__guid=170140326.2988060520119045600.1539331707427.987; thinkphp_show_page_trace=0|0; pgv_pvi=7578516480; pgv_si=s2962487296; monitor_count=41',
)
[ info ] [ PARAM ] array (
)
[ info ] [ LOG ] INIT File
---------------------------------------------------------------
[ 2018-10-12T18:48:00+08:00 ] 127.0.0.1 GET /
[ info ] www.linguifengs.org/ [运行时间：0.055773s][吞吐率：17.93req/s] [内存消耗：1,900.05kb] [文件加载：50]
[ info ] [ LANG ] D:\lin\MyBlog\thinkphp\lang\zh-cn.php
[ info ] [ ROUTE ] array (
  'type' => 'module',
  'module' => 
  array (
    0 => '',
    1 => NULL,
    2 => NULL,
  ),
)
[ info ] [ HEADER ] array (
  'host' => 'www.linguifengs.org',
  'connection' => 'keep-alive',
  'cache-control' => 'max-age=0',
  'upgrade-insecure-requests' => '1',
  'user-agent' => 'Mozilla/5.0 (Windows NT 10.0; WOW64) AppleWebKit/537.36 (KHTML, like Gecko) Chrome/63.0.3239.132 Safari/537.36',
  'accept' => 'text/html,application/xhtml+xml,application/xml;q=0.9,image/webp,image/apng,*/*;q=0.8',
  'accept-encoding' => 'gzip, deflate',
  'accept-language' => 'zh-CN,zh;q=0.9',
  'cookie' => '__guid=170140326.2988060520119045600.1539331707427.987; thinkphp_show_page_trace=0|0; pgv_pvi=7578516480; pgv_si=s2962487296; monitor_count=41',
)
[ info ] [ PARAM ] array (
)
[ info ] [ RUN ] app\index\controller\Index->index[ D:\lin\MyBlog\application\index\controller\Index.php ]
[ info ] [ VIEW ] D:\lin\MyBlog\public/../application/index\view\index\index.html [ array (
) ]
[ info ] [ LOG ] INIT File
---------------------------------------------------------------
[ 2018-10-12T18:48:00+08:00 ] 127.0.0.1 GET /images/19.jpg
[ info ] www.linguifengs.org/images/19.jpg [运行时间：0.048180s][吞吐率：20.76req/s] [内存消耗：1,435.55kb] [文件加载：42]
[ info ] [ LANG ] D:\lin\MyBlog\thinkphp\lang\zh-cn.php
[ info ] [ ROUTE ] array (
  'type' => 'module',
  'module' => 
  array (
    0 => 'images',
    1 => '19.jpg',
    2 => NULL,
  ),
)
[ info ] [ HEADER ] array (
  'host' => 'www.linguifengs.org',
  'connection' => 'keep-alive',
  'user-agent' => 'Mozilla/5.0 (Windows NT 10.0; WOW64) AppleWebKit/537.36 (KHTML, like Gecko) Chrome/63.0.3239.132 Safari/537.36',
  'accept' => 'image/webp,image/apng,image/*,*/*;q=0.8',
  'referer' => 'http://www.linguifengs.org/',
  'accept-encoding' => 'gzip, deflate',
  'accept-language' => 'zh-CN,zh;q=0.9',
  'cookie' => '__guid=170140326.2988060520119045600.1539331707427.987; thinkphp_show_page_trace=0|0; pgv_pvi=7578516480; pgv_si=s2962487296; monitor_count=42',
)
[ info ] [ PARAM ] array (
)
[ info ] [ LOG ] INIT File
---------------------------------------------------------------
[ 2018-10-12T18:48:00+08:00 ] 127.0.0.1 GET /images/2.jpg
[ info ] www.linguifengs.org/images/2.jpg [运行时间：0.047479s][吞吐率：21.06req/s] [内存消耗：1,435.45kb] [文件加载：42]
[ info ] [ LANG ] D:\lin\MyBlog\thinkphp\lang\zh-cn.php
[ info ] [ ROUTE ] array (
  'type' => 'module',
  'module' => 
  array (
    0 => 'images',
    1 => '2.jpg',
    2 => NULL,
  ),
)
[ info ] [ HEADER ] array (
  'host' => 'www.linguifengs.org',
  'connection' => 'keep-alive',
  'user-agent' => 'Mozilla/5.0 (Windows NT 10.0; WOW64) AppleWebKit/537.36 (KHTML, like Gecko) Chrome/63.0.3239.132 Safari/537.36',
  'accept' => 'image/webp,image/apng,image/*,*/*;q=0.8',
  'referer' => 'http://www.linguifengs.org/',
  'accept-encoding' => 'gzip, deflate',
  'accept-language' => 'zh-CN,zh;q=0.9',
  'cookie' => '__guid=170140326.2988060520119045600.1539331707427.987; thinkphp_show_page_trace=0|0; pgv_pvi=7578516480; pgv_si=s2962487296; monitor_count=42',
)
[ info ] [ PARAM ] array (
)
[ info ] [ LOG ] INIT File
---------------------------------------------------------------
[ 2018-10-12T18:48:00+08:00 ] 127.0.0.1 GET /images/wo.jpg
[ info ] www.linguifengs.org/images/wo.jpg [运行时间：0.047216s][吞吐率：21.18req/s] [内存消耗：1,435.55kb] [文件加载：42]
[ info ] [ LANG ] D:\lin\MyBlog\thinkphp\lang\zh-cn.php
[ info ] [ ROUTE ] array (
  'type' => 'module',
  'module' => 
  array (
    0 => 'images',
    1 => 'wo.jpg',
    2 => NULL,
  ),
)
[ info ] [ HEADER ] array (
  'host' => 'www.linguifengs.org',
  'connection' => 'keep-alive',
  'user-agent' => 'Mozilla/5.0 (Windows NT 10.0; WOW64) AppleWebKit/537.36 (KHTML, like Gecko) Chrome/63.0.3239.132 Safari/537.36',
  'accept' => 'image/webp,image/apng,image/*,*/*;q=0.8',
  'referer' => 'http://www.linguifengs.org/',
  'accept-encoding' => 'gzip, deflate',
  'accept-language' => 'zh-CN,zh;q=0.9',
  'cookie' => '__guid=170140326.2988060520119045600.1539331707427.987; thinkphp_show_page_trace=0|0; pgv_pvi=7578516480; pgv_si=s2962487296; monitor_count=42',
)
[ info ] [ PARAM ] array (
)
[ info ] [ LOG ] INIT File
---------------------------------------------------------------
[ 2018-10-12T18:48:00+08:00 ] 127.0.0.1 GET /images/20.jpg
[ info ] www.linguifengs.org/images/20.jpg [运行时间：0.050966s][吞吐率：19.62req/s] [内存消耗：1,435.55kb] [文件加载：42]
[ info ] [ LANG ] D:\lin\MyBlog\thinkphp\lang\zh-cn.php
[ info ] [ ROUTE ] array (
  'type' => 'module',
  'module' => 
  array (
    0 => 'images',
    1 => '20.jpg',
    2 => NULL,
  ),
)
[ info ] [ HEADER ] array (
  'host' => 'www.linguifengs.org',
  'connection' => 'keep-alive',
  'user-agent' => 'Mozilla/5.0 (Windows NT 10.0; WOW64) AppleWebKit/537.36 (KHTML, like Gecko) Chrome/63.0.3239.132 Safari/537.36',
  'accept' => 'image/webp,image/apng,image/*,*/*;q=0.8',
  'referer' => 'http://www.linguifengs.org/',
  'accept-encoding' => 'gzip, deflate',
  'accept-language' => 'zh-CN,zh;q=0.9',
  'cookie' => '__guid=170140326.2988060520119045600.1539331707427.987; thinkphp_show_page_trace=0|0; pgv_pvi=7578516480; pgv_si=s2962487296; monitor_count=42',
)
[ info ] [ PARAM ] array (
)
[ info ] [ LOG ] INIT File
---------------------------------------------------------------
[ 2018-10-12T18:48:00+08:00 ] 127.0.0.1 GET /images/1.jpg
[ info ] www.linguifengs.org/images/1.jpg [运行时间：0.057155s][吞吐率：17.50req/s] [内存消耗：1,435.45kb] [文件加载：42]
[ info ] [ LANG ] D:\lin\MyBlog\thinkphp\lang\zh-cn.php
[ info ] [ ROUTE ] array (
  'type' => 'module',
  'module' => 
  array (
    0 => 'images',
    1 => '1.jpg',
    2 => NULL,
  ),
)
[ info ] [ HEADER ] array (
  'host' => 'www.linguifengs.org',
  'connection' => 'keep-alive',
  'user-agent' => 'Mozilla/5.0 (Windows NT 10.0; WOW64) AppleWebKit/537.36 (KHTML, like Gecko) Chrome/63.0.3239.132 Safari/537.36',
  'accept' => 'image/webp,image/apng,image/*,*/*;q=0.8',
  'referer' => 'http://www.linguifengs.org/',
  'accept-encoding' => 'gzip, deflate',
  'accept-language' => 'zh-CN,zh;q=0.9',
  'cookie' => '__guid=170140326.2988060520119045600.1539331707427.987; thinkphp_show_page_trace=0|0; pgv_pvi=7578516480; pgv_si=s2962487296; monitor_count=42',
)
[ info ] [ PARAM ] array (
)
[ info ] [ LOG ] INIT File
---------------------------------------------------------------
[ 2018-10-12T18:48:00+08:00 ] 127.0.0.1 GET /images/21.jpg
[ info ] www.linguifengs.org/images/21.jpg [运行时间：0.063107s][吞吐率：15.85req/s] [内存消耗：1,435.55kb] [文件加载：42]
[ info ] [ LANG ] D:\lin\MyBlog\thinkphp\lang\zh-cn.php
[ info ] [ ROUTE ] array (
  'type' => 'module',
  'module' => 
  array (
    0 => 'images',
    1 => '21.jpg',
    2 => NULL,
  ),
)
[ info ] [ HEADER ] array (
  'host' => 'www.linguifengs.org',
  'connection' => 'keep-alive',
  'user-agent' => 'Mozilla/5.0 (Windows NT 10.0; WOW64) AppleWebKit/537.36 (KHTML, like Gecko) Chrome/63.0.3239.132 Safari/537.36',
  'accept' => 'image/webp,image/apng,image/*,*/*;q=0.8',
  'referer' => 'http://www.linguifengs.org/',
  'accept-encoding' => 'gzip, deflate',
  'accept-language' => 'zh-CN,zh;q=0.9',
  'cookie' => '__guid=170140326.2988060520119045600.1539331707427.987; thinkphp_show_page_trace=0|0; pgv_pvi=7578516480; pgv_si=s2962487296; monitor_count=42',
)
[ info ] [ PARAM ] array (
)
[ info ] [ LOG ] INIT File
---------------------------------------------------------------
[ 2018-10-12T18:48:00+08:00 ] 127.0.0.1 GET /images/3.jpg
[ info ] www.linguifengs.org/images/3.jpg [运行时间：0.056349s][吞吐率：17.75req/s] [内存消耗：1,435.45kb] [文件加载：42]
[ info ] [ LANG ] D:\lin\MyBlog\thinkphp\lang\zh-cn.php
[ info ] [ ROUTE ] array (
  'type' => 'module',
  'module' => 
  array (
    0 => 'images',
    1 => '3.jpg',
    2 => NULL,
  ),
)
[ info ] [ HEADER ] array (
  'host' => 'www.linguifengs.org',
  'connection' => 'keep-alive',
  'user-agent' => 'Mozilla/5.0 (Windows NT 10.0; WOW64) AppleWebKit/537.36 (KHTML, like Gecko) Chrome/63.0.3239.132 Safari/537.36',
  'accept' => 'image/webp,image/apng,image/*,*/*;q=0.8',
  'referer' => 'http://www.linguifengs.org/',
  'accept-encoding' => 'gzip, deflate',
  'accept-language' => 'zh-CN,zh;q=0.9',
  'cookie' => '__guid=170140326.2988060520119045600.1539331707427.987; thinkphp_show_page_trace=0|0; pgv_pvi=7578516480; pgv_si=s2962487296; monitor_count=42',
)
[ info ] [ PARAM ] array (
)
[ info ] [ LOG ] INIT File
---------------------------------------------------------------
[ 2018-10-12T18:48:00+08:00 ] 127.0.0.1 GET /static/css/suxingme.otf
[ info ] www.linguifengs.org/static/css/suxingme.otf [运行时间：0.037743s][吞吐率：26.49req/s] [内存消耗：1,435.69kb] [文件加载：42]
[ info ] [ LANG ] D:\lin\MyBlog\thinkphp\lang\zh-cn.php
[ info ] [ ROUTE ] array (
  'type' => 'module',
  'module' => 
  array (
    0 => 'static',
    1 => 'css',
    2 => 'suxingme.otf',
  ),
)
[ info ] [ HEADER ] array (
  'host' => 'www.linguifengs.org',
  'connection' => 'keep-alive',
  'origin' => 'http://www.linguifengs.org',
  'user-agent' => 'Mozilla/5.0 (Windows NT 10.0; WOW64) AppleWebKit/537.36 (KHTML, like Gecko) Chrome/63.0.3239.132 Safari/537.36',
  'accept' => '*/*',
  'referer' => 'http://www.linguifengs.org/static/css/reset.css',
  'accept-encoding' => 'gzip, deflate',
  'accept-language' => 'zh-CN,zh;q=0.9',
  'cookie' => '__guid=170140326.2988060520119045600.1539331707427.987; thinkphp_show_page_trace=0|0; pgv_pvi=7578516480; pgv_si=s2962487296; monitor_count=42',
)
[ info ] [ PARAM ] array (
)
[ info ] [ LOG ] INIT File
---------------------------------------------------------------
[ 2018-10-12T18:48:00+08:00 ] 127.0.0.1 GET /images/4.jpg
[ info ] www.linguifengs.org/images/4.jpg [运行时间：0.032874s][吞吐率：30.42req/s] [内存消耗：1,435.45kb] [文件加载：42]
[ info ] [ LANG ] D:\lin\MyBlog\thinkphp\lang\zh-cn.php
[ info ] [ ROUTE ] array (
  'type' => 'module',
  'module' => 
  array (
    0 => 'images',
    1 => '4.jpg',
    2 => NULL,
  ),
)
[ info ] [ HEADER ] array (
  'host' => 'www.linguifengs.org',
  'connection' => 'keep-alive',
  'user-agent' => 'Mozilla/5.0 (Windows NT 10.0; WOW64) AppleWebKit/537.36 (KHTML, like Gecko) Chrome/63.0.3239.132 Safari/537.36',
  'accept' => 'image/webp,image/apng,image/*,*/*;q=0.8',
  'referer' => 'http://www.linguifengs.org/',
  'accept-encoding' => 'gzip, deflate',
  'accept-language' => 'zh-CN,zh;q=0.9',
  'cookie' => '__guid=170140326.2988060520119045600.1539331707427.987; thinkphp_show_page_trace=0|0; pgv_pvi=7578516480; pgv_si=s2962487296; monitor_count=42',
)
[ info ] [ PARAM ] array (
)
[ info ] [ LOG ] INIT File
---------------------------------------------------------------
[ 2018-10-12T18:48:00+08:00 ] 127.0.0.1 GET /images/5.jpg
[ info ] www.linguifengs.org/images/5.jpg [运行时间：0.034034s][吞吐率：29.38req/s] [内存消耗：1,435.45kb] [文件加载：42]
[ info ] [ LANG ] D:\lin\MyBlog\thinkphp\lang\zh-cn.php
[ info ] [ ROUTE ] array (
  'type' => 'module',
  'module' => 
  array (
    0 => 'images',
    1 => '5.jpg',
    2 => NULL,
  ),
)
[ info ] [ HEADER ] array (
  'host' => 'www.linguifengs.org',
  'connection' => 'keep-alive',
  'user-agent' => 'Mozilla/5.0 (Windows NT 10.0; WOW64) AppleWebKit/537.36 (KHTML, like Gecko) Chrome/63.0.3239.132 Safari/537.36',
  'accept' => 'image/webp,image/apng,image/*,*/*;q=0.8',
  'referer' => 'http://www.linguifengs.org/',
  'accept-encoding' => 'gzip, deflate',
  'accept-language' => 'zh-CN,zh;q=0.9',
  'cookie' => '__guid=170140326.2988060520119045600.1539331707427.987; thinkphp_show_page_trace=0|0; pgv_pvi=7578516480; pgv_si=s2962487296; monitor_count=42',
)
[ info ] [ PARAM ] array (
)
[ info ] [ LOG ] INIT File
---------------------------------------------------------------
[ 2018-10-12T18:48:00+08:00 ] 127.0.0.1 GET /images/6.jpg
[ info ] www.linguifengs.org/images/6.jpg [运行时间：0.032815s][吞吐率：30.47req/s] [内存消耗：1,435.45kb] [文件加载：42]
[ info ] [ LANG ] D:\lin\MyBlog\thinkphp\lang\zh-cn.php
[ info ] [ ROUTE ] array (
  'type' => 'module',
  'module' => 
  array (
    0 => 'images',
    1 => '6.jpg',
    2 => NULL,
  ),
)
[ info ] [ HEADER ] array (
  'host' => 'www.linguifengs.org',
  'connection' => 'keep-alive',
  'user-agent' => 'Mozilla/5.0 (Windows NT 10.0; WOW64) AppleWebKit/537.36 (KHTML, like Gecko) Chrome/63.0.3239.132 Safari/537.36',
  'accept' => 'image/webp,image/apng,image/*,*/*;q=0.8',
  'referer' => 'http://www.linguifengs.org/',
  'accept-encoding' => 'gzip, deflate',
  'accept-language' => 'zh-CN,zh;q=0.9',
  'cookie' => '__guid=170140326.2988060520119045600.1539331707427.987; thinkphp_show_page_trace=0|0; pgv_pvi=7578516480; pgv_si=s2962487296; monitor_count=42',
)
[ info ] [ PARAM ] array (
)
[ info ] [ LOG ] INIT File
---------------------------------------------------------------
[ 2018-10-12T18:48:00+08:00 ] 127.0.0.1 GET /images/8.jpg
[ info ] www.linguifengs.org/images/8.jpg [运行时间：0.043544s][吞吐率：22.97req/s] [内存消耗：1,435.45kb] [文件加载：42]
[ info ] [ LANG ] D:\lin\MyBlog\thinkphp\lang\zh-cn.php
[ info ] [ ROUTE ] array (
  'type' => 'module',
  'module' => 
  array (
    0 => 'images',
    1 => '8.jpg',
    2 => NULL,
  ),
)
[ info ] [ HEADER ] array (
  'host' => 'www.linguifengs.org',
  'connection' => 'keep-alive',
  'user-agent' => 'Mozilla/5.0 (Windows NT 10.0; WOW64) AppleWebKit/537.36 (KHTML, like Gecko) Chrome/63.0.3239.132 Safari/537.36',
  'accept' => 'image/webp,image/apng,image/*,*/*;q=0.8',
  'referer' => 'http://www.linguifengs.org/',
  'accept-encoding' => 'gzip, deflate',
  'accept-language' => 'zh-CN,zh;q=0.9',
  'cookie' => '__guid=170140326.2988060520119045600.1539331707427.987; thinkphp_show_page_trace=0|0; pgv_pvi=7578516480; pgv_si=s2962487296; monitor_count=42',
)
[ info ] [ PARAM ] array (
)
[ info ] [ LOG ] INIT File
---------------------------------------------------------------
[ 2018-10-12T18:48:00+08:00 ] 127.0.0.1 GET /images/9.jpg
[ info ] www.linguifengs.org/images/9.jpg [运行时间：0.046667s][吞吐率：21.43req/s] [内存消耗：1,435.45kb] [文件加载：42]
[ info ] [ LANG ] D:\lin\MyBlog\thinkphp\lang\zh-cn.php
[ info ] [ ROUTE ] array (
  'type' => 'module',
  'module' => 
  array (
    0 => 'images',
    1 => '9.jpg',
    2 => NULL,
  ),
)
[ info ] [ HEADER ] array (
  'host' => 'www.linguifengs.org',
  'connection' => 'keep-alive',
  'user-agent' => 'Mozilla/5.0 (Windows NT 10.0; WOW64) AppleWebKit/537.36 (KHTML, like Gecko) Chrome/63.0.3239.132 Safari/537.36',
  'accept' => 'image/webp,image/apng,image/*,*/*;q=0.8',
  'referer' => 'http://www.linguifengs.org/',
  'accept-encoding' => 'gzip, deflate',
  'accept-language' => 'zh-CN,zh;q=0.9',
  'cookie' => '__guid=170140326.2988060520119045600.1539331707427.987; thinkphp_show_page_trace=0|0; pgv_pvi=7578516480; pgv_si=s2962487296; monitor_count=42',
)
[ info ] [ PARAM ] array (
)
[ info ] [ LOG ] INIT File
---------------------------------------------------------------
[ 2018-10-12T18:48:00+08:00 ] 127.0.0.1 GET /images/10.jpg
[ info ] www.linguifengs.org/images/10.jpg [运行时间：0.036181s][吞吐率：27.64req/s] [内存消耗：1,435.55kb] [文件加载：42]
[ info ] [ LANG ] D:\lin\MyBlog\thinkphp\lang\zh-cn.php
[ info ] [ ROUTE ] array (
  'type' => 'module',
  'module' => 
  array (
    0 => 'images',
    1 => '10.jpg',
    2 => NULL,
  ),
)
[ info ] [ HEADER ] array (
  'host' => 'www.linguifengs.org',
  'connection' => 'keep-alive',
  'user-agent' => 'Mozilla/5.0 (Windows NT 10.0; WOW64) AppleWebKit/537.36 (KHTML, like Gecko) Chrome/63.0.3239.132 Safari/537.36',
  'accept' => 'image/webp,image/apng,image/*,*/*;q=0.8',
  'referer' => 'http://www.linguifengs.org/',
  'accept-encoding' => 'gzip, deflate',
  'accept-language' => 'zh-CN,zh;q=0.9',
  'cookie' => '__guid=170140326.2988060520119045600.1539331707427.987; thinkphp_show_page_trace=0|0; pgv_pvi=7578516480; pgv_si=s2962487296; monitor_count=42',
)
[ info ] [ PARAM ] array (
)
[ info ] [ LOG ] INIT File
---------------------------------------------------------------
[ 2018-10-12T18:48:00+08:00 ] 127.0.0.1 GET /images/11.jpg
[ info ] www.linguifengs.org/images/11.jpg [运行时间：0.037442s][吞吐率：26.71req/s] [内存消耗：1,435.55kb] [文件加载：42]
[ info ] [ LANG ] D:\lin\MyBlog\thinkphp\lang\zh-cn.php
[ info ] [ ROUTE ] array (
  'type' => 'module',
  'module' => 
  array (
    0 => 'images',
    1 => '11.jpg',
    2 => NULL,
  ),
)
[ info ] [ HEADER ] array (
  'host' => 'www.linguifengs.org',
  'connection' => 'keep-alive',
  'user-agent' => 'Mozilla/5.0 (Windows NT 10.0; WOW64) AppleWebKit/537.36 (KHTML, like Gecko) Chrome/63.0.3239.132 Safari/537.36',
  'accept' => 'image/webp,image/apng,image/*,*/*;q=0.8',
  'referer' => 'http://www.linguifengs.org/',
  'accept-encoding' => 'gzip, deflate',
  'accept-language' => 'zh-CN,zh;q=0.9',
  'cookie' => '__guid=170140326.2988060520119045600.1539331707427.987; thinkphp_show_page_trace=0|0; pgv_pvi=7578516480; pgv_si=s2962487296; monitor_count=42',
)
[ info ] [ PARAM ] array (
)
[ info ] [ LOG ] INIT File
---------------------------------------------------------------
[ 2018-10-12T18:48:00+08:00 ] 127.0.0.1 GET /images/12.jpg
[ info ] www.linguifengs.org/images/12.jpg [运行时间：0.036840s][吞吐率：27.14req/s] [内存消耗：1,435.55kb] [文件加载：42]
[ info ] [ LANG ] D:\lin\MyBlog\thinkphp\lang\zh-cn.php
[ info ] [ ROUTE ] array (
  'type' => 'module',
  'module' => 
  array (
    0 => 'images',
    1 => '12.jpg',
    2 => NULL,
  ),
)
[ info ] [ HEADER ] array (
  'host' => 'www.linguifengs.org',
  'connection' => 'keep-alive',
  'user-agent' => 'Mozilla/5.0 (Windows NT 10.0; WOW64) AppleWebKit/537.36 (KHTML, like Gecko) Chrome/63.0.3239.132 Safari/537.36',
  'accept' => 'image/webp,image/apng,image/*,*/*;q=0.8',
  'referer' => 'http://www.linguifengs.org/',
  'accept-encoding' => 'gzip, deflate',
  'accept-language' => 'zh-CN,zh;q=0.9',
  'cookie' => '__guid=170140326.2988060520119045600.1539331707427.987; thinkphp_show_page_trace=0|0; pgv_pvi=7578516480; pgv_si=s2962487296; monitor_count=42',
)
[ info ] [ PARAM ] array (
)
[ info ] [ LOG ] INIT File
---------------------------------------------------------------
[ 2018-10-12T18:48:00+08:00 ] 127.0.0.1 GET /images/14.jpg
[ info ] www.linguifengs.org/images/14.jpg [运行时间：0.031649s][吞吐率：31.60req/s] [内存消耗：1,435.55kb] [文件加载：42]
[ info ] [ LANG ] D:\lin\MyBlog\thinkphp\lang\zh-cn.php
[ info ] [ ROUTE ] array (
  'type' => 'module',
  'module' => 
  array (
    0 => 'images',
    1 => '14.jpg',
    2 => NULL,
  ),
)
[ info ] [ HEADER ] array (
  'host' => 'www.linguifengs.org',
  'connection' => 'keep-alive',
  'user-agent' => 'Mozilla/5.0 (Windows NT 10.0; WOW64) AppleWebKit/537.36 (KHTML, like Gecko) Chrome/63.0.3239.132 Safari/537.36',
  'accept' => 'image/webp,image/apng,image/*,*/*;q=0.8',
  'referer' => 'http://www.linguifengs.org/',
  'accept-encoding' => 'gzip, deflate',
  'accept-language' => 'zh-CN,zh;q=0.9',
  'cookie' => '__guid=170140326.2988060520119045600.1539331707427.987; thinkphp_show_page_trace=0|0; pgv_pvi=7578516480; pgv_si=s2962487296; monitor_count=42',
)
[ info ] [ PARAM ] array (
)
[ info ] [ LOG ] INIT File
---------------------------------------------------------------
[ 2018-10-12T18:48:00+08:00 ] 127.0.0.1 GET /images/13.jpg
[ info ] www.linguifengs.org/images/13.jpg [运行时间：0.044102s][吞吐率：22.67req/s] [内存消耗：1,435.55kb] [文件加载：42]
[ info ] [ LANG ] D:\lin\MyBlog\thinkphp\lang\zh-cn.php
[ info ] [ ROUTE ] array (
  'type' => 'module',
  'module' => 
  array (
    0 => 'images',
    1 => '13.jpg',
    2 => NULL,
  ),
)
[ info ] [ HEADER ] array (
  'host' => 'www.linguifengs.org',
  'connection' => 'keep-alive',
  'user-agent' => 'Mozilla/5.0 (Windows NT 10.0; WOW64) AppleWebKit/537.36 (KHTML, like Gecko) Chrome/63.0.3239.132 Safari/537.36',
  'accept' => 'image/webp,image/apng,image/*,*/*;q=0.8',
  'referer' => 'http://www.linguifengs.org/',
  'accept-encoding' => 'gzip, deflate',
  'accept-language' => 'zh-CN,zh;q=0.9',
  'cookie' => '__guid=170140326.2988060520119045600.1539331707427.987; thinkphp_show_page_trace=0|0; pgv_pvi=7578516480; pgv_si=s2962487296; monitor_count=42',
)
[ info ] [ PARAM ] array (
)
[ info ] [ LOG ] INIT File
---------------------------------------------------------------
[ 2018-10-12T18:48:00+08:00 ] 127.0.0.1 GET /images/b1.jpg
[ info ] www.linguifengs.org/images/b1.jpg [运行时间：0.032905s][吞吐率：30.39req/s] [内存消耗：1,435.55kb] [文件加载：42]
[ info ] [ LANG ] D:\lin\MyBlog\thinkphp\lang\zh-cn.php
[ info ] [ ROUTE ] array (
  'type' => 'module',
  'module' => 
  array (
    0 => 'images',
    1 => 'b1.jpg',
    2 => NULL,
  ),
)
[ info ] [ HEADER ] array (
  'host' => 'www.linguifengs.org',
  'connection' => 'keep-alive',
  'user-agent' => 'Mozilla/5.0 (Windows NT 10.0; WOW64) AppleWebKit/537.36 (KHTML, like Gecko) Chrome/63.0.3239.132 Safari/537.36',
  'accept' => 'image/webp,image/apng,image/*,*/*;q=0.8',
  'referer' => 'http://www.linguifengs.org/',
  'accept-encoding' => 'gzip, deflate',
  'accept-language' => 'zh-CN,zh;q=0.9',
  'cookie' => '__guid=170140326.2988060520119045600.1539331707427.987; thinkphp_show_page_trace=0|0; pgv_pvi=7578516480; pgv_si=s2962487296; monitor_count=42',
)
[ info ] [ PARAM ] array (
)
[ info ] [ LOG ] INIT File
---------------------------------------------------------------
[ 2018-10-12T18:48:00+08:00 ] 127.0.0.1 GET /images/16.jpg
[ info ] www.linguifengs.org/images/16.jpg [运行时间：0.032224s][吞吐率：31.03req/s] [内存消耗：1,435.55kb] [文件加载：42]
[ info ] [ LANG ] D:\lin\MyBlog\thinkphp\lang\zh-cn.php
[ info ] [ ROUTE ] array (
  'type' => 'module',
  'module' => 
  array (
    0 => 'images',
    1 => '16.jpg',
    2 => NULL,
  ),
)
[ info ] [ HEADER ] array (
  'host' => 'www.linguifengs.org',
  'connection' => 'keep-alive',
  'user-agent' => 'Mozilla/5.0 (Windows NT 10.0; WOW64) AppleWebKit/537.36 (KHTML, like Gecko) Chrome/63.0.3239.132 Safari/537.36',
  'accept' => 'image/webp,image/apng,image/*,*/*;q=0.8',
  'referer' => 'http://www.linguifengs.org/',
  'accept-encoding' => 'gzip, deflate',
  'accept-language' => 'zh-CN,zh;q=0.9',
  'cookie' => '__guid=170140326.2988060520119045600.1539331707427.987; thinkphp_show_page_trace=0|0; pgv_pvi=7578516480; pgv_si=s2962487296; monitor_count=42',
)
[ info ] [ PARAM ] array (
)
[ info ] [ LOG ] INIT File
---------------------------------------------------------------
[ 2018-10-12T18:48:00+08:00 ] 127.0.0.1 GET /images/15.jpg
[ info ] www.linguifengs.org/images/15.jpg [运行时间：0.036275s][吞吐率：27.57req/s] [内存消耗：1,435.55kb] [文件加载：42]
[ info ] [ LANG ] D:\lin\MyBlog\thinkphp\lang\zh-cn.php
[ info ] [ ROUTE ] array (
  'type' => 'module',
  'module' => 
  array (
    0 => 'images',
    1 => '15.jpg',
    2 => NULL,
  ),
)
[ info ] [ HEADER ] array (
  'host' => 'www.linguifengs.org',
  'connection' => 'keep-alive',
  'user-agent' => 'Mozilla/5.0 (Windows NT 10.0; WOW64) AppleWebKit/537.36 (KHTML, like Gecko) Chrome/63.0.3239.132 Safari/537.36',
  'accept' => 'image/webp,image/apng,image/*,*/*;q=0.8',
  'referer' => 'http://www.linguifengs.org/',
  'accept-encoding' => 'gzip, deflate',
  'accept-language' => 'zh-CN,zh;q=0.9',
  'cookie' => '__guid=170140326.2988060520119045600.1539331707427.987; thinkphp_show_page_trace=0|0; pgv_pvi=7578516480; pgv_si=s2962487296; monitor_count=42',
)
[ info ] [ PARAM ] array (
)
[ info ] [ LOG ] INIT File
---------------------------------------------------------------
[ 2018-10-12T18:48:00+08:00 ] 127.0.0.1 GET /images/17.jpg
[ info ] www.linguifengs.org/images/17.jpg [运行时间：0.036235s][吞吐率：27.60req/s] [内存消耗：1,435.55kb] [文件加载：42]
[ info ] [ LANG ] D:\lin\MyBlog\thinkphp\lang\zh-cn.php
[ info ] [ ROUTE ] array (
  'type' => 'module',
  'module' => 
  array (
    0 => 'images',
    1 => '17.jpg',
    2 => NULL,
  ),
)
[ info ] [ HEADER ] array (
  'host' => 'www.linguifengs.org',
  'connection' => 'keep-alive',
  'user-agent' => 'Mozilla/5.0 (Windows NT 10.0; WOW64) AppleWebKit/537.36 (KHTML, like Gecko) Chrome/63.0.3239.132 Safari/537.36',
  'accept' => 'image/webp,image/apng,image/*,*/*;q=0.8',
  'referer' => 'http://www.linguifengs.org/',
  'accept-encoding' => 'gzip, deflate',
  'accept-language' => 'zh-CN,zh;q=0.9',
  'cookie' => '__guid=170140326.2988060520119045600.1539331707427.987; thinkphp_show_page_trace=0|0; pgv_pvi=7578516480; pgv_si=s2962487296; monitor_count=42',
)
[ info ] [ PARAM ] array (
)
[ info ] [ LOG ] INIT File
---------------------------------------------------------------
[ 2018-10-12T18:48:00+08:00 ] 127.0.0.1 GET /images/18.jpg
[ info ] www.linguifengs.org/images/18.jpg [运行时间：0.033022s][吞吐率：30.28req/s] [内存消耗：1,435.55kb] [文件加载：42]
[ info ] [ LANG ] D:\lin\MyBlog\thinkphp\lang\zh-cn.php
[ info ] [ ROUTE ] array (
  'type' => 'module',
  'module' => 
  array (
    0 => 'images',
    1 => '18.jpg',
    2 => NULL,
  ),
)
[ info ] [ HEADER ] array (
  'host' => 'www.linguifengs.org',
  'connection' => 'keep-alive',
  'user-agent' => 'Mozilla/5.0 (Windows NT 10.0; WOW64) AppleWebKit/537.36 (KHTML, like Gecko) Chrome/63.0.3239.132 Safari/537.36',
  'accept' => 'image/webp,image/apng,image/*,*/*;q=0.8',
  'referer' => 'http://www.linguifengs.org/',
  'accept-encoding' => 'gzip, deflate',
  'accept-language' => 'zh-CN,zh;q=0.9',
  'cookie' => '__guid=170140326.2988060520119045600.1539331707427.987; thinkphp_show_page_trace=0|0; pgv_pvi=7578516480; pgv_si=s2962487296; monitor_count=42',
)
[ info ] [ PARAM ] array (
)
[ info ] [ LOG ] INIT File
---------------------------------------------------------------
[ 2018-10-12T18:48:00+08:00 ] 127.0.0.1 GET /static/css/bootstrap.min.css.map
[ info ] www.linguifengs.org/static/css/bootstrap.min.css.map [运行时间：0.039684s][吞吐率：25.20req/s] [内存消耗：1,435.15kb] [文件加载：42]
[ info ] [ LANG ] D:\lin\MyBlog\thinkphp\lang\zh-cn.php
[ info ] [ ROUTE ] array (
  'type' => 'module',
  'module' => 
  array (
    0 => 'static',
    1 => 'css',
    2 => 'bootstrap.min.css.map',
  ),
)
[ info ] [ HEADER ] array (
  'host' => 'www.linguifengs.org',
  'connection' => 'keep-alive',
  'user-agent' => 'Mozilla/5.0 (Windows NT 10.0; WOW64) AppleWebKit/537.36 (KHTML, like Gecko) Chrome/63.0.3239.132 Safari/537.36',
  'accept-encoding' => 'gzip, deflate',
  'accept-language' => 'zh-CN,zh;q=0.9',
  'cookie' => '__guid=170140326.2988060520119045600.1539331707427.987; thinkphp_show_page_trace=0|0; pgv_pvi=7578516480; pgv_si=s2962487296; monitor_count=42',
)
[ info ] [ PARAM ] array (
)
[ info ] [ LOG ] INIT File
---------------------------------------------------------------
[ 2018-10-12T18:48:00+08:00 ] 127.0.0.1 GET /static/js/maps/theia-sticky-sidebar.min.js.map
[ info ] www.linguifengs.org/static/js/maps/theia-sticky-sidebar.min.js.map [运行时间：0.039381s][吞吐率：25.39req/s] [内存消耗：1,435.06kb] [文件加载：42]
[ info ] [ LANG ] D:\lin\MyBlog\thinkphp\lang\zh-cn.php
[ info ] [ ROUTE ] array (
  'type' => 'module',
  'module' => 
  array (
    0 => 'static',
    1 => 'js',
    2 => 'maps',
  ),
)
[ info ] [ HEADER ] array (
  'host' => 'www.linguifengs.org',
  'connection' => 'keep-alive',
  'user-agent' => 'Mozilla/5.0 (Windows NT 10.0; WOW64) AppleWebKit/537.36 (KHTML, like Gecko) Chrome/63.0.3239.132 Safari/537.36',
  'accept-encoding' => 'gzip, deflate',
  'accept-language' => 'zh-CN,zh;q=0.9',
  'cookie' => '__guid=170140326.2988060520119045600.1539331707427.987; thinkphp_show_page_trace=0|0; pgv_pvi=7578516480; pgv_si=s2962487296; monitor_count=42',
)
[ info ] [ PARAM ] array (
)
[ info ] [ LOG ] INIT File
---------------------------------------------------------------
[ 2018-10-12T18:48:00+08:00 ] 127.0.0.1 GET /images/19.jpg
[ info ] www.linguifengs.org/images/19.jpg [运行时间：0.039539s][吞吐率：25.29req/s] [内存消耗：1,435.55kb] [文件加载：42]
[ info ] [ LANG ] D:\lin\MyBlog\thinkphp\lang\zh-cn.php
[ info ] [ ROUTE ] array (
  'type' => 'module',
  'module' => 
  array (
    0 => 'images',
    1 => '19.jpg',
    2 => NULL,
  ),
)
[ info ] [ HEADER ] array (
  'host' => 'www.linguifengs.org',
  'connection' => 'keep-alive',
  'user-agent' => 'Mozilla/5.0 (Windows NT 10.0; WOW64) AppleWebKit/537.36 (KHTML, like Gecko) Chrome/63.0.3239.132 Safari/537.36',
  'accept' => 'image/webp,image/apng,image/*,*/*;q=0.8',
  'referer' => 'http://www.linguifengs.org/',
  'accept-encoding' => 'gzip, deflate',
  'accept-language' => 'zh-CN,zh;q=0.9',
  'cookie' => '__guid=170140326.2988060520119045600.1539331707427.987; thinkphp_show_page_trace=0|0; pgv_pvi=7578516480; pgv_si=s2962487296; monitor_count=42',
)
[ info ] [ PARAM ] array (
)
[ info ] [ LOG ] INIT File
---------------------------------------------------------------
[ 2018-10-12T18:48:00+08:00 ] 127.0.0.1 GET /images/21.jpg
[ info ] www.linguifengs.org/images/21.jpg [运行时间：0.043133s][吞吐率：23.18req/s] [内存消耗：1,435.55kb] [文件加载：42]
[ info ] [ LANG ] D:\lin\MyBlog\thinkphp\lang\zh-cn.php
[ info ] [ ROUTE ] array (
  'type' => 'module',
  'module' => 
  array (
    0 => 'images',
    1 => '21.jpg',
    2 => NULL,
  ),
)
[ info ] [ HEADER ] array (
  'host' => 'www.linguifengs.org',
  'connection' => 'keep-alive',
  'user-agent' => 'Mozilla/5.0 (Windows NT 10.0; WOW64) AppleWebKit/537.36 (KHTML, like Gecko) Chrome/63.0.3239.132 Safari/537.36',
  'accept' => 'image/webp,image/apng,image/*,*/*;q=0.8',
  'referer' => 'http://www.linguifengs.org/',
  'accept-encoding' => 'gzip, deflate',
  'accept-language' => 'zh-CN,zh;q=0.9',
  'cookie' => '__guid=170140326.2988060520119045600.1539331707427.987; thinkphp_show_page_trace=0|0; pgv_pvi=7578516480; pgv_si=s2962487296; monitor_count=42',
)
[ info ] [ PARAM ] array (
)
[ info ] [ LOG ] INIT File
---------------------------------------------------------------
[ 2018-10-12T18:48:00+08:00 ] 127.0.0.1 GET /images/20.jpg
[ info ] www.linguifengs.org/images/20.jpg [运行时间：0.045855s][吞吐率：21.81req/s] [内存消耗：1,435.55kb] [文件加载：42]
[ info ] [ LANG ] D:\lin\MyBlog\thinkphp\lang\zh-cn.php
[ info ] [ ROUTE ] array (
  'type' => 'module',
  'module' => 
  array (
    0 => 'images',
    1 => '20.jpg',
    2 => NULL,
  ),
)
[ info ] [ HEADER ] array (
  'host' => 'www.linguifengs.org',
  'connection' => 'keep-alive',
  'user-agent' => 'Mozilla/5.0 (Windows NT 10.0; WOW64) AppleWebKit/537.36 (KHTML, like Gecko) Chrome/63.0.3239.132 Safari/537.36',
  'accept' => 'image/webp,image/apng,image/*,*/*;q=0.8',
  'referer' => 'http://www.linguifengs.org/',
  'accept-encoding' => 'gzip, deflate',
  'accept-language' => 'zh-CN,zh;q=0.9',
  'cookie' => '__guid=170140326.2988060520119045600.1539331707427.987; thinkphp_show_page_trace=0|0; pgv_pvi=7578516480; pgv_si=s2962487296; monitor_count=42',
)
[ info ] [ PARAM ] array (
)
[ info ] [ LOG ] INIT File
