---------------------------------------------------------------
[ 2019-04-04T06:52:48+08:00 ] 47.92.105.73 GET /
[ info ] www.linguifeng.top/ [运行时间：0.026243s][吞吐率：38.11req/s] [内存消耗：2,673.17kb] [文件加载：55]
[ info ] [ LANG ] /var/www/html/MyBlog/thinkphp/lang/zh-cn.php
[ info ] [ ROUTE ] array (
  'type' => 'module',
  'module' => 
  array (
    0 => '',
    1 => NULL,
    2 => NULL,
  ),
)
[ info ] [ HEADER ] array (
  'connection' => 'keep-alive',
  'accept' => 'text/html, image/gif, image/jpeg, *; q=.2, */*; q=.2',
  'host' => 'www.linguifeng.top',
  'user-agent' => 'Mozilla/5.0 (X11; Ubuntu; Linux x86_64; rv:36.0) Gecko/20100101 Firefox/36.0',
  'content-type' => '',
  'content-length' => '',
)
[ info ] [ PARAM ] array (
)
[ info ] [ RUN ] app\index\controller\Index->index[ /var/www/html/MyBlog/application/index/controller/Index.php ]
[ info ] [ DB ] INIT mysql
[ info ] [ VIEW ] /var/www/html/MyBlog/public/../application/index/view/index/index.html [ array (
  0 => 'data',
  1 => 'user',
  2 => 'lunbo',
) ]
[ info ] [ LOG ] INIT File
[ sql ] [ DB ] CONNECT:[ UseTime:0.000433s ] mysql:host=127.0.0.1;dbname=blog;charset=utf8
[ sql ] [ SQL ] SHOW COLUMNS FROM `blog_admin` [ RunTime:0.000843s ]
[ sql ] [ SQL ] SELECT * FROM `blog_admin` WHERE  `id` = 7  AND `name` = '林桂锋' LIMIT 1 [ RunTime:0.000349s ]
[ sql ] [ SQL ] SHOW COLUMNS FROM `blog_lunbo` [ RunTime:0.000515s ]
[ sql ] [ SQL ] SELECT * FROM `blog_lunbo` WHERE  `status` = 1 ORDER BY `sort` DESC [ RunTime:0.000266s ]
[ sql ] [ SQL ] SHOW COLUMNS FROM `blog_article` [ RunTime:0.000500s ]
[ sql ] [ SQL ] SELECT * FROM `blog_article` WHERE  `status` = 1 ORDER BY `time` DESC [ RunTime:0.000268s ]
---------------------------------------------------------------
[ 2019-04-04T07:36:39+08:00 ] 101.132.182.68 GET /
[ info ] www.linguifeng.top/ [运行时间：0.024675s][吞吐率：40.53req/s] [内存消耗：2,673.12kb] [文件加载：55]
[ info ] [ LANG ] /var/www/html/MyBlog/thinkphp/lang/zh-cn.php
[ info ] [ ROUTE ] array (
  'type' => 'module',
  'module' => 
  array (
    0 => '',
    1 => NULL,
    2 => NULL,
  ),
)
[ info ] [ HEADER ] array (
  'connection' => 'keep-alive',
  'accept' => 'text/html, image/gif, image/jpeg, *; q=.2, */*; q=.2',
  'host' => 'www.linguifeng.top',
  'user-agent' => 'Mozilla/5.0 (iPhone; CPU iPhone OS 8_0_2 like Mac OS X)',
  'content-type' => '',
  'content-length' => '',
)
[ info ] [ PARAM ] array (
)
[ info ] [ RUN ] app\index\controller\Index->index[ /var/www/html/MyBlog/application/index/controller/Index.php ]
[ info ] [ DB ] INIT mysql
[ info ] [ VIEW ] /var/www/html/MyBlog/public/../application/index/view/index/index.html [ array (
  0 => 'data',
  1 => 'user',
  2 => 'lunbo',
) ]
[ info ] [ LOG ] INIT File
[ sql ] [ DB ] CONNECT:[ UseTime:0.000397s ] mysql:host=127.0.0.1;dbname=blog;charset=utf8
[ sql ] [ SQL ] SHOW COLUMNS FROM `blog_admin` [ RunTime:0.000684s ]
[ sql ] [ SQL ] SELECT * FROM `blog_admin` WHERE  `id` = 7  AND `name` = '林桂锋' LIMIT 1 [ RunTime:0.000321s ]
[ sql ] [ SQL ] SHOW COLUMNS FROM `blog_lunbo` [ RunTime:0.000510s ]
[ sql ] [ SQL ] SELECT * FROM `blog_lunbo` WHERE  `status` = 1 ORDER BY `sort` DESC [ RunTime:0.000256s ]
[ sql ] [ SQL ] SHOW COLUMNS FROM `blog_article` [ RunTime:0.000449s ]
[ sql ] [ SQL ] SELECT * FROM `blog_article` WHERE  `status` = 1 ORDER BY `time` DESC [ RunTime:0.000265s ]
---------------------------------------------------------------
[ 2019-04-04T08:00:25+08:00 ] 3.85.8.90 GET /
[ info ] www.linguifeng.top/ [运行时间：0.027138s][吞吐率：36.85req/s] [内存消耗：2,673.63kb] [文件加载：55]
[ info ] [ LANG ] /var/www/html/MyBlog/thinkphp/lang/zh-cn.php
[ info ] [ ROUTE ] array (
  'type' => 'module',
  'module' => 
  array (
    0 => '',
    1 => NULL,
    2 => NULL,
  ),
)
[ info ] [ HEADER ] array (
  'host' => 'www.linguifeng.top',
  'user-agent' => 'Mozilla/5.0 (X11; Linux x86_64) AppleWebKit/537.36 (KHTML, like Gecko) Chrome/58.0.3029.110 Safari/537.36',
  'accept-encoding' => 'utf-8',
  'accept-language' => 'en-US,en;q=0.5',
  'accept' => 'text/html,application/xhtml+xml,application/xml;q=0.9,*/*;q=0.8',
  'requesturl' => 'http://www.linguifeng.top',
  'content-type' => '',
  'content-length' => '',
)
[ info ] [ PARAM ] array (
)
[ info ] [ RUN ] app\index\controller\Index->index[ /var/www/html/MyBlog/application/index/controller/Index.php ]
[ info ] [ DB ] INIT mysql
[ info ] [ VIEW ] /var/www/html/MyBlog/public/../application/index/view/index/index.html [ array (
  0 => 'data',
  1 => 'user',
  2 => 'lunbo',
) ]
[ info ] [ LOG ] INIT File
[ sql ] [ DB ] CONNECT:[ UseTime:0.000391s ] mysql:host=127.0.0.1;dbname=blog;charset=utf8
[ sql ] [ SQL ] SHOW COLUMNS FROM `blog_admin` [ RunTime:0.000693s ]
[ sql ] [ SQL ] SELECT * FROM `blog_admin` WHERE  `id` = 7  AND `name` = '林桂锋' LIMIT 1 [ RunTime:0.000362s ]
[ sql ] [ SQL ] SHOW COLUMNS FROM `blog_lunbo` [ RunTime:0.000441s ]
[ sql ] [ SQL ] SELECT * FROM `blog_lunbo` WHERE  `status` = 1 ORDER BY `sort` DESC [ RunTime:0.000337s ]
[ sql ] [ SQL ] SHOW COLUMNS FROM `blog_article` [ RunTime:0.000422s ]
[ sql ] [ SQL ] SELECT * FROM `blog_article` WHERE  `status` = 1 ORDER BY `time` DESC [ RunTime:0.000342s ]
---------------------------------------------------------------
[ 2019-04-04T11:27:43+08:00 ] 113.88.249.97 GET /admin
[ info ] www.linguifeng.top/admin [运行时间：0.016297s][吞吐率：61.36req/s] [内存消耗：1,678.75kb] [文件加载：49]
[ info ] [ LANG ] /var/www/html/MyBlog/thinkphp/lang/zh-cn.php
[ info ] [ ROUTE ] array (
  'type' => 'module',
  'module' => 
  array (
    0 => 'admin',
    1 => NULL,
    2 => NULL,
  ),
)
[ info ] [ HEADER ] array (
  'cookie' => 'pgv_pvi=4712565760',
  'accept-language' => 'zh-CN,zh;q=0.9',
  'accept-encoding' => 'gzip, deflate',
  'accept' => 'text/html,application/xhtml+xml,application/xml;q=0.9,image/webp,image/apng,*/*;q=0.8',
  'user-agent' => 'Mozilla/5.0 (Windows NT 10.0; Win64; x64) AppleWebKit/537.36 (KHTML, like Gecko) Chrome/72.0.3626.121 Safari/537.36',
  'upgrade-insecure-requests' => '1',
  'connection' => 'keep-alive',
  'host' => 'www.linguifeng.top',
  'content-type' => '',
  'content-length' => '',
)
[ info ] [ PARAM ] array (
)
[ info ] [ SESSION ] INIT array (
  'id' => '',
  'var_session_id' => '',
  'prefix' => 'think',
  'type' => '',
  'auto_start' => true,
)
[ info ] [ VIEW ] /var/www/html/MyBlog/thinkphp/tpl/dispatch_jump.tpl [ array (
  0 => 'code',
  1 => 'msg',
  2 => 'data',
  3 => 'url',
  4 => 'wait',
) ]
[ info ] [ LOG ] INIT File
---------------------------------------------------------------
[ 2019-04-04T11:27:45+08:00 ] 113.88.249.97 GET /admin/login/login.html
[ info ] www.linguifeng.top/admin/login/login.html [运行时间：0.015558s][吞吐率：64.28req/s] [内存消耗：1,661.35kb] [文件加载：48]
[ info ] [ LANG ] /var/www/html/MyBlog/thinkphp/lang/zh-cn.php
[ info ] [ ROUTE ] array (
  'type' => 'module',
  'module' => 
  array (
    0 => 'admin',
    1 => 'login',
    2 => 'login',
  ),
)
[ info ] [ HEADER ] array (
  'cookie' => 'pgv_pvi=4712565760; PHPSESSID=t95d335mlstpea3hn85oo8g8d3; thinkphp_show_page_trace=0|0',
  'accept-language' => 'zh-CN,zh;q=0.9',
  'accept-encoding' => 'gzip, deflate',
  'referer' => 'http://www.linguifeng.top/admin',
  'accept' => 'text/html,application/xhtml+xml,application/xml;q=0.9,image/webp,image/apng,*/*;q=0.8',
  'user-agent' => 'Mozilla/5.0 (Windows NT 10.0; Win64; x64) AppleWebKit/537.36 (KHTML, like Gecko) Chrome/72.0.3626.121 Safari/537.36',
  'upgrade-insecure-requests' => '1',
  'connection' => 'keep-alive',
  'host' => 'www.linguifeng.top',
  'content-type' => '',
  'content-length' => '',
)
[ info ] [ PARAM ] array (
)
[ info ] [ RUN ] app\admin\controller\Login->login[ /var/www/html/MyBlog/application/admin/controller/Login.php ]
[ info ] [ VIEW ] /var/www/html/MyBlog/public/../application/admin/view/login/login.html [ array (
) ]
[ info ] [ LOG ] INIT File
---------------------------------------------------------------
[ 2019-04-04T11:27:45+08:00 ] 113.88.249.97 GET /admin/login/favicon.ico
[ info ] www.linguifeng.top/admin/login/favicon.ico [运行时间：0.016377s][吞吐率：61.06req/s] [内存消耗：1,654.23kb] [文件加载：48]
[ info ] [ LANG ] /var/www/html/MyBlog/thinkphp/lang/zh-cn.php
[ info ] [ ROUTE ] array (
  'type' => 'module',
  'module' => 
  array (
    0 => 'admin',
    1 => 'login',
    2 => 'favicon.ico',
  ),
)
[ info ] [ HEADER ] array (
  'cookie' => 'thinkphp_show_page_trace=0|0; pgv_pvi=4712565760; PHPSESSID=t95d335mlstpea3hn85oo8g8d3; thinkphp_show_page_trace=0|0',
  'accept-language' => 'zh-CN,zh;q=0.9',
  'accept-encoding' => 'gzip, deflate',
  'referer' => 'http://www.linguifeng.top/admin/login/login.html',
  'accept' => 'image/webp,image/apng,image/*,*/*;q=0.8',
  'user-agent' => 'Mozilla/5.0 (Windows NT 10.0; Win64; x64) AppleWebKit/537.36 (KHTML, like Gecko) Chrome/72.0.3626.121 Safari/537.36',
  'connection' => 'keep-alive',
  'host' => 'www.linguifeng.top',
  'content-type' => '',
  'content-length' => '',
)
[ info ] [ PARAM ] array (
)
[ info ] [ LOG ] INIT File
---------------------------------------------------------------
[ 2019-04-04T11:27:53+08:00 ] 113.88.249.97 POST /admin/login/login.html
[ info ] www.linguifeng.top/admin/login/login.html [运行时间：0.095629s][吞吐率：10.46req/s] [内存消耗：2,586.45kb] [文件加载：55]
[ info ] [ LANG ] /var/www/html/MyBlog/thinkphp/lang/zh-cn.php
[ info ] [ ROUTE ] array (
  'type' => 'module',
  'module' => 
  array (
    0 => 'admin',
    1 => 'login',
    2 => 'login',
  ),
)
[ info ] [ HEADER ] array (
  'cookie' => 'thinkphp_show_page_trace=0|0; pgv_pvi=4712565760; PHPSESSID=t95d335mlstpea3hn85oo8g8d3; thinkphp_show_page_trace=0|0',
  'accept-language' => 'zh-CN,zh;q=0.9',
  'accept-encoding' => 'gzip, deflate',
  'referer' => 'http://www.linguifeng.top/admin/login/login.html',
  'accept' => 'text/html,application/xhtml+xml,application/xml;q=0.9,image/webp,image/apng,*/*;q=0.8',
  'user-agent' => 'Mozilla/5.0 (Windows NT 10.0; Win64; x64) AppleWebKit/537.36 (KHTML, like Gecko) Chrome/72.0.3626.121 Safari/537.36',
  'content-type' => 'application/x-www-form-urlencoded',
  'upgrade-insecure-requests' => '1',
  'origin' => 'http://www.linguifeng.top',
  'cache-control' => 'max-age=0',
  'content-length' => '26',
  'connection' => 'keep-alive',
  'host' => 'www.linguifeng.top',
)
[ info ] [ PARAM ] array (
  'user' => 'admin',
  'password' => '123456',
)
[ info ] [ RUN ] app\admin\controller\Login->login[ /var/www/html/MyBlog/application/admin/controller/Login.php ]
[ info ] [ DB ] INIT mysql
[ info ] [ SESSION ] INIT array (
  'id' => '',
  'var_session_id' => '',
  'prefix' => 'think',
  'type' => '',
  'auto_start' => true,
)
[ info ] [ VIEW ] /var/www/html/MyBlog/thinkphp/tpl/dispatch_jump.tpl [ array (
  0 => 'code',
  1 => 'msg',
  2 => 'data',
  3 => 'url',
  4 => 'wait',
) ]
[ info ] [ LOG ] INIT File
[ sql ] [ DB ] CONNECT:[ UseTime:0.000446s ] mysql:host=127.0.0.1;dbname=blog;charset=utf8
[ sql ] [ SQL ] SHOW COLUMNS FROM `blog_admin` [ RunTime:0.000705s ]
[ sql ] [ SQL ] SELECT * FROM `blog_admin` WHERE  `user` = 'admin'  AND `password` = 'e10adc3949ba59abbe56e057f20f883e'  AND `status` = 1 LIMIT 1 [ RunTime:0.000344s ]
[ sql ] [ SQL ] SHOW COLUMNS FROM `blog_admin_record` [ RunTime:0.000769s ]
[ sql ] [ SQL ] INSERT INTO `blog_admin_record` (`ip` , `aid` , `area` , `time`) VALUES ('113.88.249.97' , 6 , '-' , '19-04-04 11:27:53') [ RunTime:0.004048s ]
---------------------------------------------------------------
[ 2019-04-04T11:27:56+08:00 ] 113.88.249.97 GET /admin/index/index.html
[ info ] www.linguifeng.top/admin/index/index.html [运行时间：0.015010s][吞吐率：66.62req/s] [内存消耗：1,695.03kb] [文件加载：49]
[ info ] [ LANG ] /var/www/html/MyBlog/thinkphp/lang/zh-cn.php
[ info ] [ ROUTE ] array (
  'type' => 'module',
  'module' => 
  array (
    0 => 'admin',
    1 => 'index',
    2 => 'index',
  ),
)
[ info ] [ HEADER ] array (
  'cookie' => 'pgv_pvi=4712565760; PHPSESSID=t95d335mlstpea3hn85oo8g8d3; thinkphp_show_page_trace=0|0',
  'accept-language' => 'zh-CN,zh;q=0.9',
  'accept-encoding' => 'gzip, deflate',
  'referer' => 'http://www.linguifeng.top/admin/login/login.html',
  'accept' => 'text/html,application/xhtml+xml,application/xml;q=0.9,image/webp,image/apng,*/*;q=0.8',
  'user-agent' => 'Mozilla/5.0 (Windows NT 10.0; Win64; x64) AppleWebKit/537.36 (KHTML, like Gecko) Chrome/72.0.3626.121 Safari/537.36',
  'upgrade-insecure-requests' => '1',
  'connection' => 'keep-alive',
  'host' => 'www.linguifeng.top',
  'content-type' => '',
  'content-length' => '',
)
[ info ] [ PARAM ] array (
)
[ info ] [ SESSION ] INIT array (
  'id' => '',
  'var_session_id' => '',
  'prefix' => 'think',
  'type' => '',
  'auto_start' => true,
)
[ info ] [ RUN ] app\admin\controller\Index->index[ /var/www/html/MyBlog/application/admin/controller/Index.php ]
[ info ] [ VIEW ] /var/www/html/MyBlog/public/../application/admin/view/index/index.html [ array (
) ]
[ info ] [ LOG ] INIT File
---------------------------------------------------------------
[ 2019-04-04T11:27:57+08:00 ] 113.88.249.97 GET /admin/index/main.html
[ info ] www.linguifeng.top/admin/index/main.html [运行时间：0.015466s][吞吐率：64.66req/s] [内存消耗：1,638.97kb] [文件加载：48]
[ info ] [ LANG ] /var/www/html/MyBlog/thinkphp/lang/zh-cn.php
[ info ] [ ROUTE ] array (
  'type' => 'module',
  'module' => 
  array (
    0 => 'admin',
    1 => 'index',
    2 => 'main',
  ),
)
[ info ] [ HEADER ] array (
  'cookie' => 'pgv_pvi=4712565760; PHPSESSID=t95d335mlstpea3hn85oo8g8d3; thinkphp_show_page_trace=0|0',
  'accept-language' => 'zh-CN,zh;q=0.9',
  'accept-encoding' => 'gzip, deflate',
  'referer' => 'http://www.linguifeng.top/admin/index/index.html',
  'accept' => 'text/html,application/xhtml+xml,application/xml;q=0.9,image/webp,image/apng,*/*;q=0.8',
  'user-agent' => 'Mozilla/5.0 (Windows NT 10.0; Win64; x64) AppleWebKit/537.36 (KHTML, like Gecko) Chrome/72.0.3626.121 Safari/537.36',
  'upgrade-insecure-requests' => '1',
  'connection' => 'keep-alive',
  'host' => 'www.linguifeng.top',
  'content-type' => '',
  'content-length' => '',
)
[ info ] [ PARAM ] array (
)
[ info ] [ SESSION ] INIT array (
  'id' => '',
  'var_session_id' => '',
  'prefix' => 'think',
  'type' => '',
  'auto_start' => true,
)
[ info ] [ RUN ] app\admin\controller\Index->main[ /var/www/html/MyBlog/application/admin/controller/Index.php ]
[ info ] [ VIEW ] /var/www/html/MyBlog/public/../application/admin/view/index/main.html [ array (
) ]
[ info ] [ LOG ] INIT File
---------------------------------------------------------------
[ 2019-04-04T11:27:57+08:00 ] 113.88.249.97 GET /admin/index/favicon.ico
[ info ] www.linguifeng.top/admin/index/favicon.ico [运行时间：0.014561s][吞吐率：68.68req/s] [内存消耗：1,678.38kb] [文件加载：49]
[ info ] [ LANG ] /var/www/html/MyBlog/thinkphp/lang/zh-cn.php
[ info ] [ ROUTE ] array (
  'type' => 'module',
  'module' => 
  array (
    0 => 'admin',
    1 => 'index',
    2 => 'favicon.ico',
  ),
)
[ info ] [ HEADER ] array (
  'cookie' => 'thinkphp_show_page_trace=0|0; pgv_pvi=4712565760; PHPSESSID=t95d335mlstpea3hn85oo8g8d3; thinkphp_show_page_trace=0|0',
  'accept-language' => 'zh-CN,zh;q=0.9',
  'accept-encoding' => 'gzip, deflate',
  'referer' => 'http://www.linguifeng.top/admin/index/index.html',
  'accept' => 'image/webp,image/apng,image/*,*/*;q=0.8',
  'user-agent' => 'Mozilla/5.0 (Windows NT 10.0; Win64; x64) AppleWebKit/537.36 (KHTML, like Gecko) Chrome/72.0.3626.121 Safari/537.36',
  'connection' => 'keep-alive',
  'host' => 'www.linguifeng.top',
  'content-type' => '',
  'content-length' => '',
)
[ info ] [ PARAM ] array (
)
[ info ] [ SESSION ] INIT array (
  'id' => '',
  'var_session_id' => '',
  'prefix' => 'think',
  'type' => '',
  'auto_start' => true,
)
[ info ] [ LOG ] INIT File
---------------------------------------------------------------
[ 2019-04-04T11:28:08+08:00 ] 113.88.249.97 GET /admin/picture/tuwan.html
[ info ] www.linguifeng.top/admin/picture/tuwan.html [运行时间：0.015720s][吞吐率：63.61req/s] [内存消耗：1,815.13kb] [文件加载：50]
[ info ] [ LANG ] /var/www/html/MyBlog/thinkphp/lang/zh-cn.php
[ info ] [ ROUTE ] array (
  'type' => 'module',
  'module' => 
  array (
    0 => 'admin',
    1 => 'picture',
    2 => 'tuwan',
  ),
)
[ info ] [ HEADER ] array (
  'cookie' => 'pgv_pvi=4712565760; PHPSESSID=t95d335mlstpea3hn85oo8g8d3; thinkphp_show_page_trace=0|0',
  'accept-language' => 'zh-CN,zh;q=0.9',
  'accept-encoding' => 'gzip, deflate',
  'referer' => 'http://www.linguifeng.top/admin/index/index.html',
  'accept' => 'text/html,application/xhtml+xml,application/xml;q=0.9,image/webp,image/apng,*/*;q=0.8',
  'user-agent' => 'Mozilla/5.0 (Windows NT 10.0; Win64; x64) AppleWebKit/537.36 (KHTML, like Gecko) Chrome/72.0.3626.121 Safari/537.36',
  'upgrade-insecure-requests' => '1',
  'connection' => 'keep-alive',
  'host' => 'www.linguifeng.top',
  'content-type' => '',
  'content-length' => '',
)
[ info ] [ PARAM ] array (
)
[ info ] [ SESSION ] INIT array (
  'id' => '',
  'var_session_id' => '',
  'prefix' => 'think',
  'type' => '',
  'auto_start' => true,
)
[ info ] [ RUN ] app\admin\controller\Picture->tuwan[ /var/www/html/MyBlog/application/admin/controller/Picture.php ]
[ info ] [ VIEW ] /var/www/html/MyBlog/public/../application/admin/view/picture/admin-tuwanoperation.html [ array (
) ]
[ info ] [ LOG ] INIT File
---------------------------------------------------------------
[ 2019-04-04T11:28:11+08:00 ] 113.88.249.97 GET /static/admin/css/bootstrap.min.css.map
[ info ] www.linguifeng.top/static/admin/css/bootstrap.min.css.map [运行时间：0.012035s][吞吐率：83.09req/s] [内存消耗：1,406.85kb] [文件加载：39]
[ info ] [ LANG ] /var/www/html/MyBlog/thinkphp/lang/zh-cn.php
[ info ] [ ROUTE ] array (
  'type' => 'module',
  'module' => 
  array (
    0 => 'static',
    1 => 'admin',
    2 => 'css',
  ),
)
[ info ] [ HEADER ] array (
  'cookie' => 'pgv_pvi=4712565760; PHPSESSID=t95d335mlstpea3hn85oo8g8d3; thinkphp_show_page_trace=0|0',
  'accept-language' => 'zh-CN,zh;q=0.9',
  'accept-encoding' => 'gzip, deflate',
  'user-agent' => 'Mozilla/5.0 (iPhone; CPU iPhone OS 11_0 like Mac OS X) AppleWebKit/604.1.38 (KHTML, like Gecko) Version/11.0 Mobile/15A372 Safari/604.1',
  'connection' => 'keep-alive',
  'host' => 'www.linguifeng.top',
  'content-type' => '',
  'content-length' => '',
)
[ info ] [ PARAM ] array (
)
[ info ] [ LOG ] INIT File
---------------------------------------------------------------
[ 2019-04-04T11:28:13+08:00 ] 113.88.249.97 POST /admin/Picture/tuwan_b
[ info ] www.linguifeng.top/admin/Picture/tuwan_b [运行时间：0.022331s][吞吐率：44.78req/s] [内存消耗：2,403.95kb] [文件加载：51]
[ info ] [ LANG ] /var/www/html/MyBlog/thinkphp/lang/zh-cn.php
[ info ] [ ROUTE ] array (
  'type' => 'module',
  'module' => 
  array (
    0 => 'admin',
    1 => 'Picture',
    2 => 'tuwan_b',
  ),
)
[ info ] [ HEADER ] array (
  'cookie' => 'pgv_pvi=4712565760; PHPSESSID=t95d335mlstpea3hn85oo8g8d3; thinkphp_show_page_trace=0|0',
  'accept-language' => 'zh-CN,zh;q=0.9',
  'accept-encoding' => 'gzip, deflate',
  'referer' => 'http://www.linguifeng.top/admin/picture/tuwan.html',
  'content-type' => 'application/x-www-form-urlencoded; charset=UTF-8',
  'user-agent' => 'Mozilla/5.0 (Windows NT 10.0; Win64; x64) AppleWebKit/537.36 (KHTML, like Gecko) Chrome/72.0.3626.121 Safari/537.36',
  'x-requested-with' => 'XMLHttpRequest',
  'origin' => 'http://www.linguifeng.top',
  'accept' => 'application/json, text/javascript, */*; q=0.01',
  'content-length' => '6',
  'connection' => 'keep-alive',
  'host' => 'www.linguifeng.top',
)
[ info ] [ PARAM ] array (
  'page' => '1',
)
[ info ] [ SESSION ] INIT array (
  'id' => '',
  'var_session_id' => '',
  'prefix' => 'think',
  'type' => '',
  'auto_start' => true,
)
[ info ] [ RUN ] app\admin\controller\Picture->tuwan_b[ /var/www/html/MyBlog/application/admin/controller/Picture.php ]
[ info ] [ DB ] INIT mysql
[ info ] [ LOG ] INIT File
[ sql ] [ DB ] CONNECT:[ UseTime:0.000441s ] mysql:host=127.0.0.1;dbname=blog;charset=utf8
[ sql ] [ SQL ] SHOW COLUMNS FROM `blog_tuwan_url` [ RunTime:0.000627s ]
[ sql ] [ SQL ] SELECT * FROM `blog_tuwan_url` LIMIT 0,100 [ RunTime:0.000676s ]
[ sql ] [ SQL ] SHOW COLUMNS FROM `blog_tuwan` [ RunTime:0.000474s ]
[ sql ] [ SQL ] SELECT MAX(pid) AS tp_max FROM `blog_tuwan` LIMIT 1 [ RunTime:0.001052s ]
---------------------------------------------------------------
[ 2019-04-04T11:31:05+08:00 ] 113.88.249.97 GET /admin/index/index.html
[ info ] www.linguifeng.top/admin/index/index.html [运行时间：0.014161s][吞吐率：70.62req/s] [内存消耗：1,695.07kb] [文件加载：49]
[ info ] [ LANG ] /var/www/html/MyBlog/thinkphp/lang/zh-cn.php
[ info ] [ ROUTE ] array (
  'type' => 'module',
  'module' => 
  array (
    0 => 'admin',
    1 => 'index',
    2 => 'index',
  ),
)
[ info ] [ HEADER ] array (
  'cookie' => 'thinkphp_show_page_trace=0|0; pgv_pvi=4712565760; PHPSESSID=t95d335mlstpea3hn85oo8g8d3; thinkphp_show_page_trace=0|0',
  'accept-language' => 'zh-CN,zh;q=0.9',
  'accept-encoding' => 'gzip, deflate',
  'referer' => 'http://www.linguifeng.top/admin/login/login.html',
  'accept' => 'text/html,application/xhtml+xml,application/xml;q=0.9,image/webp,image/apng,*/*;q=0.8',
  'user-agent' => 'Mozilla/5.0 (Windows NT 10.0; Win64; x64) AppleWebKit/537.36 (KHTML, like Gecko) Chrome/72.0.3626.121 Safari/537.36',
  'upgrade-insecure-requests' => '1',
  'cache-control' => 'max-age=0',
  'connection' => 'keep-alive',
  'host' => 'www.linguifeng.top',
  'content-type' => '',
  'content-length' => '',
)
[ info ] [ PARAM ] array (
)
[ info ] [ SESSION ] INIT array (
  'id' => '',
  'var_session_id' => '',
  'prefix' => 'think',
  'type' => '',
  'auto_start' => true,
)
[ info ] [ RUN ] app\admin\controller\Index->index[ /var/www/html/MyBlog/application/admin/controller/Index.php ]
[ info ] [ VIEW ] /var/www/html/MyBlog/public/../application/admin/view/index/index.html [ array (
) ]
[ info ] [ LOG ] INIT File
---------------------------------------------------------------
[ 2019-04-04T11:31:05+08:00 ] 113.88.249.97 GET /admin/index/main.html
[ info ] www.linguifeng.top/admin/index/main.html [运行时间：0.014036s][吞吐率：71.25req/s] [内存消耗：1,638.97kb] [文件加载：48]
[ info ] [ LANG ] /var/www/html/MyBlog/thinkphp/lang/zh-cn.php
[ info ] [ ROUTE ] array (
  'type' => 'module',
  'module' => 
  array (
    0 => 'admin',
    1 => 'index',
    2 => 'main',
  ),
)
[ info ] [ HEADER ] array (
  'cookie' => 'thinkphp_show_page_trace=0|0; pgv_pvi=4712565760; PHPSESSID=t95d335mlstpea3hn85oo8g8d3; thinkphp_show_page_trace=0|0',
  'accept-language' => 'zh-CN,zh;q=0.9',
  'accept-encoding' => 'gzip, deflate',
  'referer' => 'http://www.linguifeng.top/admin/index/index.html',
  'accept' => 'text/html,application/xhtml+xml,application/xml;q=0.9,image/webp,image/apng,*/*;q=0.8',
  'user-agent' => 'Mozilla/5.0 (Windows NT 10.0; Win64; x64) AppleWebKit/537.36 (KHTML, like Gecko) Chrome/72.0.3626.121 Safari/537.36',
  'upgrade-insecure-requests' => '1',
  'connection' => 'keep-alive',
  'host' => 'www.linguifeng.top',
  'content-type' => '',
  'content-length' => '',
)
[ info ] [ PARAM ] array (
)
[ info ] [ SESSION ] INIT array (
  'id' => '',
  'var_session_id' => '',
  'prefix' => 'think',
  'type' => '',
  'auto_start' => true,
)
[ info ] [ RUN ] app\admin\controller\Index->main[ /var/www/html/MyBlog/application/admin/controller/Index.php ]
[ info ] [ VIEW ] /var/www/html/MyBlog/public/../application/admin/view/index/main.html [ array (
) ]
[ info ] [ LOG ] INIT File
---------------------------------------------------------------
[ 2019-04-04T11:31:05+08:00 ] 113.88.249.97 GET /static/admin/css/bootstrap.min.css.map
[ info ] www.linguifeng.top/static/admin/css/bootstrap.min.css.map [运行时间：0.011577s][吞吐率：86.38req/s] [内存消耗：1,406.60kb] [文件加载：39]
[ info ] [ LANG ] /var/www/html/MyBlog/thinkphp/lang/zh-cn.php
[ info ] [ ROUTE ] array (
  'type' => 'module',
  'module' => 
  array (
    0 => 'static',
    1 => 'admin',
    2 => 'css',
  ),
)
[ info ] [ HEADER ] array (
  'cookie' => 'pgv_pvi=4712565760; PHPSESSID=t95d335mlstpea3hn85oo8g8d3; thinkphp_show_page_trace=0|0',
  'accept-language' => 'zh-CN,zh;q=0.9',
  'accept-encoding' => 'gzip, deflate',
  'user-agent' => 'Mozilla/5.0 (Windows NT 10.0; Win64; x64) AppleWebKit/537.36 (KHTML, like Gecko) Chrome/72.0.3626.121 Safari/537.36',
  'connection' => 'keep-alive',
  'host' => 'www.linguifeng.top',
  'content-type' => '',
  'content-length' => '',
)
[ info ] [ PARAM ] array (
)
[ info ] [ LOG ] INIT File
---------------------------------------------------------------
[ 2019-04-04T11:31:05+08:00 ] 113.88.249.97 GET /static/admin/css/bootstrap.min.css.map
[ info ] www.linguifeng.top/static/admin/css/bootstrap.min.css.map [运行时间：0.012827s][吞吐率：77.96req/s] [内存消耗：1,406.60kb] [文件加载：39]
[ info ] [ LANG ] /var/www/html/MyBlog/thinkphp/lang/zh-cn.php
[ info ] [ ROUTE ] array (
  'type' => 'module',
  'module' => 
  array (
    0 => 'static',
    1 => 'admin',
    2 => 'css',
  ),
)
[ info ] [ HEADER ] array (
  'cookie' => 'pgv_pvi=4712565760; PHPSESSID=t95d335mlstpea3hn85oo8g8d3; thinkphp_show_page_trace=0|0',
  'accept-language' => 'zh-CN,zh;q=0.9',
  'accept-encoding' => 'gzip, deflate',
  'user-agent' => 'Mozilla/5.0 (Windows NT 10.0; Win64; x64) AppleWebKit/537.36 (KHTML, like Gecko) Chrome/72.0.3626.121 Safari/537.36',
  'connection' => 'keep-alive',
  'host' => 'www.linguifeng.top',
  'content-type' => '',
  'content-length' => '',
)
[ info ] [ PARAM ] array (
)
[ info ] [ LOG ] INIT File
---------------------------------------------------------------
[ 2019-04-04T11:31:08+08:00 ] 113.88.249.97 GET /admin/picture/tuwan.html
[ info ] www.linguifeng.top/admin/picture/tuwan.html [运行时间：0.014274s][吞吐率：70.06req/s] [内存消耗：1,677.28kb] [文件加载：48]
[ info ] [ LANG ] /var/www/html/MyBlog/thinkphp/lang/zh-cn.php
[ info ] [ ROUTE ] array (
  'type' => 'module',
  'module' => 
  array (
    0 => 'admin',
    1 => 'picture',
    2 => 'tuwan',
  ),
)
[ info ] [ HEADER ] array (
  'cookie' => 'thinkphp_show_page_trace=0|0; pgv_pvi=4712565760; PHPSESSID=t95d335mlstpea3hn85oo8g8d3; thinkphp_show_page_trace=0|0',
  'accept-language' => 'zh-CN,zh;q=0.9',
  'accept-encoding' => 'gzip, deflate',
  'referer' => 'http://www.linguifeng.top/admin/index/index.html',
  'accept' => 'text/html,application/xhtml+xml,application/xml;q=0.9,image/webp,image/apng,*/*;q=0.8',
  'user-agent' => 'Mozilla/5.0 (Windows NT 10.0; Win64; x64) AppleWebKit/537.36 (KHTML, like Gecko) Chrome/72.0.3626.121 Safari/537.36',
  'upgrade-insecure-requests' => '1',
  'connection' => 'keep-alive',
  'host' => 'www.linguifeng.top',
  'content-type' => '',
  'content-length' => '',
)
[ info ] [ PARAM ] array (
)
[ info ] [ SESSION ] INIT array (
  'id' => '',
  'var_session_id' => '',
  'prefix' => 'think',
  'type' => '',
  'auto_start' => true,
)
[ info ] [ RUN ] app\admin\controller\Picture->tuwan[ /var/www/html/MyBlog/application/admin/controller/Picture.php ]
[ info ] [ VIEW ] /var/www/html/MyBlog/public/../application/admin/view/picture/admin-tuwanoperation.html [ array (
) ]
[ info ] [ LOG ] INIT File
---------------------------------------------------------------
[ 2019-04-04T11:31:08+08:00 ] 113.88.249.97 GET /static/admin/css/bootstrap.min.css.map
[ info ] www.linguifeng.top/static/admin/css/bootstrap.min.css.map [运行时间：0.012299s][吞吐率：81.31req/s] [内存消耗：1,406.60kb] [文件加载：39]
[ info ] [ LANG ] /var/www/html/MyBlog/thinkphp/lang/zh-cn.php
[ info ] [ ROUTE ] array (
  'type' => 'module',
  'module' => 
  array (
    0 => 'static',
    1 => 'admin',
    2 => 'css',
  ),
)
[ info ] [ HEADER ] array (
  'cookie' => 'pgv_pvi=4712565760; PHPSESSID=t95d335mlstpea3hn85oo8g8d3; thinkphp_show_page_trace=0|0',
  'accept-language' => 'zh-CN,zh;q=0.9',
  'accept-encoding' => 'gzip, deflate',
  'user-agent' => 'Mozilla/5.0 (Windows NT 10.0; Win64; x64) AppleWebKit/537.36 (KHTML, like Gecko) Chrome/72.0.3626.121 Safari/537.36',
  'connection' => 'keep-alive',
  'host' => 'www.linguifeng.top',
  'content-type' => '',
  'content-length' => '',
)
[ info ] [ PARAM ] array (
)
[ info ] [ LOG ] INIT File
---------------------------------------------------------------
[ 2019-04-04T11:31:11+08:00 ] 113.88.249.97 POST /admin/Picture/tuwan_b
[ info ] www.linguifeng.top/admin/Picture/tuwan_b [运行时间：0.023487s][吞吐率：42.58req/s] [内存消耗：2,461.50kb] [文件加载：54]
[ info ] [ LANG ] /var/www/html/MyBlog/thinkphp/lang/zh-cn.php
[ info ] [ ROUTE ] array (
  'type' => 'module',
  'module' => 
  array (
    0 => 'admin',
    1 => 'Picture',
    2 => 'tuwan_b',
  ),
)
[ info ] [ HEADER ] array (
  'cookie' => 'pgv_pvi=4712565760; PHPSESSID=t95d335mlstpea3hn85oo8g8d3; thinkphp_show_page_trace=0|0',
  'accept-language' => 'zh-CN,zh;q=0.9',
  'accept-encoding' => 'gzip, deflate',
  'referer' => 'http://www.linguifeng.top/admin/picture/tuwan.html',
  'content-type' => 'application/x-www-form-urlencoded; charset=UTF-8',
  'user-agent' => 'Mozilla/5.0 (Windows NT 10.0; Win64; x64) AppleWebKit/537.36 (KHTML, like Gecko) Chrome/72.0.3626.121 Safari/537.36',
  'x-requested-with' => 'XMLHttpRequest',
  'origin' => 'http://www.linguifeng.top',
  'accept' => 'application/json, text/javascript, */*; q=0.01',
  'content-length' => '6',
  'connection' => 'keep-alive',
  'host' => 'www.linguifeng.top',
)
[ info ] [ PARAM ] array (
  'page' => '1',
)
[ info ] [ SESSION ] INIT array (
  'id' => '',
  'var_session_id' => '',
  'prefix' => 'think',
  'type' => '',
  'auto_start' => true,
)
[ info ] [ RUN ] app\admin\controller\Picture->tuwan_b[ /var/www/html/MyBlog/application/admin/controller/Picture.php ]
[ info ] [ DB ] INIT mysql
[ info ] [ LOG ] INIT File
[ sql ] [ DB ] CONNECT:[ UseTime:0.000428s ] mysql:host=127.0.0.1;dbname=blog;charset=utf8
[ sql ] [ SQL ] SHOW COLUMNS FROM `blog_tuwan_url` [ RunTime:0.000682s ]
[ sql ] [ SQL ] SELECT * FROM `blog_tuwan_url` LIMIT 0,100 [ RunTime:0.000692s ]
[ sql ] [ SQL ] SHOW COLUMNS FROM `blog_tuwan` [ RunTime:0.000522s ]
[ sql ] [ SQL ] SELECT MAX(pid) AS tp_max FROM `blog_tuwan` LIMIT 1 [ RunTime:0.000825s ]
[ error ] [8]未定义数组索引: id[/var/www/html/MyBlog/application/admin/controller/Picture.php:236]
---------------------------------------------------------------
[ 2019-04-04T11:35:19+08:00 ] 113.88.249.97 GET /admin/index/index.html
[ info ] www.linguifeng.top/admin/index/index.html [运行时间：0.015676s][吞吐率：63.79req/s] [内存消耗：1,695.07kb] [文件加载：49]
[ info ] [ LANG ] /var/www/html/MyBlog/thinkphp/lang/zh-cn.php
[ info ] [ ROUTE ] array (
  'type' => 'module',
  'module' => 
  array (
    0 => 'admin',
    1 => 'index',
    2 => 'index',
  ),
)
[ info ] [ HEADER ] array (
  'cookie' => 'thinkphp_show_page_trace=0|0; pgv_pvi=4712565760; PHPSESSID=t95d335mlstpea3hn85oo8g8d3; thinkphp_show_page_trace=0|0',
  'accept-language' => 'zh-CN,zh;q=0.9',
  'accept-encoding' => 'gzip, deflate',
  'referer' => 'http://www.linguifeng.top/admin/login/login.html',
  'accept' => 'text/html,application/xhtml+xml,application/xml;q=0.9,image/webp,image/apng,*/*;q=0.8',
  'user-agent' => 'Mozilla/5.0 (Windows NT 10.0; Win64; x64) AppleWebKit/537.36 (KHTML, like Gecko) Chrome/72.0.3626.121 Safari/537.36',
  'upgrade-insecure-requests' => '1',
  'cache-control' => 'max-age=0',
  'connection' => 'keep-alive',
  'host' => 'www.linguifeng.top',
  'content-type' => '',
  'content-length' => '',
)
[ info ] [ PARAM ] array (
)
[ info ] [ SESSION ] INIT array (
  'id' => '',
  'var_session_id' => '',
  'prefix' => 'think',
  'type' => '',
  'auto_start' => true,
)
[ info ] [ RUN ] app\admin\controller\Index->index[ /var/www/html/MyBlog/application/admin/controller/Index.php ]
[ info ] [ VIEW ] /var/www/html/MyBlog/public/../application/admin/view/index/index.html [ array (
) ]
[ info ] [ LOG ] INIT File
---------------------------------------------------------------
[ 2019-04-04T11:35:19+08:00 ] 113.88.249.97 GET /admin/index/main.html
[ info ] www.linguifeng.top/admin/index/main.html [运行时间：0.015074s][吞吐率：66.34req/s] [内存消耗：1,638.97kb] [文件加载：48]
[ info ] [ LANG ] /var/www/html/MyBlog/thinkphp/lang/zh-cn.php
[ info ] [ ROUTE ] array (
  'type' => 'module',
  'module' => 
  array (
    0 => 'admin',
    1 => 'index',
    2 => 'main',
  ),
)
[ info ] [ HEADER ] array (
  'cookie' => 'thinkphp_show_page_trace=0|0; pgv_pvi=4712565760; PHPSESSID=t95d335mlstpea3hn85oo8g8d3; thinkphp_show_page_trace=0|0',
  'accept-language' => 'zh-CN,zh;q=0.9',
  'accept-encoding' => 'gzip, deflate',
  'referer' => 'http://www.linguifeng.top/admin/index/index.html',
  'accept' => 'text/html,application/xhtml+xml,application/xml;q=0.9,image/webp,image/apng,*/*;q=0.8',
  'user-agent' => 'Mozilla/5.0 (Windows NT 10.0; Win64; x64) AppleWebKit/537.36 (KHTML, like Gecko) Chrome/72.0.3626.121 Safari/537.36',
  'upgrade-insecure-requests' => '1',
  'connection' => 'keep-alive',
  'host' => 'www.linguifeng.top',
  'content-type' => '',
  'content-length' => '',
)
[ info ] [ PARAM ] array (
)
[ info ] [ SESSION ] INIT array (
  'id' => '',
  'var_session_id' => '',
  'prefix' => 'think',
  'type' => '',
  'auto_start' => true,
)
[ info ] [ RUN ] app\admin\controller\Index->main[ /var/www/html/MyBlog/application/admin/controller/Index.php ]
[ info ] [ VIEW ] /var/www/html/MyBlog/public/../application/admin/view/index/main.html [ array (
) ]
[ info ] [ LOG ] INIT File
---------------------------------------------------------------
[ 2019-04-04T11:35:20+08:00 ] 113.88.249.97 GET /static/admin/css/bootstrap.min.css.map
[ info ] www.linguifeng.top/static/admin/css/bootstrap.min.css.map [运行时间：0.012931s][吞吐率：77.33req/s] [内存消耗：1,406.60kb] [文件加载：39]
[ info ] [ LANG ] /var/www/html/MyBlog/thinkphp/lang/zh-cn.php
[ info ] [ ROUTE ] array (
  'type' => 'module',
  'module' => 
  array (
    0 => 'static',
    1 => 'admin',
    2 => 'css',
  ),
)
[ info ] [ HEADER ] array (
  'cookie' => 'pgv_pvi=4712565760; PHPSESSID=t95d335mlstpea3hn85oo8g8d3; thinkphp_show_page_trace=0|0',
  'accept-language' => 'zh-CN,zh;q=0.9',
  'accept-encoding' => 'gzip, deflate',
  'user-agent' => 'Mozilla/5.0 (Windows NT 10.0; Win64; x64) AppleWebKit/537.36 (KHTML, like Gecko) Chrome/72.0.3626.121 Safari/537.36',
  'connection' => 'keep-alive',
  'host' => 'www.linguifeng.top',
  'content-type' => '',
  'content-length' => '',
)
[ info ] [ PARAM ] array (
)
[ info ] [ LOG ] INIT File
---------------------------------------------------------------
[ 2019-04-04T11:35:20+08:00 ] 113.88.249.97 GET /static/admin/css/bootstrap.min.css.map
[ info ] www.linguifeng.top/static/admin/css/bootstrap.min.css.map [运行时间：0.012503s][吞吐率：79.98req/s] [内存消耗：1,406.60kb] [文件加载：39]
[ info ] [ LANG ] /var/www/html/MyBlog/thinkphp/lang/zh-cn.php
[ info ] [ ROUTE ] array (
  'type' => 'module',
  'module' => 
  array (
    0 => 'static',
    1 => 'admin',
    2 => 'css',
  ),
)
[ info ] [ HEADER ] array (
  'cookie' => 'pgv_pvi=4712565760; PHPSESSID=t95d335mlstpea3hn85oo8g8d3; thinkphp_show_page_trace=0|0',
  'accept-language' => 'zh-CN,zh;q=0.9',
  'accept-encoding' => 'gzip, deflate',
  'user-agent' => 'Mozilla/5.0 (Windows NT 10.0; Win64; x64) AppleWebKit/537.36 (KHTML, like Gecko) Chrome/72.0.3626.121 Safari/537.36',
  'connection' => 'keep-alive',
  'host' => 'www.linguifeng.top',
  'content-type' => '',
  'content-length' => '',
)
[ info ] [ PARAM ] array (
)
[ info ] [ LOG ] INIT File
---------------------------------------------------------------
[ 2019-04-04T11:35:21+08:00 ] 113.88.249.97 GET /admin/picture/tuwan.html
[ info ] www.linguifeng.top/admin/picture/tuwan.html [运行时间：0.015109s][吞吐率：66.19req/s] [内存消耗：1,677.28kb] [文件加载：48]
[ info ] [ LANG ] /var/www/html/MyBlog/thinkphp/lang/zh-cn.php
[ info ] [ ROUTE ] array (
  'type' => 'module',
  'module' => 
  array (
    0 => 'admin',
    1 => 'picture',
    2 => 'tuwan',
  ),
)
[ info ] [ HEADER ] array (
  'cookie' => 'thinkphp_show_page_trace=0|0; pgv_pvi=4712565760; PHPSESSID=t95d335mlstpea3hn85oo8g8d3; thinkphp_show_page_trace=0|0',
  'accept-language' => 'zh-CN,zh;q=0.9',
  'accept-encoding' => 'gzip, deflate',
  'referer' => 'http://www.linguifeng.top/admin/index/index.html',
  'accept' => 'text/html,application/xhtml+xml,application/xml;q=0.9,image/webp,image/apng,*/*;q=0.8',
  'user-agent' => 'Mozilla/5.0 (Windows NT 10.0; Win64; x64) AppleWebKit/537.36 (KHTML, like Gecko) Chrome/72.0.3626.121 Safari/537.36',
  'upgrade-insecure-requests' => '1',
  'connection' => 'keep-alive',
  'host' => 'www.linguifeng.top',
  'content-type' => '',
  'content-length' => '',
)
[ info ] [ PARAM ] array (
)
[ info ] [ SESSION ] INIT array (
  'id' => '',
  'var_session_id' => '',
  'prefix' => 'think',
  'type' => '',
  'auto_start' => true,
)
[ info ] [ RUN ] app\admin\controller\Picture->tuwan[ /var/www/html/MyBlog/application/admin/controller/Picture.php ]
[ info ] [ VIEW ] /var/www/html/MyBlog/public/../application/admin/view/picture/admin-tuwanoperation.html [ array (
) ]
[ info ] [ LOG ] INIT File
---------------------------------------------------------------
[ 2019-04-04T11:35:21+08:00 ] 113.88.249.97 GET /static/admin/css/bootstrap.min.css.map
[ info ] www.linguifeng.top/static/admin/css/bootstrap.min.css.map [运行时间：0.014055s][吞吐率：71.15req/s] [内存消耗：1,406.60kb] [文件加载：39]
[ info ] [ LANG ] /var/www/html/MyBlog/thinkphp/lang/zh-cn.php
[ info ] [ ROUTE ] array (
  'type' => 'module',
  'module' => 
  array (
    0 => 'static',
    1 => 'admin',
    2 => 'css',
  ),
)
[ info ] [ HEADER ] array (
  'cookie' => 'pgv_pvi=4712565760; PHPSESSID=t95d335mlstpea3hn85oo8g8d3; thinkphp_show_page_trace=0|0',
  'accept-language' => 'zh-CN,zh;q=0.9',
  'accept-encoding' => 'gzip, deflate',
  'user-agent' => 'Mozilla/5.0 (Windows NT 10.0; Win64; x64) AppleWebKit/537.36 (KHTML, like Gecko) Chrome/72.0.3626.121 Safari/537.36',
  'connection' => 'keep-alive',
  'host' => 'www.linguifeng.top',
  'content-type' => '',
  'content-length' => '',
)
[ info ] [ PARAM ] array (
)
[ info ] [ LOG ] INIT File
---------------------------------------------------------------
[ 2019-04-04T11:35:22+08:00 ] 113.88.249.97 POST /admin/Picture/tuwan_b
[ info ] www.linguifeng.top/admin/Picture/tuwan_b [运行时间：0.024204s][吞吐率：41.32req/s] [内存消耗：2,461.50kb] [文件加载：54]
[ info ] [ LANG ] /var/www/html/MyBlog/thinkphp/lang/zh-cn.php
[ info ] [ ROUTE ] array (
  'type' => 'module',
  'module' => 
  array (
    0 => 'admin',
    1 => 'Picture',
    2 => 'tuwan_b',
  ),
)
[ info ] [ HEADER ] array (
  'cookie' => 'pgv_pvi=4712565760; PHPSESSID=t95d335mlstpea3hn85oo8g8d3; thinkphp_show_page_trace=0|0',
  'accept-language' => 'zh-CN,zh;q=0.9',
  'accept-encoding' => 'gzip, deflate',
  'referer' => 'http://www.linguifeng.top/admin/picture/tuwan.html',
  'content-type' => 'application/x-www-form-urlencoded; charset=UTF-8',
  'user-agent' => 'Mozilla/5.0 (Windows NT 10.0; Win64; x64) AppleWebKit/537.36 (KHTML, like Gecko) Chrome/72.0.3626.121 Safari/537.36',
  'x-requested-with' => 'XMLHttpRequest',
  'origin' => 'http://www.linguifeng.top',
  'accept' => 'application/json, text/javascript, */*; q=0.01',
  'content-length' => '6',
  'connection' => 'keep-alive',
  'host' => 'www.linguifeng.top',
)
[ info ] [ PARAM ] array (
  'page' => '1',
)
[ info ] [ SESSION ] INIT array (
  'id' => '',
  'var_session_id' => '',
  'prefix' => 'think',
  'type' => '',
  'auto_start' => true,
)
[ info ] [ RUN ] app\admin\controller\Picture->tuwan_b[ /var/www/html/MyBlog/application/admin/controller/Picture.php ]
[ info ] [ DB ] INIT mysql
[ info ] [ LOG ] INIT File
[ sql ] [ DB ] CONNECT:[ UseTime:0.000416s ] mysql:host=127.0.0.1;dbname=blog;charset=utf8
[ sql ] [ SQL ] SHOW COLUMNS FROM `blog_tuwan_url` [ RunTime:0.000672s ]
[ sql ] [ SQL ] SELECT * FROM `blog_tuwan_url` LIMIT 0,100 [ RunTime:0.000662s ]
[ sql ] [ SQL ] SHOW COLUMNS FROM `blog_tuwan` [ RunTime:0.000536s ]
[ sql ] [ SQL ] SELECT MAX(pid) AS tp_max FROM `blog_tuwan` LIMIT 1 [ RunTime:0.000867s ]
[ error ] [8]未定义数组索引: id[/var/www/html/MyBlog/application/admin/controller/Picture.php:236]
---------------------------------------------------------------
[ 2019-04-04T11:35:53+08:00 ] 180.163.220.4 GET /
[ info ] www.linguifeng.top/ [运行时间：0.023738s][吞吐率：42.13req/s] [内存消耗：2,673.65kb] [文件加载：55]
[ info ] [ LANG ] /var/www/html/MyBlog/thinkphp/lang/zh-cn.php
[ info ] [ ROUTE ] array (
  'type' => 'module',
  'module' => 
  array (
    0 => '',
    1 => NULL,
    2 => NULL,
  ),
)
[ info ] [ HEADER ] array (
  'accept-encoding' => 'gzip, deflate',
  'accept' => 'text/html,application/xhtml+xml,application/xml;q=0.9,image/webp,image/apng,*/*;q=0.8',
  'upgrade-insecure-requests' => '1',
  'user-agent' => 'Mozilla/5.0 (iPhone; CPU iPhone OS 11_0 like Mac OS X) AppleWebKit/604.1.38 (KHTML, like Gecko) Version/11.0 Mobile/15A372 Safari/604.1',
  'connection' => 'keep-alive',
  'host' => 'www.linguifeng.top',
  'content-type' => '',
  'content-length' => '',
)
[ info ] [ PARAM ] array (
)
[ info ] [ RUN ] app\index\controller\Index->index[ /var/www/html/MyBlog/application/index/controller/Index.php ]
[ info ] [ DB ] INIT mysql
[ info ] [ VIEW ] /var/www/html/MyBlog/public/../application/index/view/index/index.html [ array (
  0 => 'data',
  1 => 'user',
  2 => 'lunbo',
) ]
[ info ] [ LOG ] INIT File
[ sql ] [ DB ] CONNECT:[ UseTime:0.000380s ] mysql:host=127.0.0.1;dbname=blog;charset=utf8
[ sql ] [ SQL ] SHOW COLUMNS FROM `blog_admin` [ RunTime:0.000661s ]
[ sql ] [ SQL ] SELECT * FROM `blog_admin` WHERE  `id` = 7  AND `name` = '林桂锋' LIMIT 1 [ RunTime:0.000357s ]
[ sql ] [ SQL ] SHOW COLUMNS FROM `blog_lunbo` [ RunTime:0.000441s ]
[ sql ] [ SQL ] SELECT * FROM `blog_lunbo` WHERE  `status` = 1 ORDER BY `sort` DESC [ RunTime:0.000280s ]
[ sql ] [ SQL ] SHOW COLUMNS FROM `blog_article` [ RunTime:0.000418s ]
[ sql ] [ SQL ] SELECT * FROM `blog_article` WHERE  `status` = 1 ORDER BY `time` DESC [ RunTime:0.000282s ]
---------------------------------------------------------------
[ 2019-04-04T11:36:11+08:00 ] 42.236.10.84 GET /admin
[ info ] www.linguifeng.top/admin [运行时间：0.014375s][吞吐率：69.56req/s] [内存消耗：1,678.24kb] [文件加载：49]
[ info ] [ LANG ] /var/www/html/MyBlog/thinkphp/lang/zh-cn.php
[ info ] [ ROUTE ] array (
  'type' => 'module',
  'module' => 
  array (
    0 => 'admin',
    1 => NULL,
    2 => NULL,
  ),
)
[ info ] [ HEADER ] array (
  'accept-encoding' => 'gzip, deflate',
  'accept' => 'text/html,application/xhtml+xml,application/xml;q=0.9,image/webp,image/apng,*/*;q=0.8',
  'upgrade-insecure-requests' => '1',
  'user-agent' => 'Mozilla/5.0 (iPhone; CPU iPhone OS 11_0 like Mac OS X) AppleWebKit/604.1.38 (KHTML, like Gecko) Version/11.0 Mobile/15A372 Safari/604.1',
  'connection' => 'keep-alive',
  'host' => 'www.linguifeng.top',
  'content-type' => '',
  'content-length' => '',
)
[ info ] [ PARAM ] array (
)
[ info ] [ SESSION ] INIT array (
  'id' => '',
  'var_session_id' => '',
  'prefix' => 'think',
  'type' => '',
  'auto_start' => true,
)
[ info ] [ VIEW ] /var/www/html/MyBlog/thinkphp/tpl/dispatch_jump.tpl [ array (
  0 => 'code',
  1 => 'msg',
  2 => 'data',
  3 => 'url',
  4 => 'wait',
) ]
[ info ] [ LOG ] INIT File
---------------------------------------------------------------
[ 2019-04-04T11:36:17+08:00 ] 180.163.220.4 GET /uploads/20190304/46e36bdc5ea193235bed0209d662aaba.jpg
[ info ] www.linguifeng.top/uploads/20190304/46e36bdc5ea193235bed0209d662aaba.jpg [运行时间：0.012550s][吞吐率：79.68req/s] [内存消耗：1,407.45kb] [文件加载：39]
[ info ] [ LANG ] /var/www/html/MyBlog/thinkphp/lang/zh-cn.php
[ info ] [ ROUTE ] array (
  'type' => 'module',
  'module' => 
  array (
    0 => 'uploads',
    1 => '20190304',
    2 => '46e36bdc5ea193235bed0209d662aaba.jpg',
  ),
)
[ info ] [ HEADER ] array (
  'accept-encoding' => 'gzip, deflate',
  'referer' => 'http://www.linguifeng.top/',
  'accept' => 'image/webp,image/apng,image/*,*/*;q=0.8',
  'user-agent' => 'Mozilla/5.0 (iPhone; CPU iPhone OS 11_0 like Mac OS X) AppleWebKit/604.1.38 (KHTML, like Gecko) Version/11.0 Mobile/15A372 Safari/604.1',
  'cache-control' => 'no-cache',
  'pragma' => 'no-cache',
  'connection' => 'keep-alive',
  'host' => 'www.linguifeng.top',
  'content-type' => '',
  'content-length' => '',
)
[ info ] [ PARAM ] array (
)
[ info ] [ LOG ] INIT File
---------------------------------------------------------------
[ 2019-04-04T11:36:19+08:00 ] 42.236.10.84 GET /admin/login/login.html
[ info ] www.linguifeng.top/admin/login/login.html [运行时间：0.014618s][吞吐率：68.41req/s] [内存消耗：1,661.38kb] [文件加载：48]
[ info ] [ LANG ] /var/www/html/MyBlog/thinkphp/lang/zh-cn.php
[ info ] [ ROUTE ] array (
  'type' => 'module',
  'module' => 
  array (
    0 => 'admin',
    1 => 'login',
    2 => 'login',
  ),
)
[ info ] [ HEADER ] array (
  'cookie' => 'PHPSESSID=bkvbdmvrtqmf87tno3d001qcs2',
  'accept-encoding' => 'gzip, deflate',
  'referer' => 'http://www.linguifeng.top/admin',
  'accept' => 'text/html,application/xhtml+xml,application/xml;q=0.9,image/webp,image/apng,*/*;q=0.8',
  'user-agent' => 'Mozilla/5.0 (iPhone; CPU iPhone OS 11_0 like Mac OS X) AppleWebKit/604.1.38 (KHTML, like Gecko) Version/11.0 Mobile/15A372 Safari/604.1',
  'upgrade-insecure-requests' => '1',
  'cache-control' => 'no-cache',
  'pragma' => 'no-cache',
  'connection' => 'keep-alive',
  'host' => 'www.linguifeng.top',
  'content-type' => '',
  'content-length' => '',
)
[ info ] [ PARAM ] array (
)
[ info ] [ RUN ] app\admin\controller\Login->login[ /var/www/html/MyBlog/application/admin/controller/Login.php ]
[ info ] [ VIEW ] /var/www/html/MyBlog/public/../application/admin/view/login/login.html [ array (
) ]
[ info ] [ LOG ] INIT File
---------------------------------------------------------------
[ 2019-04-04T11:37:12+08:00 ] 113.88.249.97 GET /admin/index/index.html
[ info ] www.linguifeng.top/admin/index/index.html [运行时间：0.014541s][吞吐率：68.77req/s] [内存消耗：1,695.07kb] [文件加载：49]
[ info ] [ LANG ] /var/www/html/MyBlog/thinkphp/lang/zh-cn.php
[ info ] [ ROUTE ] array (
  'type' => 'module',
  'module' => 
  array (
    0 => 'admin',
    1 => 'index',
    2 => 'index',
  ),
)
[ info ] [ HEADER ] array (
  'cookie' => 'thinkphp_show_page_trace=0|0; pgv_pvi=4712565760; PHPSESSID=t95d335mlstpea3hn85oo8g8d3; thinkphp_show_page_trace=0|0',
  'accept-language' => 'zh-CN,zh;q=0.9',
  'accept-encoding' => 'gzip, deflate',
  'referer' => 'http://www.linguifeng.top/admin/login/login.html',
  'accept' => 'text/html,application/xhtml+xml,application/xml;q=0.9,image/webp,image/apng,*/*;q=0.8',
  'user-agent' => 'Mozilla/5.0 (Windows NT 10.0; Win64; x64) AppleWebKit/537.36 (KHTML, like Gecko) Chrome/72.0.3626.121 Safari/537.36',
  'upgrade-insecure-requests' => '1',
  'cache-control' => 'max-age=0',
  'connection' => 'keep-alive',
  'host' => 'www.linguifeng.top',
  'content-type' => '',
  'content-length' => '',
)
[ info ] [ PARAM ] array (
)
[ info ] [ SESSION ] INIT array (
  'id' => '',
  'var_session_id' => '',
  'prefix' => 'think',
  'type' => '',
  'auto_start' => true,
)
[ info ] [ RUN ] app\admin\controller\Index->index[ /var/www/html/MyBlog/application/admin/controller/Index.php ]
[ info ] [ VIEW ] /var/www/html/MyBlog/public/../application/admin/view/index/index.html [ array (
) ]
[ info ] [ LOG ] INIT File
---------------------------------------------------------------
[ 2019-04-04T11:37:12+08:00 ] 113.88.249.97 GET /admin/index/main.html
[ info ] www.linguifeng.top/admin/index/main.html [运行时间：0.014788s][吞吐率：67.62req/s] [内存消耗：1,638.97kb] [文件加载：48]
[ info ] [ LANG ] /var/www/html/MyBlog/thinkphp/lang/zh-cn.php
[ info ] [ ROUTE ] array (
  'type' => 'module',
  'module' => 
  array (
    0 => 'admin',
    1 => 'index',
    2 => 'main',
  ),
)
[ info ] [ HEADER ] array (
  'cookie' => 'thinkphp_show_page_trace=0|0; pgv_pvi=4712565760; PHPSESSID=t95d335mlstpea3hn85oo8g8d3; thinkphp_show_page_trace=0|0',
  'accept-language' => 'zh-CN,zh;q=0.9',
  'accept-encoding' => 'gzip, deflate',
  'referer' => 'http://www.linguifeng.top/admin/index/index.html',
  'accept' => 'text/html,application/xhtml+xml,application/xml;q=0.9,image/webp,image/apng,*/*;q=0.8',
  'user-agent' => 'Mozilla/5.0 (Windows NT 10.0; Win64; x64) AppleWebKit/537.36 (KHTML, like Gecko) Chrome/72.0.3626.121 Safari/537.36',
  'upgrade-insecure-requests' => '1',
  'connection' => 'keep-alive',
  'host' => 'www.linguifeng.top',
  'content-type' => '',
  'content-length' => '',
)
[ info ] [ PARAM ] array (
)
[ info ] [ SESSION ] INIT array (
  'id' => '',
  'var_session_id' => '',
  'prefix' => 'think',
  'type' => '',
  'auto_start' => true,
)
[ info ] [ RUN ] app\admin\controller\Index->main[ /var/www/html/MyBlog/application/admin/controller/Index.php ]
[ info ] [ VIEW ] /var/www/html/MyBlog/public/../application/admin/view/index/main.html [ array (
) ]
[ info ] [ LOG ] INIT File
---------------------------------------------------------------
[ 2019-04-04T11:37:12+08:00 ] 113.88.249.97 GET /static/admin/css/bootstrap.min.css.map
[ info ] www.linguifeng.top/static/admin/css/bootstrap.min.css.map [运行时间：0.011644s][吞吐率：85.88req/s] [内存消耗：1,406.60kb] [文件加载：39]
[ info ] [ LANG ] /var/www/html/MyBlog/thinkphp/lang/zh-cn.php
[ info ] [ ROUTE ] array (
  'type' => 'module',
  'module' => 
  array (
    0 => 'static',
    1 => 'admin',
    2 => 'css',
  ),
)
[ info ] [ HEADER ] array (
  'cookie' => 'pgv_pvi=4712565760; PHPSESSID=t95d335mlstpea3hn85oo8g8d3; thinkphp_show_page_trace=0|0',
  'accept-language' => 'zh-CN,zh;q=0.9',
  'accept-encoding' => 'gzip, deflate',
  'user-agent' => 'Mozilla/5.0 (Windows NT 10.0; Win64; x64) AppleWebKit/537.36 (KHTML, like Gecko) Chrome/72.0.3626.121 Safari/537.36',
  'connection' => 'keep-alive',
  'host' => 'www.linguifeng.top',
  'content-type' => '',
  'content-length' => '',
)
[ info ] [ PARAM ] array (
)
[ info ] [ LOG ] INIT File
---------------------------------------------------------------
[ 2019-04-04T11:37:12+08:00 ] 113.88.249.97 GET /static/admin/css/bootstrap.min.css.map
[ info ] www.linguifeng.top/static/admin/css/bootstrap.min.css.map [运行时间：0.012123s][吞吐率：82.49req/s] [内存消耗：1,406.60kb] [文件加载：39]
[ info ] [ LANG ] /var/www/html/MyBlog/thinkphp/lang/zh-cn.php
[ info ] [ ROUTE ] array (
  'type' => 'module',
  'module' => 
  array (
    0 => 'static',
    1 => 'admin',
    2 => 'css',
  ),
)
[ info ] [ HEADER ] array (
  'cookie' => 'pgv_pvi=4712565760; PHPSESSID=t95d335mlstpea3hn85oo8g8d3; thinkphp_show_page_trace=0|0',
  'accept-language' => 'zh-CN,zh;q=0.9',
  'accept-encoding' => 'gzip, deflate',
  'user-agent' => 'Mozilla/5.0 (Windows NT 10.0; Win64; x64) AppleWebKit/537.36 (KHTML, like Gecko) Chrome/72.0.3626.121 Safari/537.36',
  'connection' => 'keep-alive',
  'host' => 'www.linguifeng.top',
  'content-type' => '',
  'content-length' => '',
)
[ info ] [ PARAM ] array (
)
[ info ] [ LOG ] INIT File
---------------------------------------------------------------
[ 2019-04-04T11:37:14+08:00 ] 113.88.249.97 GET /admin/picture/tuwan.html
[ info ] www.linguifeng.top/admin/picture/tuwan.html [运行时间：0.013822s][吞吐率：72.35req/s] [内存消耗：1,677.28kb] [文件加载：48]
[ info ] [ LANG ] /var/www/html/MyBlog/thinkphp/lang/zh-cn.php
[ info ] [ ROUTE ] array (
  'type' => 'module',
  'module' => 
  array (
    0 => 'admin',
    1 => 'picture',
    2 => 'tuwan',
  ),
)
[ info ] [ HEADER ] array (
  'cookie' => 'thinkphp_show_page_trace=0|0; pgv_pvi=4712565760; PHPSESSID=t95d335mlstpea3hn85oo8g8d3; thinkphp_show_page_trace=0|0',
  'accept-language' => 'zh-CN,zh;q=0.9',
  'accept-encoding' => 'gzip, deflate',
  'referer' => 'http://www.linguifeng.top/admin/index/index.html',
  'accept' => 'text/html,application/xhtml+xml,application/xml;q=0.9,image/webp,image/apng,*/*;q=0.8',
  'user-agent' => 'Mozilla/5.0 (Windows NT 10.0; Win64; x64) AppleWebKit/537.36 (KHTML, like Gecko) Chrome/72.0.3626.121 Safari/537.36',
  'upgrade-insecure-requests' => '1',
  'connection' => 'keep-alive',
  'host' => 'www.linguifeng.top',
  'content-type' => '',
  'content-length' => '',
)
[ info ] [ PARAM ] array (
)
[ info ] [ SESSION ] INIT array (
  'id' => '',
  'var_session_id' => '',
  'prefix' => 'think',
  'type' => '',
  'auto_start' => true,
)
[ info ] [ RUN ] app\admin\controller\Picture->tuwan[ /var/www/html/MyBlog/application/admin/controller/Picture.php ]
[ info ] [ VIEW ] /var/www/html/MyBlog/public/../application/admin/view/picture/admin-tuwanoperation.html [ array (
) ]
[ info ] [ LOG ] INIT File
---------------------------------------------------------------
[ 2019-04-04T11:37:14+08:00 ] 113.88.249.97 GET /static/admin/css/bootstrap.min.css.map
[ info ] www.linguifeng.top/static/admin/css/bootstrap.min.css.map [运行时间：0.011707s][吞吐率：85.42req/s] [内存消耗：1,406.60kb] [文件加载：39]
[ info ] [ LANG ] /var/www/html/MyBlog/thinkphp/lang/zh-cn.php
[ info ] [ ROUTE ] array (
  'type' => 'module',
  'module' => 
  array (
    0 => 'static',
    1 => 'admin',
    2 => 'css',
  ),
)
[ info ] [ HEADER ] array (
  'cookie' => 'pgv_pvi=4712565760; PHPSESSID=t95d335mlstpea3hn85oo8g8d3; thinkphp_show_page_trace=0|0',
  'accept-language' => 'zh-CN,zh;q=0.9',
  'accept-encoding' => 'gzip, deflate',
  'user-agent' => 'Mozilla/5.0 (Windows NT 10.0; Win64; x64) AppleWebKit/537.36 (KHTML, like Gecko) Chrome/72.0.3626.121 Safari/537.36',
  'connection' => 'keep-alive',
  'host' => 'www.linguifeng.top',
  'content-type' => '',
  'content-length' => '',
)
[ info ] [ PARAM ] array (
)
[ info ] [ LOG ] INIT File
---------------------------------------------------------------
[ 2019-04-04T11:37:15+08:00 ] 113.88.249.97 POST /admin/Picture/tuwan_b
[ info ] www.linguifeng.top/admin/Picture/tuwan_b [运行时间：0.023860s][吞吐率：41.91req/s] [内存消耗：2,461.50kb] [文件加载：54]
[ info ] [ LANG ] /var/www/html/MyBlog/thinkphp/lang/zh-cn.php
[ info ] [ ROUTE ] array (
  'type' => 'module',
  'module' => 
  array (
    0 => 'admin',
    1 => 'Picture',
    2 => 'tuwan_b',
  ),
)
[ info ] [ HEADER ] array (
  'cookie' => 'pgv_pvi=4712565760; PHPSESSID=t95d335mlstpea3hn85oo8g8d3; thinkphp_show_page_trace=0|0',
  'accept-language' => 'zh-CN,zh;q=0.9',
  'accept-encoding' => 'gzip, deflate',
  'referer' => 'http://www.linguifeng.top/admin/picture/tuwan.html',
  'content-type' => 'application/x-www-form-urlencoded; charset=UTF-8',
  'user-agent' => 'Mozilla/5.0 (Windows NT 10.0; Win64; x64) AppleWebKit/537.36 (KHTML, like Gecko) Chrome/72.0.3626.121 Safari/537.36',
  'x-requested-with' => 'XMLHttpRequest',
  'origin' => 'http://www.linguifeng.top',
  'accept' => 'application/json, text/javascript, */*; q=0.01',
  'content-length' => '6',
  'connection' => 'keep-alive',
  'host' => 'www.linguifeng.top',
)
[ info ] [ PARAM ] array (
  'page' => '1',
)
[ info ] [ SESSION ] INIT array (
  'id' => '',
  'var_session_id' => '',
  'prefix' => 'think',
  'type' => '',
  'auto_start' => true,
)
[ info ] [ RUN ] app\admin\controller\Picture->tuwan_b[ /var/www/html/MyBlog/application/admin/controller/Picture.php ]
[ info ] [ DB ] INIT mysql
[ info ] [ LOG ] INIT File
[ sql ] [ DB ] CONNECT:[ UseTime:0.000437s ] mysql:host=127.0.0.1;dbname=blog;charset=utf8
[ sql ] [ SQL ] SHOW COLUMNS FROM `blog_tuwan_url` [ RunTime:0.000691s ]
[ sql ] [ SQL ] SELECT * FROM `blog_tuwan_url` LIMIT 0,100 [ RunTime:0.000730s ]
[ sql ] [ SQL ] SHOW COLUMNS FROM `blog_tuwan` [ RunTime:0.000617s ]
[ sql ] [ SQL ] SELECT MAX(pid) AS tp_max FROM `blog_tuwan` LIMIT 1 [ RunTime:0.000935s ]
[ error ] [8]未定义数组索引: id[/var/www/html/MyBlog/application/admin/controller/Picture.php:237]
---------------------------------------------------------------
[ 2019-04-04T11:50:43+08:00 ] 113.88.249.97 GET /admin/index/index.html
[ info ] www.linguifeng.top/admin/index/index.html [运行时间：0.015995s][吞吐率：62.52req/s] [内存消耗：1,695.07kb] [文件加载：49]
[ info ] [ LANG ] /var/www/html/MyBlog/thinkphp/lang/zh-cn.php
[ info ] [ ROUTE ] array (
  'type' => 'module',
  'module' => 
  array (
    0 => 'admin',
    1 => 'index',
    2 => 'index',
  ),
)
[ info ] [ HEADER ] array (
  'cookie' => 'thinkphp_show_page_trace=0|0; pgv_pvi=4712565760; PHPSESSID=t95d335mlstpea3hn85oo8g8d3; thinkphp_show_page_trace=0|0',
  'accept-language' => 'zh-CN,zh;q=0.9',
  'accept-encoding' => 'gzip, deflate',
  'referer' => 'http://www.linguifeng.top/admin/login/login.html',
  'accept' => 'text/html,application/xhtml+xml,application/xml;q=0.9,image/webp,image/apng,*/*;q=0.8',
  'user-agent' => 'Mozilla/5.0 (Windows NT 10.0; Win64; x64) AppleWebKit/537.36 (KHTML, like Gecko) Chrome/72.0.3626.121 Safari/537.36',
  'upgrade-insecure-requests' => '1',
  'cache-control' => 'max-age=0',
  'connection' => 'keep-alive',
  'host' => 'www.linguifeng.top',
  'content-type' => '',
  'content-length' => '',
)
[ info ] [ PARAM ] array (
)
[ info ] [ SESSION ] INIT array (
  'id' => '',
  'var_session_id' => '',
  'prefix' => 'think',
  'type' => '',
  'auto_start' => true,
)
[ info ] [ RUN ] app\admin\controller\Index->index[ /var/www/html/MyBlog/application/admin/controller/Index.php ]
[ info ] [ VIEW ] /var/www/html/MyBlog/public/../application/admin/view/index/index.html [ array (
) ]
[ info ] [ LOG ] INIT File
---------------------------------------------------------------
[ 2019-04-04T11:50:43+08:00 ] 113.88.249.97 GET /admin/index/main.html
[ info ] www.linguifeng.top/admin/index/main.html [运行时间：0.014944s][吞吐率：66.92req/s] [内存消耗：1,638.97kb] [文件加载：48]
[ info ] [ LANG ] /var/www/html/MyBlog/thinkphp/lang/zh-cn.php
[ info ] [ ROUTE ] array (
  'type' => 'module',
  'module' => 
  array (
    0 => 'admin',
    1 => 'index',
    2 => 'main',
  ),
)
[ info ] [ HEADER ] array (
  'cookie' => 'thinkphp_show_page_trace=0|0; pgv_pvi=4712565760; PHPSESSID=t95d335mlstpea3hn85oo8g8d3; thinkphp_show_page_trace=0|0',
  'accept-language' => 'zh-CN,zh;q=0.9',
  'accept-encoding' => 'gzip, deflate',
  'referer' => 'http://www.linguifeng.top/admin/index/index.html',
  'accept' => 'text/html,application/xhtml+xml,application/xml;q=0.9,image/webp,image/apng,*/*;q=0.8',
  'user-agent' => 'Mozilla/5.0 (Windows NT 10.0; Win64; x64) AppleWebKit/537.36 (KHTML, like Gecko) Chrome/72.0.3626.121 Safari/537.36',
  'upgrade-insecure-requests' => '1',
  'connection' => 'keep-alive',
  'host' => 'www.linguifeng.top',
  'content-type' => '',
  'content-length' => '',
)
[ info ] [ PARAM ] array (
)
[ info ] [ SESSION ] INIT array (
  'id' => '',
  'var_session_id' => '',
  'prefix' => 'think',
  'type' => '',
  'auto_start' => true,
)
[ info ] [ RUN ] app\admin\controller\Index->main[ /var/www/html/MyBlog/application/admin/controller/Index.php ]
[ info ] [ VIEW ] /var/www/html/MyBlog/public/../application/admin/view/index/main.html [ array (
) ]
[ info ] [ LOG ] INIT File
---------------------------------------------------------------
[ 2019-04-04T11:50:43+08:00 ] 113.88.249.97 GET /static/admin/css/bootstrap.min.css.map
[ info ] www.linguifeng.top/static/admin/css/bootstrap.min.css.map [运行时间：0.012163s][吞吐率：82.22req/s] [内存消耗：1,406.60kb] [文件加载：39]
[ info ] [ LANG ] /var/www/html/MyBlog/thinkphp/lang/zh-cn.php
[ info ] [ ROUTE ] array (
  'type' => 'module',
  'module' => 
  array (
    0 => 'static',
    1 => 'admin',
    2 => 'css',
  ),
)
[ info ] [ HEADER ] array (
  'cookie' => 'pgv_pvi=4712565760; PHPSESSID=t95d335mlstpea3hn85oo8g8d3; thinkphp_show_page_trace=0|0',
  'accept-language' => 'zh-CN,zh;q=0.9',
  'accept-encoding' => 'gzip, deflate',
  'user-agent' => 'Mozilla/5.0 (Windows NT 10.0; Win64; x64) AppleWebKit/537.36 (KHTML, like Gecko) Chrome/72.0.3626.121 Safari/537.36',
  'connection' => 'keep-alive',
  'host' => 'www.linguifeng.top',
  'content-type' => '',
  'content-length' => '',
)
[ info ] [ PARAM ] array (
)
[ info ] [ LOG ] INIT File
---------------------------------------------------------------
[ 2019-04-04T11:50:44+08:00 ] 113.88.249.97 GET /static/admin/css/bootstrap.min.css.map
[ info ] www.linguifeng.top/static/admin/css/bootstrap.min.css.map [运行时间：0.012995s][吞吐率：76.95req/s] [内存消耗：1,406.60kb] [文件加载：39]
[ info ] [ LANG ] /var/www/html/MyBlog/thinkphp/lang/zh-cn.php
[ info ] [ ROUTE ] array (
  'type' => 'module',
  'module' => 
  array (
    0 => 'static',
    1 => 'admin',
    2 => 'css',
  ),
)
[ info ] [ HEADER ] array (
  'cookie' => 'pgv_pvi=4712565760; PHPSESSID=t95d335mlstpea3hn85oo8g8d3; thinkphp_show_page_trace=0|0',
  'accept-language' => 'zh-CN,zh;q=0.9',
  'accept-encoding' => 'gzip, deflate',
  'user-agent' => 'Mozilla/5.0 (Windows NT 10.0; Win64; x64) AppleWebKit/537.36 (KHTML, like Gecko) Chrome/72.0.3626.121 Safari/537.36',
  'connection' => 'keep-alive',
  'host' => 'www.linguifeng.top',
  'content-type' => '',
  'content-length' => '',
)
[ info ] [ PARAM ] array (
)
[ info ] [ LOG ] INIT File
---------------------------------------------------------------
[ 2019-04-04T11:50:45+08:00 ] 113.88.249.97 GET /admin/picture/tuwan.html
[ info ] www.linguifeng.top/admin/picture/tuwan.html [运行时间：0.015072s][吞吐率：66.35req/s] [内存消耗：1,669.74kb] [文件加载：48]
[ info ] [ LANG ] /var/www/html/MyBlog/thinkphp/lang/zh-cn.php
[ info ] [ ROUTE ] array (
  'type' => 'module',
  'module' => 
  array (
    0 => 'admin',
    1 => 'picture',
    2 => 'tuwan',
  ),
)
[ info ] [ HEADER ] array (
  'cookie' => 'thinkphp_show_page_trace=0|0; pgv_pvi=4712565760; PHPSESSID=t95d335mlstpea3hn85oo8g8d3; thinkphp_show_page_trace=0|0',
  'accept-language' => 'zh-CN,zh;q=0.9',
  'accept-encoding' => 'gzip, deflate',
  'referer' => 'http://www.linguifeng.top/admin/index/index.html',
  'accept' => 'text/html,application/xhtml+xml,application/xml;q=0.9,image/webp,image/apng,*/*;q=0.8',
  'user-agent' => 'Mozilla/5.0 (Windows NT 10.0; Win64; x64) AppleWebKit/537.36 (KHTML, like Gecko) Chrome/72.0.3626.121 Safari/537.36',
  'upgrade-insecure-requests' => '1',
  'connection' => 'keep-alive',
  'host' => 'www.linguifeng.top',
  'content-type' => '',
  'content-length' => '',
)
[ info ] [ PARAM ] array (
)
[ info ] [ SESSION ] INIT array (
  'id' => '',
  'var_session_id' => '',
  'prefix' => 'think',
  'type' => '',
  'auto_start' => true,
)
[ info ] [ RUN ] app\admin\controller\Picture->tuwan[ /var/www/html/MyBlog/application/admin/controller/Picture.php ]
[ info ] [ VIEW ] /var/www/html/MyBlog/public/../application/admin/view/picture/admin-tuwanoperation.html [ array (
) ]
[ info ] [ LOG ] INIT File
---------------------------------------------------------------
[ 2019-04-04T11:50:45+08:00 ] 113.88.249.97 GET /static/admin/css/bootstrap.min.css.map
[ info ] www.linguifeng.top/static/admin/css/bootstrap.min.css.map [运行时间：0.013005s][吞吐率：76.89req/s] [内存消耗：1,406.60kb] [文件加载：39]
[ info ] [ LANG ] /var/www/html/MyBlog/thinkphp/lang/zh-cn.php
[ info ] [ ROUTE ] array (
  'type' => 'module',
  'module' => 
  array (
    0 => 'static',
    1 => 'admin',
    2 => 'css',
  ),
)
[ info ] [ HEADER ] array (
  'cookie' => 'pgv_pvi=4712565760; PHPSESSID=t95d335mlstpea3hn85oo8g8d3; thinkphp_show_page_trace=0|0',
  'accept-language' => 'zh-CN,zh;q=0.9',
  'accept-encoding' => 'gzip, deflate',
  'user-agent' => 'Mozilla/5.0 (Windows NT 10.0; Win64; x64) AppleWebKit/537.36 (KHTML, like Gecko) Chrome/72.0.3626.121 Safari/537.36',
  'connection' => 'keep-alive',
  'host' => 'www.linguifeng.top',
  'content-type' => '',
  'content-length' => '',
)
[ info ] [ PARAM ] array (
)
[ info ] [ LOG ] INIT File
---------------------------------------------------------------
[ 2019-04-04T11:50:46+08:00 ] 113.88.249.97 POST /admin/Picture/tuwan_b
[ info ] www.linguifeng.top/admin/Picture/tuwan_b [运行时间：0.025339s][吞吐率：39.47req/s] [内存消耗：2,396.41kb] [文件加载：51]
[ info ] [ LANG ] /var/www/html/MyBlog/thinkphp/lang/zh-cn.php
[ info ] [ ROUTE ] array (
  'type' => 'module',
  'module' => 
  array (
    0 => 'admin',
    1 => 'Picture',
    2 => 'tuwan_b',
  ),
)
[ info ] [ HEADER ] array (
  'cookie' => 'pgv_pvi=4712565760; PHPSESSID=t95d335mlstpea3hn85oo8g8d3; thinkphp_show_page_trace=0|0',
  'accept-language' => 'zh-CN,zh;q=0.9',
  'accept-encoding' => 'gzip, deflate',
  'referer' => 'http://www.linguifeng.top/admin/picture/tuwan.html',
  'content-type' => 'application/x-www-form-urlencoded; charset=UTF-8',
  'user-agent' => 'Mozilla/5.0 (Windows NT 10.0; Win64; x64) AppleWebKit/537.36 (KHTML, like Gecko) Chrome/72.0.3626.121 Safari/537.36',
  'x-requested-with' => 'XMLHttpRequest',
  'origin' => 'http://www.linguifeng.top',
  'accept' => 'application/json, text/javascript, */*; q=0.01',
  'content-length' => '6',
  'connection' => 'keep-alive',
  'host' => 'www.linguifeng.top',
)
[ info ] [ PARAM ] array (
  'page' => '1',
)
[ info ] [ SESSION ] INIT array (
  'id' => '',
  'var_session_id' => '',
  'prefix' => 'think',
  'type' => '',
  'auto_start' => true,
)
[ info ] [ RUN ] app\admin\controller\Picture->tuwan_b[ /var/www/html/MyBlog/application/admin/controller/Picture.php ]
[ info ] [ DB ] INIT mysql
[ info ] [ LOG ] INIT File
[ sql ] [ DB ] CONNECT:[ UseTime:0.000453s ] mysql:host=127.0.0.1;dbname=blog;charset=utf8
[ sql ] [ SQL ] SHOW COLUMNS FROM `blog_tuwan_url` [ RunTime:0.000710s ]
[ sql ] [ SQL ] SELECT * FROM `blog_tuwan_url` LIMIT 0,100 [ RunTime:0.000730s ]
[ sql ] [ SQL ] SHOW COLUMNS FROM `blog_tuwan` [ RunTime:0.000524s ]
[ sql ] [ SQL ] SELECT MAX(pid) AS tp_max FROM `blog_tuwan` LIMIT 1 [ RunTime:0.000842s ]
---------------------------------------------------------------
[ 2019-04-04T11:53:57+08:00 ] 113.88.249.97 GET /admin/index/index.html
[ info ] www.linguifeng.top/admin/index/index.html [运行时间：0.014325s][吞吐率：69.81req/s] [内存消耗：1,695.07kb] [文件加载：49]
[ info ] [ LANG ] /var/www/html/MyBlog/thinkphp/lang/zh-cn.php
[ info ] [ ROUTE ] array (
  'type' => 'module',
  'module' => 
  array (
    0 => 'admin',
    1 => 'index',
    2 => 'index',
  ),
)
[ info ] [ HEADER ] array (
  'cookie' => 'thinkphp_show_page_trace=0|0; pgv_pvi=4712565760; PHPSESSID=t95d335mlstpea3hn85oo8g8d3; thinkphp_show_page_trace=0|0',
  'accept-language' => 'zh-CN,zh;q=0.9',
  'accept-encoding' => 'gzip, deflate',
  'referer' => 'http://www.linguifeng.top/admin/login/login.html',
  'accept' => 'text/html,application/xhtml+xml,application/xml;q=0.9,image/webp,image/apng,*/*;q=0.8',
  'user-agent' => 'Mozilla/5.0 (Windows NT 10.0; Win64; x64) AppleWebKit/537.36 (KHTML, like Gecko) Chrome/72.0.3626.121 Safari/537.36',
  'upgrade-insecure-requests' => '1',
  'cache-control' => 'max-age=0',
  'connection' => 'keep-alive',
  'host' => 'www.linguifeng.top',
  'content-type' => '',
  'content-length' => '',
)
[ info ] [ PARAM ] array (
)
[ info ] [ SESSION ] INIT array (
  'id' => '',
  'var_session_id' => '',
  'prefix' => 'think',
  'type' => '',
  'auto_start' => true,
)
[ info ] [ RUN ] app\admin\controller\Index->index[ /var/www/html/MyBlog/application/admin/controller/Index.php ]
[ info ] [ VIEW ] /var/www/html/MyBlog/public/../application/admin/view/index/index.html [ array (
) ]
[ info ] [ LOG ] INIT File
---------------------------------------------------------------
[ 2019-04-04T11:53:57+08:00 ] 113.88.249.97 GET /admin/index/main.html
[ info ] www.linguifeng.top/admin/index/main.html [运行时间：0.015262s][吞吐率：65.52req/s] [内存消耗：1,638.97kb] [文件加载：48]
[ info ] [ LANG ] /var/www/html/MyBlog/thinkphp/lang/zh-cn.php
[ info ] [ ROUTE ] array (
  'type' => 'module',
  'module' => 
  array (
    0 => 'admin',
    1 => 'index',
    2 => 'main',
  ),
)
[ info ] [ HEADER ] array (
  'cookie' => 'thinkphp_show_page_trace=0|0; pgv_pvi=4712565760; PHPSESSID=t95d335mlstpea3hn85oo8g8d3; thinkphp_show_page_trace=0|0',
  'accept-language' => 'zh-CN,zh;q=0.9',
  'accept-encoding' => 'gzip, deflate',
  'referer' => 'http://www.linguifeng.top/admin/index/index.html',
  'accept' => 'text/html,application/xhtml+xml,application/xml;q=0.9,image/webp,image/apng,*/*;q=0.8',
  'user-agent' => 'Mozilla/5.0 (Windows NT 10.0; Win64; x64) AppleWebKit/537.36 (KHTML, like Gecko) Chrome/72.0.3626.121 Safari/537.36',
  'upgrade-insecure-requests' => '1',
  'connection' => 'keep-alive',
  'host' => 'www.linguifeng.top',
  'content-type' => '',
  'content-length' => '',
)
[ info ] [ PARAM ] array (
)
[ info ] [ SESSION ] INIT array (
  'id' => '',
  'var_session_id' => '',
  'prefix' => 'think',
  'type' => '',
  'auto_start' => true,
)
[ info ] [ RUN ] app\admin\controller\Index->main[ /var/www/html/MyBlog/application/admin/controller/Index.php ]
[ info ] [ VIEW ] /var/www/html/MyBlog/public/../application/admin/view/index/main.html [ array (
) ]
[ info ] [ LOG ] INIT File
---------------------------------------------------------------
[ 2019-04-04T11:53:57+08:00 ] 113.88.249.97 GET /static/admin/css/bootstrap.min.css.map
[ info ] www.linguifeng.top/static/admin/css/bootstrap.min.css.map [运行时间：0.011756s][吞吐率：85.06req/s] [内存消耗：1,406.60kb] [文件加载：39]
[ info ] [ LANG ] /var/www/html/MyBlog/thinkphp/lang/zh-cn.php
[ info ] [ ROUTE ] array (
  'type' => 'module',
  'module' => 
  array (
    0 => 'static',
    1 => 'admin',
    2 => 'css',
  ),
)
[ info ] [ HEADER ] array (
  'cookie' => 'pgv_pvi=4712565760; PHPSESSID=t95d335mlstpea3hn85oo8g8d3; thinkphp_show_page_trace=0|0',
  'accept-language' => 'zh-CN,zh;q=0.9',
  'accept-encoding' => 'gzip, deflate',
  'user-agent' => 'Mozilla/5.0 (Windows NT 10.0; Win64; x64) AppleWebKit/537.36 (KHTML, like Gecko) Chrome/72.0.3626.121 Safari/537.36',
  'connection' => 'keep-alive',
  'host' => 'www.linguifeng.top',
  'content-type' => '',
  'content-length' => '',
)
[ info ] [ PARAM ] array (
)
[ info ] [ LOG ] INIT File
---------------------------------------------------------------
[ 2019-04-04T11:53:57+08:00 ] 113.88.249.97 GET /static/admin/css/bootstrap.min.css.map
[ info ] www.linguifeng.top/static/admin/css/bootstrap.min.css.map [运行时间：0.013098s][吞吐率：76.35req/s] [内存消耗：1,406.60kb] [文件加载：39]
[ info ] [ LANG ] /var/www/html/MyBlog/thinkphp/lang/zh-cn.php
[ info ] [ ROUTE ] array (
  'type' => 'module',
  'module' => 
  array (
    0 => 'static',
    1 => 'admin',
    2 => 'css',
  ),
)
[ info ] [ HEADER ] array (
  'cookie' => 'pgv_pvi=4712565760; PHPSESSID=t95d335mlstpea3hn85oo8g8d3; thinkphp_show_page_trace=0|0',
  'accept-language' => 'zh-CN,zh;q=0.9',
  'accept-encoding' => 'gzip, deflate',
  'user-agent' => 'Mozilla/5.0 (Windows NT 10.0; Win64; x64) AppleWebKit/537.36 (KHTML, like Gecko) Chrome/72.0.3626.121 Safari/537.36',
  'connection' => 'keep-alive',
  'host' => 'www.linguifeng.top',
  'content-type' => '',
  'content-length' => '',
)
[ info ] [ PARAM ] array (
)
[ info ] [ LOG ] INIT File
---------------------------------------------------------------
[ 2019-04-04T11:53:59+08:00 ] 113.88.249.97 GET /admin/picture/tuwan.html
[ info ] www.linguifeng.top/admin/picture/tuwan.html [运行时间：0.015370s][吞吐率：65.06req/s] [内存消耗：1,677.28kb] [文件加载：48]
[ info ] [ LANG ] /var/www/html/MyBlog/thinkphp/lang/zh-cn.php
[ info ] [ ROUTE ] array (
  'type' => 'module',
  'module' => 
  array (
    0 => 'admin',
    1 => 'picture',
    2 => 'tuwan',
  ),
)
[ info ] [ HEADER ] array (
  'cookie' => 'thinkphp_show_page_trace=0|0; pgv_pvi=4712565760; PHPSESSID=t95d335mlstpea3hn85oo8g8d3; thinkphp_show_page_trace=0|0',
  'accept-language' => 'zh-CN,zh;q=0.9',
  'accept-encoding' => 'gzip, deflate',
  'referer' => 'http://www.linguifeng.top/admin/index/index.html',
  'accept' => 'text/html,application/xhtml+xml,application/xml;q=0.9,image/webp,image/apng,*/*;q=0.8',
  'user-agent' => 'Mozilla/5.0 (Windows NT 10.0; Win64; x64) AppleWebKit/537.36 (KHTML, like Gecko) Chrome/72.0.3626.121 Safari/537.36',
  'upgrade-insecure-requests' => '1',
  'connection' => 'keep-alive',
  'host' => 'www.linguifeng.top',
  'content-type' => '',
  'content-length' => '',
)
[ info ] [ PARAM ] array (
)
[ info ] [ SESSION ] INIT array (
  'id' => '',
  'var_session_id' => '',
  'prefix' => 'think',
  'type' => '',
  'auto_start' => true,
)
[ info ] [ RUN ] app\admin\controller\Picture->tuwan[ /var/www/html/MyBlog/application/admin/controller/Picture.php ]
[ info ] [ VIEW ] /var/www/html/MyBlog/public/../application/admin/view/picture/admin-tuwanoperation.html [ array (
) ]
[ info ] [ LOG ] INIT File
---------------------------------------------------------------
[ 2019-04-04T11:53:59+08:00 ] 113.88.249.97 GET /static/admin/css/bootstrap.min.css.map
[ info ] www.linguifeng.top/static/admin/css/bootstrap.min.css.map [运行时间：0.012272s][吞吐率：81.49req/s] [内存消耗：1,406.60kb] [文件加载：39]
[ info ] [ LANG ] /var/www/html/MyBlog/thinkphp/lang/zh-cn.php
[ info ] [ ROUTE ] array (
  'type' => 'module',
  'module' => 
  array (
    0 => 'static',
    1 => 'admin',
    2 => 'css',
  ),
)
[ info ] [ HEADER ] array (
  'cookie' => 'pgv_pvi=4712565760; PHPSESSID=t95d335mlstpea3hn85oo8g8d3; thinkphp_show_page_trace=0|0',
  'accept-language' => 'zh-CN,zh;q=0.9',
  'accept-encoding' => 'gzip, deflate',
  'user-agent' => 'Mozilla/5.0 (Windows NT 10.0; Win64; x64) AppleWebKit/537.36 (KHTML, like Gecko) Chrome/72.0.3626.121 Safari/537.36',
  'connection' => 'keep-alive',
  'host' => 'www.linguifeng.top',
  'content-type' => '',
  'content-length' => '',
)
[ info ] [ PARAM ] array (
)
[ info ] [ LOG ] INIT File
---------------------------------------------------------------
[ 2019-04-04T11:54:00+08:00 ] 113.88.249.97 POST /admin/Picture/tuwan_b
[ info ] www.linguifeng.top/admin/Picture/tuwan_b [运行时间：0.024301s][吞吐率：41.15req/s] [内存消耗：2,461.47kb] [文件加载：54]
[ info ] [ LANG ] /var/www/html/MyBlog/thinkphp/lang/zh-cn.php
[ info ] [ ROUTE ] array (
  'type' => 'module',
  'module' => 
  array (
    0 => 'admin',
    1 => 'Picture',
    2 => 'tuwan_b',
  ),
)
[ info ] [ HEADER ] array (
  'cookie' => 'pgv_pvi=4712565760; PHPSESSID=t95d335mlstpea3hn85oo8g8d3; thinkphp_show_page_trace=0|0',
  'accept-language' => 'zh-CN,zh;q=0.9',
  'accept-encoding' => 'gzip, deflate',
  'referer' => 'http://www.linguifeng.top/admin/picture/tuwan.html',
  'content-type' => 'application/x-www-form-urlencoded; charset=UTF-8',
  'user-agent' => 'Mozilla/5.0 (Windows NT 10.0; Win64; x64) AppleWebKit/537.36 (KHTML, like Gecko) Chrome/72.0.3626.121 Safari/537.36',
  'x-requested-with' => 'XMLHttpRequest',
  'origin' => 'http://www.linguifeng.top',
  'accept' => 'application/json, text/javascript, */*; q=0.01',
  'content-length' => '6',
  'connection' => 'keep-alive',
  'host' => 'www.linguifeng.top',
)
[ info ] [ PARAM ] array (
  'page' => '1',
)
[ info ] [ SESSION ] INIT array (
  'id' => '',
  'var_session_id' => '',
  'prefix' => 'think',
  'type' => '',
  'auto_start' => true,
)
[ info ] [ RUN ] app\admin\controller\Picture->tuwan_b[ /var/www/html/MyBlog/application/admin/controller/Picture.php ]
[ info ] [ DB ] INIT mysql
[ info ] [ LOG ] INIT File
[ sql ] [ DB ] CONNECT:[ UseTime:0.000372s ] mysql:host=127.0.0.1;dbname=blog;charset=utf8
[ sql ] [ SQL ] SHOW COLUMNS FROM `blog_tuwan_url` [ RunTime:0.000648s ]
[ sql ] [ SQL ] SELECT * FROM `blog_tuwan_url` LIMIT 0,100 [ RunTime:0.000703s ]
[ sql ] [ SQL ] SHOW COLUMNS FROM `blog_tuwan` [ RunTime:0.000560s ]
[ sql ] [ SQL ] SELECT MAX(pid) AS tp_max FROM `blog_tuwan` LIMIT 1 [ RunTime:0.000928s ]
[ error ] [8]未定义变量: res[/var/www/html/MyBlog/application/admin/controller/Picture.php:254]
---------------------------------------------------------------
[ 2019-04-04T11:55:51+08:00 ] 113.88.249.97 GET /admin/index/index.html
[ info ] www.linguifeng.top/admin/index/index.html [运行时间：0.014263s][吞吐率：70.11req/s] [内存消耗：1,695.07kb] [文件加载：49]
[ info ] [ LANG ] /var/www/html/MyBlog/thinkphp/lang/zh-cn.php
[ info ] [ ROUTE ] array (
  'type' => 'module',
  'module' => 
  array (
    0 => 'admin',
    1 => 'index',
    2 => 'index',
  ),
)
[ info ] [ HEADER ] array (
  'cookie' => 'thinkphp_show_page_trace=0|0; pgv_pvi=4712565760; PHPSESSID=t95d335mlstpea3hn85oo8g8d3; thinkphp_show_page_trace=0|0',
  'accept-language' => 'zh-CN,zh;q=0.9',
  'accept-encoding' => 'gzip, deflate',
  'referer' => 'http://www.linguifeng.top/admin/login/login.html',
  'accept' => 'text/html,application/xhtml+xml,application/xml;q=0.9,image/webp,image/apng,*/*;q=0.8',
  'user-agent' => 'Mozilla/5.0 (Windows NT 10.0; Win64; x64) AppleWebKit/537.36 (KHTML, like Gecko) Chrome/72.0.3626.121 Safari/537.36',
  'upgrade-insecure-requests' => '1',
  'cache-control' => 'max-age=0',
  'connection' => 'keep-alive',
  'host' => 'www.linguifeng.top',
  'content-type' => '',
  'content-length' => '',
)
[ info ] [ PARAM ] array (
)
[ info ] [ SESSION ] INIT array (
  'id' => '',
  'var_session_id' => '',
  'prefix' => 'think',
  'type' => '',
  'auto_start' => true,
)
[ info ] [ RUN ] app\admin\controller\Index->index[ /var/www/html/MyBlog/application/admin/controller/Index.php ]
[ info ] [ VIEW ] /var/www/html/MyBlog/public/../application/admin/view/index/index.html [ array (
) ]
[ info ] [ LOG ] INIT File
---------------------------------------------------------------
[ 2019-04-04T11:55:51+08:00 ] 113.88.249.97 GET /admin/index/main.html
[ info ] www.linguifeng.top/admin/index/main.html [运行时间：0.013854s][吞吐率：72.18req/s] [内存消耗：1,638.97kb] [文件加载：48]
[ info ] [ LANG ] /var/www/html/MyBlog/thinkphp/lang/zh-cn.php
[ info ] [ ROUTE ] array (
  'type' => 'module',
  'module' => 
  array (
    0 => 'admin',
    1 => 'index',
    2 => 'main',
  ),
)
[ info ] [ HEADER ] array (
  'cookie' => 'thinkphp_show_page_trace=0|0; pgv_pvi=4712565760; PHPSESSID=t95d335mlstpea3hn85oo8g8d3; thinkphp_show_page_trace=0|0',
  'accept-language' => 'zh-CN,zh;q=0.9',
  'accept-encoding' => 'gzip, deflate',
  'referer' => 'http://www.linguifeng.top/admin/index/index.html',
  'accept' => 'text/html,application/xhtml+xml,application/xml;q=0.9,image/webp,image/apng,*/*;q=0.8',
  'user-agent' => 'Mozilla/5.0 (Windows NT 10.0; Win64; x64) AppleWebKit/537.36 (KHTML, like Gecko) Chrome/72.0.3626.121 Safari/537.36',
  'upgrade-insecure-requests' => '1',
  'connection' => 'keep-alive',
  'host' => 'www.linguifeng.top',
  'content-type' => '',
  'content-length' => '',
)
[ info ] [ PARAM ] array (
)
[ info ] [ SESSION ] INIT array (
  'id' => '',
  'var_session_id' => '',
  'prefix' => 'think',
  'type' => '',
  'auto_start' => true,
)
[ info ] [ RUN ] app\admin\controller\Index->main[ /var/www/html/MyBlog/application/admin/controller/Index.php ]
[ info ] [ VIEW ] /var/www/html/MyBlog/public/../application/admin/view/index/main.html [ array (
) ]
[ info ] [ LOG ] INIT File
---------------------------------------------------------------
[ 2019-04-04T11:55:51+08:00 ] 113.88.249.97 GET /static/admin/css/bootstrap.min.css.map
[ info ] www.linguifeng.top/static/admin/css/bootstrap.min.css.map [运行时间：0.011641s][吞吐率：85.90req/s] [内存消耗：1,406.60kb] [文件加载：39]
[ info ] [ LANG ] /var/www/html/MyBlog/thinkphp/lang/zh-cn.php
[ info ] [ ROUTE ] array (
  'type' => 'module',
  'module' => 
  array (
    0 => 'static',
    1 => 'admin',
    2 => 'css',
  ),
)
[ info ] [ HEADER ] array (
  'cookie' => 'pgv_pvi=4712565760; PHPSESSID=t95d335mlstpea3hn85oo8g8d3; thinkphp_show_page_trace=0|0',
  'accept-language' => 'zh-CN,zh;q=0.9',
  'accept-encoding' => 'gzip, deflate',
  'user-agent' => 'Mozilla/5.0 (Windows NT 10.0; Win64; x64) AppleWebKit/537.36 (KHTML, like Gecko) Chrome/72.0.3626.121 Safari/537.36',
  'connection' => 'keep-alive',
  'host' => 'www.linguifeng.top',
  'content-type' => '',
  'content-length' => '',
)
[ info ] [ PARAM ] array (
)
[ info ] [ LOG ] INIT File
---------------------------------------------------------------
[ 2019-04-04T11:55:51+08:00 ] 113.88.249.97 GET /static/admin/css/bootstrap.min.css.map
[ info ] www.linguifeng.top/static/admin/css/bootstrap.min.css.map [运行时间：0.012808s][吞吐率：78.08req/s] [内存消耗：1,406.60kb] [文件加载：39]
[ info ] [ LANG ] /var/www/html/MyBlog/thinkphp/lang/zh-cn.php
[ info ] [ ROUTE ] array (
  'type' => 'module',
  'module' => 
  array (
    0 => 'static',
    1 => 'admin',
    2 => 'css',
  ),
)
[ info ] [ HEADER ] array (
  'cookie' => 'pgv_pvi=4712565760; PHPSESSID=t95d335mlstpea3hn85oo8g8d3; thinkphp_show_page_trace=0|0',
  'accept-language' => 'zh-CN,zh;q=0.9',
  'accept-encoding' => 'gzip, deflate',
  'user-agent' => 'Mozilla/5.0 (Windows NT 10.0; Win64; x64) AppleWebKit/537.36 (KHTML, like Gecko) Chrome/72.0.3626.121 Safari/537.36',
  'connection' => 'keep-alive',
  'host' => 'www.linguifeng.top',
  'content-type' => '',
  'content-length' => '',
)
[ info ] [ PARAM ] array (
)
[ info ] [ LOG ] INIT File
---------------------------------------------------------------
[ 2019-04-04T11:55:53+08:00 ] 113.88.249.97 GET /admin/picture/tuwan.html
[ info ] www.linguifeng.top/admin/picture/tuwan.html [运行时间：0.014530s][吞吐率：68.82req/s] [内存消耗：1,677.28kb] [文件加载：48]
[ info ] [ LANG ] /var/www/html/MyBlog/thinkphp/lang/zh-cn.php
[ info ] [ ROUTE ] array (
  'type' => 'module',
  'module' => 
  array (
    0 => 'admin',
    1 => 'picture',
    2 => 'tuwan',
  ),
)
[ info ] [ HEADER ] array (
  'cookie' => 'thinkphp_show_page_trace=0|0; pgv_pvi=4712565760; PHPSESSID=t95d335mlstpea3hn85oo8g8d3; thinkphp_show_page_trace=0|0',
  'accept-language' => 'zh-CN,zh;q=0.9',
  'accept-encoding' => 'gzip, deflate',
  'referer' => 'http://www.linguifeng.top/admin/index/index.html',
  'accept' => 'text/html,application/xhtml+xml,application/xml;q=0.9,image/webp,image/apng,*/*;q=0.8',
  'user-agent' => 'Mozilla/5.0 (Windows NT 10.0; Win64; x64) AppleWebKit/537.36 (KHTML, like Gecko) Chrome/72.0.3626.121 Safari/537.36',
  'upgrade-insecure-requests' => '1',
  'connection' => 'keep-alive',
  'host' => 'www.linguifeng.top',
  'content-type' => '',
  'content-length' => '',
)
[ info ] [ PARAM ] array (
)
[ info ] [ SESSION ] INIT array (
  'id' => '',
  'var_session_id' => '',
  'prefix' => 'think',
  'type' => '',
  'auto_start' => true,
)
[ info ] [ RUN ] app\admin\controller\Picture->tuwan[ /var/www/html/MyBlog/application/admin/controller/Picture.php ]
[ info ] [ VIEW ] /var/www/html/MyBlog/public/../application/admin/view/picture/admin-tuwanoperation.html [ array (
) ]
[ info ] [ LOG ] INIT File
---------------------------------------------------------------
[ 2019-04-04T11:55:53+08:00 ] 113.88.249.97 GET /static/admin/css/bootstrap.min.css.map
[ info ] www.linguifeng.top/static/admin/css/bootstrap.min.css.map [运行时间：0.011746s][吞吐率：85.13req/s] [内存消耗：1,406.60kb] [文件加载：39]
[ info ] [ LANG ] /var/www/html/MyBlog/thinkphp/lang/zh-cn.php
[ info ] [ ROUTE ] array (
  'type' => 'module',
  'module' => 
  array (
    0 => 'static',
    1 => 'admin',
    2 => 'css',
  ),
)
[ info ] [ HEADER ] array (
  'cookie' => 'pgv_pvi=4712565760; PHPSESSID=t95d335mlstpea3hn85oo8g8d3; thinkphp_show_page_trace=0|0',
  'accept-language' => 'zh-CN,zh;q=0.9',
  'accept-encoding' => 'gzip, deflate',
  'user-agent' => 'Mozilla/5.0 (Windows NT 10.0; Win64; x64) AppleWebKit/537.36 (KHTML, like Gecko) Chrome/72.0.3626.121 Safari/537.36',
  'connection' => 'keep-alive',
  'host' => 'www.linguifeng.top',
  'content-type' => '',
  'content-length' => '',
)
[ info ] [ PARAM ] array (
)
[ info ] [ LOG ] INIT File
---------------------------------------------------------------
[ 2019-04-04T11:55:54+08:00 ] 113.88.249.97 POST /admin/Picture/tuwan_b
[ info ] www.linguifeng.top/admin/Picture/tuwan_b [运行时间：0.023036s][吞吐率：43.41req/s] [内存消耗：2,403.95kb] [文件加载：51]
[ info ] [ LANG ] /var/www/html/MyBlog/thinkphp/lang/zh-cn.php
[ info ] [ ROUTE ] array (
  'type' => 'module',
  'module' => 
  array (
    0 => 'admin',
    1 => 'Picture',
    2 => 'tuwan_b',
  ),
)
[ info ] [ HEADER ] array (
  'cookie' => 'pgv_pvi=4712565760; PHPSESSID=t95d335mlstpea3hn85oo8g8d3; thinkphp_show_page_trace=0|0',
  'accept-language' => 'zh-CN,zh;q=0.9',
  'accept-encoding' => 'gzip, deflate',
  'referer' => 'http://www.linguifeng.top/admin/picture/tuwan.html',
  'content-type' => 'application/x-www-form-urlencoded; charset=UTF-8',
  'user-agent' => 'Mozilla/5.0 (Windows NT 10.0; Win64; x64) AppleWebKit/537.36 (KHTML, like Gecko) Chrome/72.0.3626.121 Safari/537.36',
  'x-requested-with' => 'XMLHttpRequest',
  'origin' => 'http://www.linguifeng.top',
  'accept' => 'application/json, text/javascript, */*; q=0.01',
  'content-length' => '6',
  'connection' => 'keep-alive',
  'host' => 'www.linguifeng.top',
)
[ info ] [ PARAM ] array (
  'page' => '1',
)
[ info ] [ SESSION ] INIT array (
  'id' => '',
  'var_session_id' => '',
  'prefix' => 'think',
  'type' => '',
  'auto_start' => true,
)
[ info ] [ RUN ] app\admin\controller\Picture->tuwan_b[ /var/www/html/MyBlog/application/admin/controller/Picture.php ]
[ info ] [ DB ] INIT mysql
[ info ] [ LOG ] INIT File
[ sql ] [ DB ] CONNECT:[ UseTime:0.000385s ] mysql:host=127.0.0.1;dbname=blog;charset=utf8
[ sql ] [ SQL ] SHOW COLUMNS FROM `blog_tuwan_url` [ RunTime:0.000644s ]
[ sql ] [ SQL ] SELECT * FROM `blog_tuwan_url` LIMIT 0,100 [ RunTime:0.000647s ]
[ sql ] [ SQL ] SHOW COLUMNS FROM `blog_tuwan` [ RunTime:0.000492s ]
[ sql ] [ SQL ] SELECT MAX(pid) AS tp_max FROM `blog_tuwan` LIMIT 1 [ RunTime:0.000778s ]
---------------------------------------------------------------
[ 2019-04-04T11:57:04+08:00 ] 113.88.249.97 GET /admin/index/index.html
[ info ] www.linguifeng.top/admin/index/index.html [运行时间：0.015330s][吞吐率：65.23req/s] [内存消耗：1,695.07kb] [文件加载：49]
[ info ] [ LANG ] /var/www/html/MyBlog/thinkphp/lang/zh-cn.php
[ info ] [ ROUTE ] array (
  'type' => 'module',
  'module' => 
  array (
    0 => 'admin',
    1 => 'index',
    2 => 'index',
  ),
)
[ info ] [ HEADER ] array (
  'cookie' => 'thinkphp_show_page_trace=0|0; pgv_pvi=4712565760; PHPSESSID=t95d335mlstpea3hn85oo8g8d3; thinkphp_show_page_trace=0|0',
  'accept-language' => 'zh-CN,zh;q=0.9',
  'accept-encoding' => 'gzip, deflate',
  'referer' => 'http://www.linguifeng.top/admin/login/login.html',
  'accept' => 'text/html,application/xhtml+xml,application/xml;q=0.9,image/webp,image/apng,*/*;q=0.8',
  'user-agent' => 'Mozilla/5.0 (Windows NT 10.0; Win64; x64) AppleWebKit/537.36 (KHTML, like Gecko) Chrome/72.0.3626.121 Safari/537.36',
  'upgrade-insecure-requests' => '1',
  'cache-control' => 'max-age=0',
  'connection' => 'keep-alive',
  'host' => 'www.linguifeng.top',
  'content-type' => '',
  'content-length' => '',
)
[ info ] [ PARAM ] array (
)
[ info ] [ SESSION ] INIT array (
  'id' => '',
  'var_session_id' => '',
  'prefix' => 'think',
  'type' => '',
  'auto_start' => true,
)
[ info ] [ RUN ] app\admin\controller\Index->index[ /var/www/html/MyBlog/application/admin/controller/Index.php ]
[ info ] [ VIEW ] /var/www/html/MyBlog/public/../application/admin/view/index/index.html [ array (
) ]
[ info ] [ LOG ] INIT File
---------------------------------------------------------------
[ 2019-04-04T11:57:04+08:00 ] 113.88.249.97 GET /admin/index/main.html
[ info ] www.linguifeng.top/admin/index/main.html [运行时间：0.014025s][吞吐率：71.30req/s] [内存消耗：1,638.97kb] [文件加载：48]
[ info ] [ LANG ] /var/www/html/MyBlog/thinkphp/lang/zh-cn.php
[ info ] [ ROUTE ] array (
  'type' => 'module',
  'module' => 
  array (
    0 => 'admin',
    1 => 'index',
    2 => 'main',
  ),
)
[ info ] [ HEADER ] array (
  'cookie' => 'thinkphp_show_page_trace=0|0; pgv_pvi=4712565760; PHPSESSID=t95d335mlstpea3hn85oo8g8d3; thinkphp_show_page_trace=0|0',
  'accept-language' => 'zh-CN,zh;q=0.9',
  'accept-encoding' => 'gzip, deflate',
  'referer' => 'http://www.linguifeng.top/admin/index/index.html',
  'accept' => 'text/html,application/xhtml+xml,application/xml;q=0.9,image/webp,image/apng,*/*;q=0.8',
  'user-agent' => 'Mozilla/5.0 (Windows NT 10.0; Win64; x64) AppleWebKit/537.36 (KHTML, like Gecko) Chrome/72.0.3626.121 Safari/537.36',
  'upgrade-insecure-requests' => '1',
  'connection' => 'keep-alive',
  'host' => 'www.linguifeng.top',
  'content-type' => '',
  'content-length' => '',
)
[ info ] [ PARAM ] array (
)
[ info ] [ SESSION ] INIT array (
  'id' => '',
  'var_session_id' => '',
  'prefix' => 'think',
  'type' => '',
  'auto_start' => true,
)
[ info ] [ RUN ] app\admin\controller\Index->main[ /var/www/html/MyBlog/application/admin/controller/Index.php ]
[ info ] [ VIEW ] /var/www/html/MyBlog/public/../application/admin/view/index/main.html [ array (
) ]
[ info ] [ LOG ] INIT File
---------------------------------------------------------------
[ 2019-04-04T11:57:04+08:00 ] 113.88.249.97 GET /static/admin/css/bootstrap.min.css.map
[ info ] www.linguifeng.top/static/admin/css/bootstrap.min.css.map [运行时间：0.012008s][吞吐率：83.28req/s] [内存消耗：1,406.60kb] [文件加载：39]
[ info ] [ LANG ] /var/www/html/MyBlog/thinkphp/lang/zh-cn.php
[ info ] [ ROUTE ] array (
  'type' => 'module',
  'module' => 
  array (
    0 => 'static',
    1 => 'admin',
    2 => 'css',
  ),
)
[ info ] [ HEADER ] array (
  'cookie' => 'pgv_pvi=4712565760; PHPSESSID=t95d335mlstpea3hn85oo8g8d3; thinkphp_show_page_trace=0|0',
  'accept-language' => 'zh-CN,zh;q=0.9',
  'accept-encoding' => 'gzip, deflate',
  'user-agent' => 'Mozilla/5.0 (Windows NT 10.0; Win64; x64) AppleWebKit/537.36 (KHTML, like Gecko) Chrome/72.0.3626.121 Safari/537.36',
  'connection' => 'keep-alive',
  'host' => 'www.linguifeng.top',
  'content-type' => '',
  'content-length' => '',
)
[ info ] [ PARAM ] array (
)
[ info ] [ LOG ] INIT File
---------------------------------------------------------------
[ 2019-04-04T11:57:04+08:00 ] 113.88.249.97 GET /static/admin/css/bootstrap.min.css.map
[ info ] www.linguifeng.top/static/admin/css/bootstrap.min.css.map [运行时间：0.011719s][吞吐率：85.33req/s] [内存消耗：1,406.60kb] [文件加载：39]
[ info ] [ LANG ] /var/www/html/MyBlog/thinkphp/lang/zh-cn.php
[ info ] [ ROUTE ] array (
  'type' => 'module',
  'module' => 
  array (
    0 => 'static',
    1 => 'admin',
    2 => 'css',
  ),
)
[ info ] [ HEADER ] array (
  'cookie' => 'pgv_pvi=4712565760; PHPSESSID=t95d335mlstpea3hn85oo8g8d3; thinkphp_show_page_trace=0|0',
  'accept-language' => 'zh-CN,zh;q=0.9',
  'accept-encoding' => 'gzip, deflate',
  'user-agent' => 'Mozilla/5.0 (Windows NT 10.0; Win64; x64) AppleWebKit/537.36 (KHTML, like Gecko) Chrome/72.0.3626.121 Safari/537.36',
  'connection' => 'keep-alive',
  'host' => 'www.linguifeng.top',
  'content-type' => '',
  'content-length' => '',
)
[ info ] [ PARAM ] array (
)
[ info ] [ LOG ] INIT File
---------------------------------------------------------------
[ 2019-04-04T11:57:05+08:00 ] 113.88.249.97 GET /admin/picture/tuwan.html
[ info ] www.linguifeng.top/admin/picture/tuwan.html [运行时间：0.015084s][吞吐率：66.30req/s] [内存消耗：1,677.28kb] [文件加载：48]
[ info ] [ LANG ] /var/www/html/MyBlog/thinkphp/lang/zh-cn.php
[ info ] [ ROUTE ] array (
  'type' => 'module',
  'module' => 
  array (
    0 => 'admin',
    1 => 'picture',
    2 => 'tuwan',
  ),
)
[ info ] [ HEADER ] array (
  'cookie' => 'thinkphp_show_page_trace=0|0; pgv_pvi=4712565760; PHPSESSID=t95d335mlstpea3hn85oo8g8d3; thinkphp_show_page_trace=0|0',
  'accept-language' => 'zh-CN,zh;q=0.9',
  'accept-encoding' => 'gzip, deflate',
  'referer' => 'http://www.linguifeng.top/admin/index/index.html',
  'accept' => 'text/html,application/xhtml+xml,application/xml;q=0.9,image/webp,image/apng,*/*;q=0.8',
  'user-agent' => 'Mozilla/5.0 (Windows NT 10.0; Win64; x64) AppleWebKit/537.36 (KHTML, like Gecko) Chrome/72.0.3626.121 Safari/537.36',
  'upgrade-insecure-requests' => '1',
  'connection' => 'keep-alive',
  'host' => 'www.linguifeng.top',
  'content-type' => '',
  'content-length' => '',
)
[ info ] [ PARAM ] array (
)
[ info ] [ SESSION ] INIT array (
  'id' => '',
  'var_session_id' => '',
  'prefix' => 'think',
  'type' => '',
  'auto_start' => true,
)
[ info ] [ RUN ] app\admin\controller\Picture->tuwan[ /var/www/html/MyBlog/application/admin/controller/Picture.php ]
[ info ] [ VIEW ] /var/www/html/MyBlog/public/../application/admin/view/picture/admin-tuwanoperation.html [ array (
) ]
[ info ] [ LOG ] INIT File
---------------------------------------------------------------
[ 2019-04-04T11:57:05+08:00 ] 113.88.249.97 GET /static/admin/css/bootstrap.min.css.map
[ info ] www.linguifeng.top/static/admin/css/bootstrap.min.css.map [运行时间：0.014401s][吞吐率：69.44req/s] [内存消耗：1,406.60kb] [文件加载：39]
[ info ] [ LANG ] /var/www/html/MyBlog/thinkphp/lang/zh-cn.php
[ info ] [ ROUTE ] array (
  'type' => 'module',
  'module' => 
  array (
    0 => 'static',
    1 => 'admin',
    2 => 'css',
  ),
)
[ info ] [ HEADER ] array (
  'cookie' => 'pgv_pvi=4712565760; PHPSESSID=t95d335mlstpea3hn85oo8g8d3; thinkphp_show_page_trace=0|0',
  'accept-language' => 'zh-CN,zh;q=0.9',
  'accept-encoding' => 'gzip, deflate',
  'user-agent' => 'Mozilla/5.0 (Windows NT 10.0; Win64; x64) AppleWebKit/537.36 (KHTML, like Gecko) Chrome/72.0.3626.121 Safari/537.36',
  'connection' => 'keep-alive',
  'host' => 'www.linguifeng.top',
  'content-type' => '',
  'content-length' => '',
)
[ info ] [ PARAM ] array (
)
[ info ] [ LOG ] INIT File
---------------------------------------------------------------
[ 2019-04-04T11:57:06+08:00 ] 113.88.249.97 POST /admin/Picture/tuwan_b
[ info ] www.linguifeng.top/admin/Picture/tuwan_b [运行时间：0.021876s][吞吐率：45.71req/s] [内存消耗：2,403.95kb] [文件加载：51]
[ info ] [ LANG ] /var/www/html/MyBlog/thinkphp/lang/zh-cn.php
[ info ] [ ROUTE ] array (
  'type' => 'module',
  'module' => 
  array (
    0 => 'admin',
    1 => 'Picture',
    2 => 'tuwan_b',
  ),
)
[ info ] [ HEADER ] array (
  'cookie' => 'pgv_pvi=4712565760; PHPSESSID=t95d335mlstpea3hn85oo8g8d3; thinkphp_show_page_trace=0|0',
  'accept-language' => 'zh-CN,zh;q=0.9',
  'accept-encoding' => 'gzip, deflate',
  'referer' => 'http://www.linguifeng.top/admin/picture/tuwan.html',
  'content-type' => 'application/x-www-form-urlencoded; charset=UTF-8',
  'user-agent' => 'Mozilla/5.0 (Windows NT 10.0; Win64; x64) AppleWebKit/537.36 (KHTML, like Gecko) Chrome/72.0.3626.121 Safari/537.36',
  'x-requested-with' => 'XMLHttpRequest',
  'origin' => 'http://www.linguifeng.top',
  'accept' => 'application/json, text/javascript, */*; q=0.01',
  'content-length' => '6',
  'connection' => 'keep-alive',
  'host' => 'www.linguifeng.top',
)
[ info ] [ PARAM ] array (
  'page' => '1',
)
[ info ] [ SESSION ] INIT array (
  'id' => '',
  'var_session_id' => '',
  'prefix' => 'think',
  'type' => '',
  'auto_start' => true,
)
[ info ] [ RUN ] app\admin\controller\Picture->tuwan_b[ /var/www/html/MyBlog/application/admin/controller/Picture.php ]
[ info ] [ DB ] INIT mysql
[ info ] [ LOG ] INIT File
[ sql ] [ DB ] CONNECT:[ UseTime:0.000381s ] mysql:host=127.0.0.1;dbname=blog;charset=utf8
[ sql ] [ SQL ] SHOW COLUMNS FROM `blog_tuwan_url` [ RunTime:0.000650s ]
[ sql ] [ SQL ] SELECT * FROM `blog_tuwan_url` LIMIT 0,100 [ RunTime:0.000674s ]
[ sql ] [ SQL ] SHOW COLUMNS FROM `blog_tuwan` [ RunTime:0.000501s ]
[ sql ] [ SQL ] SELECT MAX(pid) AS tp_max FROM `blog_tuwan` LIMIT 1 [ RunTime:0.000810s ]
