---------------------------------------------------------------
[ 2019-04-06T03:47:32+08:00 ] 106.14.167.211 GET /
[ info ] www.linguifeng.top/ [运行时间：0.024555s][吞吐率：40.72req/s] [内存消耗：2,673.17kb] [文件加载：55]
[ info ] [ LANG ] /var/www/html/MyBlog/thinkphp/lang/zh-cn.php
[ info ] [ ROUTE ] array (
  'type' => 'module',
  'module' => 
  array (
    0 => '',
    1 => NULL,
    2 => NULL,
  ),
)
[ info ] [ HEADER ] array (
  'connection' => 'keep-alive',
  'accept' => 'text/html, image/gif, image/jpeg, *; q=.2, */*; q=.2',
  'host' => 'www.linguifeng.top',
  'user-agent' => 'Mozilla/5.0 (X11; Ubuntu; Linux x86_64; rv:36.0) Gecko/20100101 Firefox/36.0',
  'content-type' => '',
  'content-length' => '',
)
[ info ] [ PARAM ] array (
)
[ info ] [ RUN ] app\index\controller\Index->index[ /var/www/html/MyBlog/application/index/controller/Index.php ]
[ info ] [ DB ] INIT mysql
[ info ] [ VIEW ] /var/www/html/MyBlog/public/../application/index/view/index/index.html [ array (
  0 => 'data',
  1 => 'user',
  2 => 'lunbo',
) ]
[ info ] [ LOG ] INIT File
[ sql ] [ DB ] CONNECT:[ UseTime:0.000397s ] mysql:host=127.0.0.1;dbname=blog;charset=utf8
[ sql ] [ SQL ] SHOW COLUMNS FROM `blog_admin` [ RunTime:0.000722s ]
[ sql ] [ SQL ] SELECT * FROM `blog_admin` WHERE  `id` = 7  AND `name` = '林桂锋' LIMIT 1 [ RunTime:0.000333s ]
[ sql ] [ SQL ] SHOW COLUMNS FROM `blog_lunbo` [ RunTime:0.000442s ]
[ sql ] [ SQL ] SELECT * FROM `blog_lunbo` WHERE  `status` = 1 ORDER BY `sort` DESC [ RunTime:0.000257s ]
[ sql ] [ SQL ] SHOW COLUMNS FROM `blog_article` [ RunTime:0.000426s ]
[ sql ] [ SQL ] SELECT * FROM `blog_article` WHERE  `status` = 1 ORDER BY `time` DESC [ RunTime:0.000256s ]
---------------------------------------------------------------
[ 2019-04-06T11:27:53+08:00 ] 202.108.211.151 GET /
[ info ] www.linguifeng.top/ [运行时间：0.027186s][吞吐率：36.78req/s] [内存消耗：2,674.20kb] [文件加载：55]
[ info ] [ LANG ] /var/www/html/MyBlog/thinkphp/lang/zh-cn.php
[ info ] [ ROUTE ] array (
  'type' => 'module',
  'module' => 
  array (
    0 => '',
    1 => NULL,
    2 => NULL,
  ),
)
[ info ] [ HEADER ] array (
  'connection' => 'keep-alive',
  'host' => 'www.linguifeng.top',
  'upgrade-insecure-requests' => '1',
  'pragma' => 'no-cache',
  'cache-control' => 'no-cache',
  'accept-language' => 'zh-CN,zh;q=0.8,en-US;q=0.6,en;q=0.4',
  'accept-encoding' => 'gzip, deflate, sdch',
  'accept' => 'text/html,application/xhtml+xml,application/xml;q=0.9,image/webp,*/*;q=0.8',
  'user-agent' => 'Mozilla/5.0 (X11; Linux x86_64) AppleWebKit/535.21 (KHTML, like Gecko) Chrome/19.0.1042.0 Safari/535.21',
  'content-type' => '',
  'content-length' => '',
)
[ info ] [ PARAM ] array (
)
[ info ] [ RUN ] app\index\controller\Index->index[ /var/www/html/MyBlog/application/index/controller/Index.php ]
[ info ] [ DB ] INIT mysql
[ info ] [ VIEW ] /var/www/html/MyBlog/public/../application/index/view/index/index.html [ array (
  0 => 'data',
  1 => 'user',
  2 => 'lunbo',
) ]
[ info ] [ LOG ] INIT File
[ sql ] [ DB ] CONNECT:[ UseTime:0.000423s ] mysql:host=127.0.0.1;dbname=blog;charset=utf8
[ sql ] [ SQL ] SHOW COLUMNS FROM `blog_admin` [ RunTime:0.000758s ]
[ sql ] [ SQL ] SELECT * FROM `blog_admin` WHERE  `id` = 7  AND `name` = '林桂锋' LIMIT 1 [ RunTime:0.000359s ]
[ sql ] [ SQL ] SHOW COLUMNS FROM `blog_lunbo` [ RunTime:0.000519s ]
[ sql ] [ SQL ] SELECT * FROM `blog_lunbo` WHERE  `status` = 1 ORDER BY `sort` DESC [ RunTime:0.000289s ]
[ sql ] [ SQL ] SHOW COLUMNS FROM `blog_article` [ RunTime:0.000499s ]
[ sql ] [ SQL ] SELECT * FROM `blog_article` WHERE  `status` = 1 ORDER BY `time` DESC [ RunTime:0.000298s ]
---------------------------------------------------------------
[ 2019-04-06T15:36:03+08:00 ] 202.173.11.248 GET /
[ info ] www.linguifeng.top/ [运行时间：0.024090s][吞吐率：41.51req/s] [内存消耗：2,674.20kb] [文件加载：55]
[ info ] [ LANG ] /var/www/html/MyBlog/thinkphp/lang/zh-cn.php
[ info ] [ ROUTE ] array (
  'type' => 'module',
  'module' => 
  array (
    0 => '',
    1 => NULL,
    2 => NULL,
  ),
)
[ info ] [ HEADER ] array (
  'pragma' => 'no-cache',
  'cache-control' => 'no-cache',
  'dnt' => '1',
  'connection' => 'keep-alive',
  'referer' => 'http://www.linguifeng.top',
  'accept-encoding' => 'gzip, deflate',
  'accept-language' => 'zh-CN,zh;q=0.8',
  'accept' => 'text/html,application/xhtml+xml,application/xml;q=0.9,image/webp,*/*;q=0.8',
  'user-agent' => 'Mozilla/5.0 (Windows NT 10.0; Win64; x64) AppleWebKit/537.36 (KHTML, like Gecko) Chrome/56.0.2924.87 Safari/537.36',
  'host' => 'www.linguifeng.top',
  'content-type' => '',
  'content-length' => '',
)
[ info ] [ PARAM ] array (
)
[ info ] [ RUN ] app\index\controller\Index->index[ /var/www/html/MyBlog/application/index/controller/Index.php ]
[ info ] [ DB ] INIT mysql
[ info ] [ VIEW ] /var/www/html/MyBlog/public/../application/index/view/index/index.html [ array (
  0 => 'data',
  1 => 'user',
  2 => 'lunbo',
) ]
[ info ] [ LOG ] INIT File
[ sql ] [ DB ] CONNECT:[ UseTime:0.000401s ] mysql:host=127.0.0.1;dbname=blog;charset=utf8
[ sql ] [ SQL ] SHOW COLUMNS FROM `blog_admin` [ RunTime:0.000703s ]
[ sql ] [ SQL ] SELECT * FROM `blog_admin` WHERE  `id` = 7  AND `name` = '林桂锋' LIMIT 1 [ RunTime:0.000347s ]
[ sql ] [ SQL ] SHOW COLUMNS FROM `blog_lunbo` [ RunTime:0.000459s ]
[ sql ] [ SQL ] SELECT * FROM `blog_lunbo` WHERE  `status` = 1 ORDER BY `sort` DESC [ RunTime:0.000264s ]
[ sql ] [ SQL ] SHOW COLUMNS FROM `blog_article` [ RunTime:0.000418s ]
[ sql ] [ SQL ] SELECT * FROM `blog_article` WHERE  `status` = 1 ORDER BY `time` DESC [ RunTime:0.000268s ]
