---------------------------------------------------------------
[ 2019-04-09T18:01:31+08:00 ] 113.104.205.91 POST /admin/Picture/tuwan_c
[ info ] www.linguifeng.top/admin/Picture/tuwan_c [运行时间：0.025657s][吞吐率：38.98req/s] [内存消耗：2,362.52kb] [文件加载：50]
[ info ] [ LANG ] /var/www/html/MyBlog/thinkphp/lang/zh-cn.php
[ info ] [ ROUTE ] array (
  'type' => 'module',
  'module' => 
  array (
    0 => 'admin',
    1 => 'Picture',
    2 => 'tuwan_c',
  ),
)
[ info ] [ HEADER ] array (
  'cookie' => 'pgv_pvi=4712565760; PHPSESSID=36kljht8fqksu03357hdufjul2; thinkphp_show_page_trace=0|0',
  'accept-language' => 'zh-CN,zh;q=0.9',
  'accept-encoding' => 'gzip, deflate',
  'referer' => 'http://www.linguifeng.top/admin/picture/tuwan.html',
  'content-type' => 'application/x-www-form-urlencoded; charset=UTF-8',
  'user-agent' => 'Mozilla/5.0 (Windows NT 10.0; Win64; x64) AppleWebKit/537.36 (KHTML, like Gecko) Chrome/72.0.3626.121 Safari/537.36',
  'x-requested-with' => 'XMLHttpRequest',
  'origin' => 'http://www.linguifeng.top',
  'accept' => 'application/json, text/javascript, */*; q=0.01',
  'content-length' => '7',
  'connection' => 'keep-alive',
  'host' => 'www.linguifeng.top',
)
[ info ] [ PARAM ] array (
  'page' => '12',
)
[ info ] [ SESSION ] INIT array (
  'id' => '',
  'var_session_id' => '',
  'prefix' => 'think',
  'type' => '',
  'auto_start' => true,
)
[ info ] [ RUN ] app\admin\controller\Picture->tuwan_c[ /var/www/html/MyBlog/application/admin/controller/Picture.php ]
[ info ] [ DB ] INIT mysql
[ info ] [ LOG ] INIT File
[ sql ] [ DB ] CONNECT:[ UseTime:0.000378s ] mysql:host=127.0.0.1;dbname=blog;charset=utf8
[ sql ] [ SQL ] SHOW COLUMNS FROM `blog_tuwan` [ RunTime:0.000709s ]
[ sql ] [ SQL ] SELECT * FROM `blog_tuwan` ORDER BY `id` ASC LIMIT 1100,100 [ RunTime:0.006496s ]
---------------------------------------------------------------
[ 2019-04-09T18:03:40+08:00 ] 113.104.205.91 GET /index/index/tuwaninfo.html?id=1
[ info ] www.linguifeng.top/index/index/tuwaninfo.html?id=1 [运行时间：0.045571s][吞吐率：21.94req/s] [内存消耗：2,511.17kb] [文件加载：54]
[ info ] [ LANG ] /var/www/html/MyBlog/thinkphp/lang/zh-cn.php
[ info ] [ ROUTE ] array (
  'type' => 'module',
  'module' => 
  array (
    0 => 'index',
    1 => 'index',
    2 => 'tuwaninfo',
  ),
)
[ info ] [ HEADER ] array (
  'cookie' => 'pgv_pvi=4712565760; PHPSESSID=36kljht8fqksu03357hdufjul2; thinkphp_show_page_trace=0|0',
  'accept-language' => 'zh-CN,zh;q=0.9',
  'accept-encoding' => 'gzip, deflate',
  'accept' => 'text/html,application/xhtml+xml,application/xml;q=0.9,image/webp,image/apng,*/*;q=0.8',
  'user-agent' => 'Mozilla/5.0 (Windows NT 10.0; Win64; x64) AppleWebKit/537.36 (KHTML, like Gecko) Chrome/72.0.3626.121 Safari/537.36',
  'upgrade-insecure-requests' => '1',
  'connection' => 'keep-alive',
  'host' => 'www.linguifeng.top',
  'content-type' => '',
  'content-length' => '',
)
[ info ] [ PARAM ] array (
  'id' => '1',
)
[ info ] [ RUN ] app\index\controller\Index->tuwaninfo[ /var/www/html/MyBlog/application/index/controller/Index.php ]
[ info ] [ DB ] INIT mysql
[ info ] [ VIEW ] /var/www/html/MyBlog/public/../application/index/view/index/tuwaninfo.html [ array (
  0 => 'data',
) ]
[ info ] [ LOG ] INIT File
[ sql ] [ DB ] CONNECT:[ UseTime:0.000420s ] mysql:host=127.0.0.1;dbname=blog;charset=utf8
[ sql ] [ SQL ] SHOW COLUMNS FROM `blog_tuwan` [ RunTime:0.000725s ]
[ sql ] [ SQL ] SELECT * FROM `blog_tuwan` WHERE  `id` = 1 LIMIT 1 [ RunTime:0.000365s ]
---------------------------------------------------------------
[ 2019-04-09T18:04:56+08:00 ] 180.163.220.3 GET /index/index/tuwaninfo.html?id=1
[ info ] www.linguifeng.top/index/index/tuwaninfo.html?id=1 [运行时间：0.022711s][吞吐率：44.03req/s] [内存消耗：2,348.95kb] [文件加载：52]
[ info ] [ LANG ] /var/www/html/MyBlog/thinkphp/lang/zh-cn.php
[ info ] [ ROUTE ] array (
  'type' => 'module',
  'module' => 
  array (
    0 => 'index',
    1 => 'index',
    2 => 'tuwaninfo',
  ),
)
[ info ] [ HEADER ] array (
  'accept-encoding' => 'gzip, deflate',
  'accept' => 'text/html,application/xhtml+xml,application/xml;q=0.9,image/webp,image/apng,*/*;q=0.8',
  'upgrade-insecure-requests' => '1',
  'user-agent' => 'Mozilla/5.0 (iPhone; CPU iPhone OS 11_0 like Mac OS X) AppleWebKit/604.1.38 (KHTML, like Gecko) Version/11.0 Mobile/15A372 Safari/604.1',
  'connection' => 'keep-alive',
  'host' => 'www.linguifeng.top',
  'content-type' => '',
  'content-length' => '',
)
[ info ] [ PARAM ] array (
  'id' => '1',
)
[ info ] [ RUN ] app\index\controller\Index->tuwaninfo[ /var/www/html/MyBlog/application/index/controller/Index.php ]
[ info ] [ DB ] INIT mysql
[ info ] [ VIEW ] /var/www/html/MyBlog/public/../application/index/view/index/tuwaninfo.html [ array (
  0 => 'data',
) ]
[ info ] [ LOG ] INIT File
[ sql ] [ DB ] CONNECT:[ UseTime:0.000412s ] mysql:host=127.0.0.1;dbname=blog;charset=utf8
[ sql ] [ SQL ] SHOW COLUMNS FROM `blog_tuwan` [ RunTime:0.000776s ]
[ sql ] [ SQL ] SELECT * FROM `blog_tuwan` WHERE  `id` = 1 LIMIT 1 [ RunTime:0.000375s ]
---------------------------------------------------------------
[ 2019-04-09T18:05:52+08:00 ] 113.104.205.91 GET /index/index/tuwaninfo.html
[ info ] www.linguifeng.top/index/index/tuwaninfo.html [运行时间：0.022054s][吞吐率：45.34req/s] [内存消耗：2,376.14kb] [文件加载：54]
[ info ] [ LANG ] /var/www/html/MyBlog/thinkphp/lang/zh-cn.php
[ info ] [ ROUTE ] array (
  'type' => 'module',
  'module' => 
  array (
    0 => 'index',
    1 => 'index',
    2 => 'tuwaninfo',
  ),
)
[ info ] [ HEADER ] array (
  'cookie' => 'thinkphp_show_page_trace=0|0; pgv_pvi=4712565760; PHPSESSID=36kljht8fqksu03357hdufjul2; thinkphp_show_page_trace=0|0',
  'accept-language' => 'zh-CN,zh;q=0.9',
  'accept-encoding' => 'gzip, deflate',
  'accept' => 'text/html,application/xhtml+xml,application/xml;q=0.9,image/webp,image/apng,*/*;q=0.8',
  'user-agent' => 'Mozilla/5.0 (Windows NT 10.0; Win64; x64) AppleWebKit/537.36 (KHTML, like Gecko) Chrome/72.0.3626.121 Safari/537.36',
  'upgrade-insecure-requests' => '1',
  'connection' => 'keep-alive',
  'host' => 'www.linguifeng.top',
  'content-type' => '',
  'content-length' => '',
)
[ info ] [ PARAM ] array (
)
[ info ] [ RUN ] app\index\controller\Index->tuwaninfo[ /var/www/html/MyBlog/application/index/controller/Index.php ]
[ info ] [ DB ] INIT mysql
[ info ] [ LOG ] INIT File
[ sql ] [ DB ] CONNECT:[ UseTime:0.000417s ] mysql:host=127.0.0.1;dbname=blog;charset=utf8
[ sql ] [ SQL ] SHOW COLUMNS FROM `blog_tuwan` [ RunTime:0.000741s ]
[ sql ] [ SQL ] SELECT * FROM `blog_tuwan` WHERE  `id` IS NULL LIMIT 1 [ RunTime:0.000254s ]
[ error ] [8]未定义数组索引: details[/var/www/html/MyBlog/application/index/controller/Index.php:76]
---------------------------------------------------------------
[ 2019-04-09T18:05:57+08:00 ] 113.104.205.91 GET /index/index/tuwan.html
[ info ] www.linguifeng.top/index/index/tuwan.html [运行时间：0.032157s][吞吐率：31.10req/s] [内存消耗：2,936.74kb] [文件加载：53]
[ info ] [ LANG ] /var/www/html/MyBlog/thinkphp/lang/zh-cn.php
[ info ] [ ROUTE ] array (
  'type' => 'module',
  'module' => 
  array (
    0 => 'index',
    1 => 'index',
    2 => 'tuwan',
  ),
)
[ info ] [ HEADER ] array (
  'cookie' => 'thinkphp_show_page_trace=0|0; pgv_pvi=4712565760; PHPSESSID=36kljht8fqksu03357hdufjul2; thinkphp_show_page_trace=0|0',
  'accept-language' => 'zh-CN,zh;q=0.9',
  'accept-encoding' => 'gzip, deflate',
  'accept' => 'text/html,application/xhtml+xml,application/xml;q=0.9,image/webp,image/apng,*/*;q=0.8',
  'user-agent' => 'Mozilla/5.0 (Windows NT 10.0; Win64; x64) AppleWebKit/537.36 (KHTML, like Gecko) Chrome/72.0.3626.121 Safari/537.36',
  'upgrade-insecure-requests' => '1',
  'connection' => 'keep-alive',
  'host' => 'www.linguifeng.top',
  'content-type' => '',
  'content-length' => '',
)
[ info ] [ PARAM ] array (
)
[ info ] [ RUN ] app\index\controller\Index->tuwan[ /var/www/html/MyBlog/application/index/controller/Index.php ]
[ info ] [ DB ] INIT mysql
[ info ] [ VIEW ] /var/www/html/MyBlog/public/../application/index/view/index/tuwan.html [ array (
  0 => 'data',
) ]
[ info ] [ LOG ] INIT File
[ sql ] [ DB ] CONNECT:[ UseTime:0.000391s ] mysql:host=127.0.0.1;dbname=blog;charset=utf8
[ sql ] [ SQL ] SHOW COLUMNS FROM `blog_tuwan` [ RunTime:0.000712s ]
[ sql ] [ SQL ] SELECT `id`,`pic` FROM `blog_tuwan` [ RunTime:0.001364s ]
---------------------------------------------------------------
[ 2019-04-09T18:06:01+08:00 ] 113.104.205.91 GET /index/index/tuwan.html
[ info ] www.linguifeng.top/index/index/tuwan.html [运行时间：0.028500s][吞吐率：35.09req/s] [内存消耗：2,936.78kb] [文件加载：53]
[ info ] [ LANG ] /var/www/html/MyBlog/thinkphp/lang/zh-cn.php
[ info ] [ ROUTE ] array (
  'type' => 'module',
  'module' => 
  array (
    0 => 'index',
    1 => 'index',
    2 => 'tuwan',
  ),
)
[ info ] [ HEADER ] array (
  'cookie' => 'thinkphp_show_page_trace=0|0; pgv_pvi=4712565760; PHPSESSID=36kljht8fqksu03357hdufjul2; thinkphp_show_page_trace=0|0',
  'accept-language' => 'zh-CN,zh;q=0.9',
  'accept-encoding' => 'gzip, deflate',
  'accept' => 'text/html,application/xhtml+xml,application/xml;q=0.9,image/webp,image/apng,*/*;q=0.8',
  'user-agent' => 'Mozilla/5.0 (Windows NT 10.0; Win64; x64) AppleWebKit/537.36 (KHTML, like Gecko) Chrome/72.0.3626.121 Safari/537.36',
  'upgrade-insecure-requests' => '1',
  'cache-control' => 'max-age=0',
  'connection' => 'keep-alive',
  'host' => 'www.linguifeng.top',
  'content-type' => '',
  'content-length' => '',
)
[ info ] [ PARAM ] array (
)
[ info ] [ RUN ] app\index\controller\Index->tuwan[ /var/www/html/MyBlog/application/index/controller/Index.php ]
[ info ] [ DB ] INIT mysql
[ info ] [ VIEW ] /var/www/html/MyBlog/public/../application/index/view/index/tuwan.html [ array (
  0 => 'data',
) ]
[ info ] [ LOG ] INIT File
[ sql ] [ DB ] CONNECT:[ UseTime:0.000383s ] mysql:host=127.0.0.1;dbname=blog;charset=utf8
[ sql ] [ SQL ] SHOW COLUMNS FROM `blog_tuwan` [ RunTime:0.000699s ]
[ sql ] [ SQL ] SELECT `id`,`pic` FROM `blog_tuwan` [ RunTime:0.001282s ]
---------------------------------------------------------------
[ 2019-04-09T18:06:22+08:00 ] 180.163.220.3 GET /index/index/tuwaninfo.html
[ info ] www.linguifeng.top/index/index/tuwaninfo.html [运行时间：0.021397s][吞吐率：46.74req/s] [内存消耗：2,375.51kb] [文件加载：54]
[ info ] [ LANG ] /var/www/html/MyBlog/thinkphp/lang/zh-cn.php
[ info ] [ ROUTE ] array (
  'type' => 'module',
  'module' => 
  array (
    0 => 'index',
    1 => 'index',
    2 => 'tuwaninfo',
  ),
)
[ info ] [ HEADER ] array (
  'accept-encoding' => 'gzip, deflate',
  'accept' => 'text/html,application/xhtml+xml,application/xml;q=0.9,image/webp,image/apng,*/*;q=0.8',
  'upgrade-insecure-requests' => '1',
  'user-agent' => 'Mozilla/5.0 (iPhone; CPU iPhone OS 11_0 like Mac OS X) AppleWebKit/604.1.38 (KHTML, like Gecko) Version/11.0 Mobile/15A372 Safari/604.1',
  'connection' => 'keep-alive',
  'host' => 'www.linguifeng.top',
  'content-type' => '',
  'content-length' => '',
)
[ info ] [ PARAM ] array (
)
[ info ] [ RUN ] app\index\controller\Index->tuwaninfo[ /var/www/html/MyBlog/application/index/controller/Index.php ]
[ info ] [ DB ] INIT mysql
[ info ] [ LOG ] INIT File
[ sql ] [ DB ] CONNECT:[ UseTime:0.000446s ] mysql:host=127.0.0.1;dbname=blog;charset=utf8
[ sql ] [ SQL ] SHOW COLUMNS FROM `blog_tuwan` [ RunTime:0.000762s ]
[ sql ] [ SQL ] SELECT * FROM `blog_tuwan` WHERE  `id` IS NULL LIMIT 1 [ RunTime:0.000235s ]
[ error ] [8]未定义数组索引: details[/var/www/html/MyBlog/application/index/controller/Index.php:76]
---------------------------------------------------------------
[ 2019-04-09T18:06:26+08:00 ] 42.236.10.84 GET /index/index/tuwan.html
[ info ] www.linguifeng.top/index/index/tuwan.html [运行时间：0.029489s][吞吐率：33.91req/s] [内存消耗：2,935.86kb] [文件加载：53]
[ info ] [ LANG ] /var/www/html/MyBlog/thinkphp/lang/zh-cn.php
[ info ] [ ROUTE ] array (
  'type' => 'module',
  'module' => 
  array (
    0 => 'index',
    1 => 'index',
    2 => 'tuwan',
  ),
)
[ info ] [ HEADER ] array (
  'accept-encoding' => 'gzip, deflate',
  'accept' => 'text/html,application/xhtml+xml,application/xml;q=0.9,image/webp,image/apng,*/*;q=0.8',
  'upgrade-insecure-requests' => '1',
  'user-agent' => 'Mozilla/5.0 (iPhone; CPU iPhone OS 11_0 like Mac OS X) AppleWebKit/604.1.38 (KHTML, like Gecko) Version/11.0 Mobile/15A372 Safari/604.1',
  'connection' => 'keep-alive',
  'host' => 'www.linguifeng.top',
  'content-type' => '',
  'content-length' => '',
)
[ info ] [ PARAM ] array (
)
[ info ] [ RUN ] app\index\controller\Index->tuwan[ /var/www/html/MyBlog/application/index/controller/Index.php ]
[ info ] [ DB ] INIT mysql
[ info ] [ VIEW ] /var/www/html/MyBlog/public/../application/index/view/index/tuwan.html [ array (
  0 => 'data',
) ]
[ info ] [ LOG ] INIT File
[ sql ] [ DB ] CONNECT:[ UseTime:0.000382s ] mysql:host=127.0.0.1;dbname=blog;charset=utf8
[ sql ] [ SQL ] SHOW COLUMNS FROM `blog_tuwan` [ RunTime:0.000729s ]
[ sql ] [ SQL ] SELECT `id`,`pic` FROM `blog_tuwan` [ RunTime:0.001319s ]
---------------------------------------------------------------
[ 2019-04-09T18:06:55+08:00 ] 180.163.220.3 GET /index/index/tuwaninfo.html
[ info ] www.linguifeng.top/index/index/tuwaninfo.html [运行时间：0.020478s][吞吐率：48.83req/s] [内存消耗：2,375.51kb] [文件加载：54]
[ info ] [ LANG ] /var/www/html/MyBlog/thinkphp/lang/zh-cn.php
[ info ] [ ROUTE ] array (
  'type' => 'module',
  'module' => 
  array (
    0 => 'index',
    1 => 'index',
    2 => 'tuwaninfo',
  ),
)
[ info ] [ HEADER ] array (
  'accept-encoding' => 'gzip, deflate',
  'accept' => 'text/html,application/xhtml+xml,application/xml;q=0.9,image/webp,image/apng,*/*;q=0.8',
  'upgrade-insecure-requests' => '1',
  'user-agent' => 'Mozilla/5.0 (iPhone; CPU iPhone OS 11_0 like Mac OS X) AppleWebKit/604.1.38 (KHTML, like Gecko) Version/11.0 Mobile/15A372 Safari/604.1',
  'connection' => 'keep-alive',
  'host' => 'www.linguifeng.top',
  'content-type' => '',
  'content-length' => '',
)
[ info ] [ PARAM ] array (
)
[ info ] [ RUN ] app\index\controller\Index->tuwaninfo[ /var/www/html/MyBlog/application/index/controller/Index.php ]
[ info ] [ DB ] INIT mysql
[ info ] [ LOG ] INIT File
[ sql ] [ DB ] CONNECT:[ UseTime:0.000364s ] mysql:host=127.0.0.1;dbname=blog;charset=utf8
[ sql ] [ SQL ] SHOW COLUMNS FROM `blog_tuwan` [ RunTime:0.000712s ]
[ sql ] [ SQL ] SELECT * FROM `blog_tuwan` WHERE  `id` IS NULL LIMIT 1 [ RunTime:0.000306s ]
[ error ] [8]未定义数组索引: details[/var/www/html/MyBlog/application/index/controller/Index.php:76]
