---------------------------------------------------------------
[ 2019-01-12T04:17:51+08:00 ] 101.132.98.159 GET /
[ info ] www.linguifeng.top/ [运行时间：0.013510s][吞吐率：74.02req/s] [内存消耗：1,568.83kb] [文件加载：45]
[ info ] [ LANG ] /www/wwwroot/MyBlog/thinkphp/lang/zh-cn.php
[ info ] [ ROUTE ] array (
  'type' => 'module',
  'module' => 
  array (
    0 => '',
    1 => NULL,
    2 => NULL,
  ),
)
[ info ] [ HEADER ] array (
  'connection' => 'keep-alive',
  'accept' => 'text/html, image/gif, image/jpeg, *; q=.2, */*; q=.2',
  'host' => 'www.linguifeng.top',
  'user-agent' => 'Mozilla/5.0 (X11; Ubuntu; Linux x86_64; rv:36.0) Gecko/20100101 Firefox/36.0',
  'content-type' => '',
  'content-length' => '',
)
[ info ] [ PARAM ] array (
)
[ info ] [ RUN ] app\index\controller\Index->index[ /www/wwwroot/MyBlog/application/index/controller/Index.php ]
[ info ] [ VIEW ] /www/wwwroot/MyBlog/public/../application/index/view/index/index.html [ array (
) ]
[ info ] [ LOG ] INIT File
---------------------------------------------------------------
[ 2019-01-12T07:29:13+08:00 ] 139.196.78.97 GET /
[ info ] www.linguifeng.top/ [运行时间：0.013512s][吞吐率：74.01req/s] [内存消耗：1,568.52kb] [文件加载：45]
[ info ] [ LANG ] /www/wwwroot/MyBlog/thinkphp/lang/zh-cn.php
[ info ] [ ROUTE ] array (
  'type' => 'module',
  'module' => 
  array (
    0 => '',
    1 => NULL,
    2 => NULL,
  ),
)
[ info ] [ HEADER ] array (
  'connection' => 'keep-alive',
  'accept' => 'text/html, image/gif, image/jpeg, *; q=.2, */*; q=.2',
  'host' => 'www.linguifeng.top',
  'user-agent' => 'Java/1.8.0_121',
  'content-type' => '',
  'content-length' => '',
)
[ info ] [ PARAM ] array (
)
[ info ] [ RUN ] app\index\controller\Index->index[ /www/wwwroot/MyBlog/application/index/controller/Index.php ]
[ info ] [ VIEW ] /www/wwwroot/MyBlog/public/../application/index/view/index/index.html [ array (
) ]
[ info ] [ LOG ] INIT File
---------------------------------------------------------------
[ 2019-01-12T10:52:21+08:00 ] 116.25.36.134 GET /
[ info ] www.linguifeng.top/ [运行时间：0.013901s][吞吐率：71.94req/s] [内存消耗：1,570.34kb] [文件加载：45]
[ info ] [ LANG ] /www/wwwroot/MyBlog/thinkphp/lang/zh-cn.php
[ info ] [ ROUTE ] array (
  'type' => 'module',
  'module' => 
  array (
    0 => '',
    1 => NULL,
    2 => NULL,
  ),
)
[ info ] [ HEADER ] array (
  'cookie' => 'pgv_pvi=4712565760',
  'accept-language' => 'zh-CN,zh;q=0.9',
  'accept-encoding' => 'gzip, deflate',
  'referer' => 'http://120.79.174.13:8888/site',
  'accept' => 'text/html,application/xhtml+xml,application/xml;q=0.9,image/webp,image/apng,*/*;q=0.8',
  'user-agent' => 'Mozilla/5.0 (Windows NT 10.0; Win64; x64) AppleWebKit/537.36 (KHTML, like Gecko) Chrome/71.0.3578.80 Safari/537.36',
  'upgrade-insecure-requests' => '1',
  'connection' => 'keep-alive',
  'host' => 'www.linguifeng.top',
  'content-type' => '',
  'content-length' => '',
)
[ info ] [ PARAM ] array (
)
[ info ] [ RUN ] app\index\controller\Index->index[ /www/wwwroot/MyBlog/application/index/controller/Index.php ]
[ info ] [ VIEW ] /www/wwwroot/MyBlog/public/../application/index/view/index/index.html [ array (
) ]
[ info ] [ LOG ] INIT File
---------------------------------------------------------------
[ 2019-01-12T10:52:28+08:00 ] 116.25.36.134 GET /admin
[ info ] www.linguifeng.top/admin [运行时间：0.015720s][吞吐率：63.61req/s] [内存消耗：1,603.63kb] [文件加载：45]
[ info ] [ LANG ] /www/wwwroot/MyBlog/thinkphp/lang/zh-cn.php
[ info ] [ ROUTE ] array (
  'type' => 'module',
  'module' => 
  array (
    0 => 'admin',
    1 => NULL,
    2 => NULL,
  ),
)
[ info ] [ HEADER ] array (
  'cookie' => 'pgv_pvi=4712565760; thinkphp_show_page_trace=0|0',
  'accept-language' => 'zh-CN,zh;q=0.9',
  'accept-encoding' => 'gzip, deflate',
  'accept' => 'text/html,application/xhtml+xml,application/xml;q=0.9,image/webp,image/apng,*/*;q=0.8',
  'user-agent' => 'Mozilla/5.0 (Windows NT 10.0; Win64; x64) AppleWebKit/537.36 (KHTML, like Gecko) Chrome/71.0.3578.80 Safari/537.36',
  'upgrade-insecure-requests' => '1',
  'purpose' => 'prefetch',
  'connection' => 'keep-alive',
  'host' => 'www.linguifeng.top',
  'content-type' => '',
  'content-length' => '',
)
[ info ] [ PARAM ] array (
)
[ info ] [ RUN ] app\admin\controller\Index->index[ /www/wwwroot/MyBlog/application/admin/controller/Index.php ]
[ info ] [ VIEW ] /www/wwwroot/MyBlog/public/../application/admin/view/index/index.html [ array (
) ]
[ info ] [ LOG ] INIT File
---------------------------------------------------------------
[ 2019-01-12T10:52:28+08:00 ] 116.25.36.134 GET /admin/index/index_v1.html?v=4.0
[ info ] www.linguifeng.top/admin/index/index_v1.html?v=4.0 [运行时间：0.014407s][吞吐率：69.41req/s] [内存消耗：1,596.20kb] [文件加载：45]
[ info ] [ LANG ] /www/wwwroot/MyBlog/thinkphp/lang/zh-cn.php
[ info ] [ ROUTE ] array (
  'type' => 'module',
  'module' => 
  array (
    0 => 'admin',
    1 => 'index',
    2 => 'index_v1',
  ),
)
[ info ] [ HEADER ] array (
  'cookie' => 'pgv_pvi=4712565760; thinkphp_show_page_trace=0|0',
  'accept-language' => 'zh-CN,zh;q=0.9',
  'accept-encoding' => 'gzip, deflate',
  'referer' => 'http://www.linguifeng.top/admin',
  'accept' => 'text/html,application/xhtml+xml,application/xml;q=0.9,image/webp,image/apng,*/*;q=0.8',
  'user-agent' => 'Mozilla/5.0 (Windows NT 10.0; Win64; x64) AppleWebKit/537.36 (KHTML, like Gecko) Chrome/71.0.3578.80 Safari/537.36',
  'upgrade-insecure-requests' => '1',
  'connection' => 'keep-alive',
  'host' => 'www.linguifeng.top',
  'content-type' => '',
  'content-length' => '',
)
[ info ] [ PARAM ] array (
  'v' => '4.0',
)
[ info ] [ RUN ] app\admin\controller\Index->index_v1[ /www/wwwroot/MyBlog/application/admin/controller/Index.php ]
[ info ] [ VIEW ] /www/wwwroot/MyBlog/public/../application/admin/view/index/index_v1.html [ array (
) ]
[ info ] [ LOG ] INIT File
---------------------------------------------------------------
[ 2019-01-12T10:52:31+08:00 ] 116.25.36.134 GET /admin
[ info ] www.linguifeng.top/admin [运行时间：0.014486s][吞吐率：69.03req/s] [内存消耗：1,603.64kb] [文件加载：45]
[ info ] [ LANG ] /www/wwwroot/MyBlog/thinkphp/lang/zh-cn.php
[ info ] [ ROUTE ] array (
  'type' => 'module',
  'module' => 
  array (
    0 => 'admin',
    1 => NULL,
    2 => NULL,
  ),
)
[ info ] [ HEADER ] array (
  'cookie' => 'pgv_pvi=4712565760; thinkphp_show_page_trace=0|0',
  'accept-language' => 'zh-CN,zh;q=0.9',
  'accept-encoding' => 'gzip, deflate',
  'accept' => 'text/html,application/xhtml+xml,application/xml;q=0.9,image/webp,image/apng,*/*;q=0.8',
  'user-agent' => 'Mozilla/5.0 (Windows NT 10.0; Win64; x64) AppleWebKit/537.36 (KHTML, like Gecko) Chrome/71.0.3578.80 Safari/537.36',
  'upgrade-insecure-requests' => '1',
  'cache-control' => 'max-age=0',
  'connection' => 'keep-alive',
  'host' => 'www.linguifeng.top',
  'content-type' => '',
  'content-length' => '',
)
[ info ] [ PARAM ] array (
)
[ info ] [ RUN ] app\admin\controller\Index->index[ /www/wwwroot/MyBlog/application/admin/controller/Index.php ]
[ info ] [ VIEW ] /www/wwwroot/MyBlog/public/../application/admin/view/index/index.html [ array (
) ]
[ info ] [ LOG ] INIT File
---------------------------------------------------------------
[ 2019-01-12T10:52:31+08:00 ] 116.25.36.134 GET /admin/index/index_v1.html?v=4.0
[ info ] www.linguifeng.top/admin/index/index_v1.html?v=4.0 [运行时间：0.014007s][吞吐率：71.39req/s] [内存消耗：1,596.33kb] [文件加载：45]
[ info ] [ LANG ] /www/wwwroot/MyBlog/thinkphp/lang/zh-cn.php
[ info ] [ ROUTE ] array (
  'type' => 'module',
  'module' => 
  array (
    0 => 'admin',
    1 => 'index',
    2 => 'index_v1',
  ),
)
[ info ] [ HEADER ] array (
  'cookie' => 'thinkphp_show_page_trace=0|0; pgv_pvi=4712565760; thinkphp_show_page_trace=0|0',
  'accept-language' => 'zh-CN,zh;q=0.9',
  'accept-encoding' => 'gzip, deflate',
  'referer' => 'http://www.linguifeng.top/admin',
  'accept' => 'text/html,application/xhtml+xml,application/xml;q=0.9,image/webp,image/apng,*/*;q=0.8',
  'user-agent' => 'Mozilla/5.0 (Windows NT 10.0; Win64; x64) AppleWebKit/537.36 (KHTML, like Gecko) Chrome/71.0.3578.80 Safari/537.36',
  'upgrade-insecure-requests' => '1',
  'connection' => 'keep-alive',
  'host' => 'www.linguifeng.top',
  'content-type' => '',
  'content-length' => '',
)
[ info ] [ PARAM ] array (
  'v' => '4.0',
)
[ info ] [ RUN ] app\admin\controller\Index->index_v1[ /www/wwwroot/MyBlog/application/admin/controller/Index.php ]
[ info ] [ VIEW ] /www/wwwroot/MyBlog/public/../application/admin/view/index/index_v1.html [ array (
) ]
[ info ] [ LOG ] INIT File
---------------------------------------------------------------
[ 2019-01-12T10:52:32+08:00 ] 116.25.36.134 GET /admin
[ info ] www.linguifeng.top/admin [运行时间：0.014268s][吞吐率：70.09req/s] [内存消耗：1,603.64kb] [文件加载：45]
[ info ] [ LANG ] /www/wwwroot/MyBlog/thinkphp/lang/zh-cn.php
[ info ] [ ROUTE ] array (
  'type' => 'module',
  'module' => 
  array (
    0 => 'admin',
    1 => NULL,
    2 => NULL,
  ),
)
[ info ] [ HEADER ] array (
  'cookie' => 'pgv_pvi=4712565760; thinkphp_show_page_trace=0|0',
  'accept-language' => 'zh-CN,zh;q=0.9',
  'accept-encoding' => 'gzip, deflate',
  'accept' => 'text/html,application/xhtml+xml,application/xml;q=0.9,image/webp,image/apng,*/*;q=0.8',
  'user-agent' => 'Mozilla/5.0 (Windows NT 10.0; Win64; x64) AppleWebKit/537.36 (KHTML, like Gecko) Chrome/71.0.3578.80 Safari/537.36',
  'upgrade-insecure-requests' => '1',
  'cache-control' => 'max-age=0',
  'connection' => 'keep-alive',
  'host' => 'www.linguifeng.top',
  'content-type' => '',
  'content-length' => '',
)
[ info ] [ PARAM ] array (
)
[ info ] [ RUN ] app\admin\controller\Index->index[ /www/wwwroot/MyBlog/application/admin/controller/Index.php ]
[ info ] [ VIEW ] /www/wwwroot/MyBlog/public/../application/admin/view/index/index.html [ array (
) ]
[ info ] [ LOG ] INIT File
---------------------------------------------------------------
[ 2019-01-12T10:52:32+08:00 ] 116.25.36.134 GET /admin/index/index_v1.html?v=4.0
[ info ] www.linguifeng.top/admin/index/index_v1.html?v=4.0 [运行时间：0.013855s][吞吐率：72.18req/s] [内存消耗：1,596.33kb] [文件加载：45]
[ info ] [ LANG ] /www/wwwroot/MyBlog/thinkphp/lang/zh-cn.php
[ info ] [ ROUTE ] array (
  'type' => 'module',
  'module' => 
  array (
    0 => 'admin',
    1 => 'index',
    2 => 'index_v1',
  ),
)
[ info ] [ HEADER ] array (
  'cookie' => 'thinkphp_show_page_trace=0|0; pgv_pvi=4712565760; thinkphp_show_page_trace=0|0',
  'accept-language' => 'zh-CN,zh;q=0.9',
  'accept-encoding' => 'gzip, deflate',
  'referer' => 'http://www.linguifeng.top/admin',
  'accept' => 'text/html,application/xhtml+xml,application/xml;q=0.9,image/webp,image/apng,*/*;q=0.8',
  'user-agent' => 'Mozilla/5.0 (Windows NT 10.0; Win64; x64) AppleWebKit/537.36 (KHTML, like Gecko) Chrome/71.0.3578.80 Safari/537.36',
  'upgrade-insecure-requests' => '1',
  'connection' => 'keep-alive',
  'host' => 'www.linguifeng.top',
  'content-type' => '',
  'content-length' => '',
)
[ info ] [ PARAM ] array (
  'v' => '4.0',
)
[ info ] [ RUN ] app\admin\controller\Index->index_v1[ /www/wwwroot/MyBlog/application/admin/controller/Index.php ]
[ info ] [ VIEW ] /www/wwwroot/MyBlog/public/../application/admin/view/index/index_v1.html [ array (
) ]
[ info ] [ LOG ] INIT File
---------------------------------------------------------------
[ 2019-01-12T10:53:58+08:00 ] 116.25.36.134 GET /admin
[ info ] www.linguifeng.top/admin [运行时间：0.014576s][吞吐率：68.61req/s] [内存消耗：1,603.64kb] [文件加载：45]
[ info ] [ LANG ] /www/wwwroot/MyBlog/thinkphp/lang/zh-cn.php
[ info ] [ ROUTE ] array (
  'type' => 'module',
  'module' => 
  array (
    0 => 'admin',
    1 => NULL,
    2 => NULL,
  ),
)
[ info ] [ HEADER ] array (
  'cookie' => 'pgv_pvi=4712565760; thinkphp_show_page_trace=0|0',
  'accept-language' => 'zh-CN,zh;q=0.9',
  'accept-encoding' => 'gzip, deflate',
  'accept' => 'text/html,application/xhtml+xml,application/xml;q=0.9,image/webp,image/apng,*/*;q=0.8',
  'user-agent' => 'Mozilla/5.0 (Windows NT 10.0; Win64; x64) AppleWebKit/537.36 (KHTML, like Gecko) Chrome/71.0.3578.80 Safari/537.36',
  'upgrade-insecure-requests' => '1',
  'cache-control' => 'max-age=0',
  'connection' => 'keep-alive',
  'host' => 'www.linguifeng.top',
  'content-type' => '',
  'content-length' => '',
)
[ info ] [ PARAM ] array (
)
[ info ] [ RUN ] app\admin\controller\Index->index[ /www/wwwroot/MyBlog/application/admin/controller/Index.php ]
[ info ] [ VIEW ] /www/wwwroot/MyBlog/public/../application/admin/view/index/index.html [ array (
) ]
[ info ] [ LOG ] INIT File
---------------------------------------------------------------
[ 2019-01-12T10:53:58+08:00 ] 116.25.36.134 GET /admin/index/index_v1.html?v=4.0
[ info ] www.linguifeng.top/admin/index/index_v1.html?v=4.0 [运行时间：0.014259s][吞吐率：70.13req/s] [内存消耗：1,596.33kb] [文件加载：45]
[ info ] [ LANG ] /www/wwwroot/MyBlog/thinkphp/lang/zh-cn.php
[ info ] [ ROUTE ] array (
  'type' => 'module',
  'module' => 
  array (
    0 => 'admin',
    1 => 'index',
    2 => 'index_v1',
  ),
)
[ info ] [ HEADER ] array (
  'cookie' => 'thinkphp_show_page_trace=0|0; pgv_pvi=4712565760; thinkphp_show_page_trace=0|0',
  'accept-language' => 'zh-CN,zh;q=0.9',
  'accept-encoding' => 'gzip, deflate',
  'referer' => 'http://www.linguifeng.top/admin',
  'accept' => 'text/html,application/xhtml+xml,application/xml;q=0.9,image/webp,image/apng,*/*;q=0.8',
  'user-agent' => 'Mozilla/5.0 (Windows NT 10.0; Win64; x64) AppleWebKit/537.36 (KHTML, like Gecko) Chrome/71.0.3578.80 Safari/537.36',
  'upgrade-insecure-requests' => '1',
  'connection' => 'keep-alive',
  'host' => 'www.linguifeng.top',
  'content-type' => '',
  'content-length' => '',
)
[ info ] [ PARAM ] array (
  'v' => '4.0',
)
[ info ] [ RUN ] app\admin\controller\Index->index_v1[ /www/wwwroot/MyBlog/application/admin/controller/Index.php ]
[ info ] [ VIEW ] /www/wwwroot/MyBlog/public/../application/admin/view/index/index_v1.html [ array (
) ]
[ info ] [ LOG ] INIT File
---------------------------------------------------------------
[ 2019-01-12T10:53:59+08:00 ] 116.25.36.134 GET /admin
[ info ] www.linguifeng.top/admin [运行时间：0.013803s][吞吐率：72.45req/s] [内存消耗：1,603.64kb] [文件加载：45]
[ info ] [ LANG ] /www/wwwroot/MyBlog/thinkphp/lang/zh-cn.php
[ info ] [ ROUTE ] array (
  'type' => 'module',
  'module' => 
  array (
    0 => 'admin',
    1 => NULL,
    2 => NULL,
  ),
)
[ info ] [ HEADER ] array (
  'cookie' => 'pgv_pvi=4712565760; thinkphp_show_page_trace=0|0',
  'accept-language' => 'zh-CN,zh;q=0.9',
  'accept-encoding' => 'gzip, deflate',
  'accept' => 'text/html,application/xhtml+xml,application/xml;q=0.9,image/webp,image/apng,*/*;q=0.8',
  'user-agent' => 'Mozilla/5.0 (Windows NT 10.0; Win64; x64) AppleWebKit/537.36 (KHTML, like Gecko) Chrome/71.0.3578.80 Safari/537.36',
  'upgrade-insecure-requests' => '1',
  'cache-control' => 'max-age=0',
  'connection' => 'keep-alive',
  'host' => 'www.linguifeng.top',
  'content-type' => '',
  'content-length' => '',
)
[ info ] [ PARAM ] array (
)
[ info ] [ RUN ] app\admin\controller\Index->index[ /www/wwwroot/MyBlog/application/admin/controller/Index.php ]
[ info ] [ VIEW ] /www/wwwroot/MyBlog/public/../application/admin/view/index/index.html [ array (
) ]
[ info ] [ LOG ] INIT File
---------------------------------------------------------------
[ 2019-01-12T10:53:59+08:00 ] 116.25.36.134 GET /admin/index/index_v1.html?v=4.0
[ info ] www.linguifeng.top/admin/index/index_v1.html?v=4.0 [运行时间：0.013741s][吞吐率：72.77req/s] [内存消耗：1,596.33kb] [文件加载：45]
[ info ] [ LANG ] /www/wwwroot/MyBlog/thinkphp/lang/zh-cn.php
[ info ] [ ROUTE ] array (
  'type' => 'module',
  'module' => 
  array (
    0 => 'admin',
    1 => 'index',
    2 => 'index_v1',
  ),
)
[ info ] [ HEADER ] array (
  'cookie' => 'thinkphp_show_page_trace=0|0; pgv_pvi=4712565760; thinkphp_show_page_trace=0|0',
  'accept-language' => 'zh-CN,zh;q=0.9',
  'accept-encoding' => 'gzip, deflate',
  'referer' => 'http://www.linguifeng.top/admin',
  'accept' => 'text/html,application/xhtml+xml,application/xml;q=0.9,image/webp,image/apng,*/*;q=0.8',
  'user-agent' => 'Mozilla/5.0 (Windows NT 10.0; Win64; x64) AppleWebKit/537.36 (KHTML, like Gecko) Chrome/71.0.3578.80 Safari/537.36',
  'upgrade-insecure-requests' => '1',
  'connection' => 'keep-alive',
  'host' => 'www.linguifeng.top',
  'content-type' => '',
  'content-length' => '',
)
[ info ] [ PARAM ] array (
  'v' => '4.0',
)
[ info ] [ RUN ] app\admin\controller\Index->index_v1[ /www/wwwroot/MyBlog/application/admin/controller/Index.php ]
[ info ] [ VIEW ] /www/wwwroot/MyBlog/public/../application/admin/view/index/index_v1.html [ array (
) ]
[ info ] [ LOG ] INIT File
---------------------------------------------------------------
[ 2019-01-12T10:54:00+08:00 ] 116.25.36.134 GET /admin
[ info ] www.linguifeng.top/admin [运行时间：0.013836s][吞吐率：72.27req/s] [内存消耗：1,603.64kb] [文件加载：45]
[ info ] [ LANG ] /www/wwwroot/MyBlog/thinkphp/lang/zh-cn.php
[ info ] [ ROUTE ] array (
  'type' => 'module',
  'module' => 
  array (
    0 => 'admin',
    1 => NULL,
    2 => NULL,
  ),
)
[ info ] [ HEADER ] array (
  'cookie' => 'pgv_pvi=4712565760; thinkphp_show_page_trace=0|0',
  'accept-language' => 'zh-CN,zh;q=0.9',
  'accept-encoding' => 'gzip, deflate',
  'accept' => 'text/html,application/xhtml+xml,application/xml;q=0.9,image/webp,image/apng,*/*;q=0.8',
  'user-agent' => 'Mozilla/5.0 (Windows NT 10.0; Win64; x64) AppleWebKit/537.36 (KHTML, like Gecko) Chrome/71.0.3578.80 Safari/537.36',
  'upgrade-insecure-requests' => '1',
  'cache-control' => 'max-age=0',
  'connection' => 'keep-alive',
  'host' => 'www.linguifeng.top',
  'content-type' => '',
  'content-length' => '',
)
[ info ] [ PARAM ] array (
)
[ info ] [ RUN ] app\admin\controller\Index->index[ /www/wwwroot/MyBlog/application/admin/controller/Index.php ]
[ info ] [ VIEW ] /www/wwwroot/MyBlog/public/../application/admin/view/index/index.html [ array (
) ]
[ info ] [ LOG ] INIT File
---------------------------------------------------------------
[ 2019-01-12T10:54:00+08:00 ] 116.25.36.134 GET /admin/index/index_v1.html?v=4.0
[ info ] www.linguifeng.top/admin/index/index_v1.html?v=4.0 [运行时间：0.013883s][吞吐率：72.03req/s] [内存消耗：1,596.33kb] [文件加载：45]
[ info ] [ LANG ] /www/wwwroot/MyBlog/thinkphp/lang/zh-cn.php
[ info ] [ ROUTE ] array (
  'type' => 'module',
  'module' => 
  array (
    0 => 'admin',
    1 => 'index',
    2 => 'index_v1',
  ),
)
[ info ] [ HEADER ] array (
  'cookie' => 'thinkphp_show_page_trace=0|0; pgv_pvi=4712565760; thinkphp_show_page_trace=0|0',
  'accept-language' => 'zh-CN,zh;q=0.9',
  'accept-encoding' => 'gzip, deflate',
  'referer' => 'http://www.linguifeng.top/admin',
  'accept' => 'text/html,application/xhtml+xml,application/xml;q=0.9,image/webp,image/apng,*/*;q=0.8',
  'user-agent' => 'Mozilla/5.0 (Windows NT 10.0; Win64; x64) AppleWebKit/537.36 (KHTML, like Gecko) Chrome/71.0.3578.80 Safari/537.36',
  'upgrade-insecure-requests' => '1',
  'connection' => 'keep-alive',
  'host' => 'www.linguifeng.top',
  'content-type' => '',
  'content-length' => '',
)
[ info ] [ PARAM ] array (
  'v' => '4.0',
)
[ info ] [ RUN ] app\admin\controller\Index->index_v1[ /www/wwwroot/MyBlog/application/admin/controller/Index.php ]
[ info ] [ VIEW ] /www/wwwroot/MyBlog/public/../application/admin/view/index/index_v1.html [ array (
) ]
[ info ] [ LOG ] INIT File
---------------------------------------------------------------
[ 2019-01-12T10:54:02+08:00 ] 116.25.36.134 GET /admin
[ info ] www.linguifeng.top/admin [运行时间：0.014778s][吞吐率：67.67req/s] [内存消耗：1,603.64kb] [文件加载：45]
[ info ] [ LANG ] /www/wwwroot/MyBlog/thinkphp/lang/zh-cn.php
[ info ] [ ROUTE ] array (
  'type' => 'module',
  'module' => 
  array (
    0 => 'admin',
    1 => NULL,
    2 => NULL,
  ),
)
[ info ] [ HEADER ] array (
  'cookie' => 'pgv_pvi=4712565760; thinkphp_show_page_trace=0|0',
  'accept-language' => 'zh-CN,zh;q=0.9',
  'accept-encoding' => 'gzip, deflate',
  'accept' => 'text/html,application/xhtml+xml,application/xml;q=0.9,image/webp,image/apng,*/*;q=0.8',
  'user-agent' => 'Mozilla/5.0 (Windows NT 10.0; Win64; x64) AppleWebKit/537.36 (KHTML, like Gecko) Chrome/71.0.3578.80 Safari/537.36',
  'upgrade-insecure-requests' => '1',
  'cache-control' => 'max-age=0',
  'connection' => 'keep-alive',
  'host' => 'www.linguifeng.top',
  'content-type' => '',
  'content-length' => '',
)
[ info ] [ PARAM ] array (
)
[ info ] [ RUN ] app\admin\controller\Index->index[ /www/wwwroot/MyBlog/application/admin/controller/Index.php ]
[ info ] [ VIEW ] /www/wwwroot/MyBlog/public/../application/admin/view/index/index.html [ array (
) ]
[ info ] [ LOG ] INIT File
---------------------------------------------------------------
[ 2019-01-12T10:54:02+08:00 ] 116.25.36.134 GET /admin/index/index_v1.html?v=4.0
[ info ] www.linguifeng.top/admin/index/index_v1.html?v=4.0 [运行时间：0.015468s][吞吐率：64.65req/s] [内存消耗：1,596.33kb] [文件加载：45]
[ info ] [ LANG ] /www/wwwroot/MyBlog/thinkphp/lang/zh-cn.php
[ info ] [ ROUTE ] array (
  'type' => 'module',
  'module' => 
  array (
    0 => 'admin',
    1 => 'index',
    2 => 'index_v1',
  ),
)
[ info ] [ HEADER ] array (
  'cookie' => 'thinkphp_show_page_trace=0|0; pgv_pvi=4712565760; thinkphp_show_page_trace=0|0',
  'accept-language' => 'zh-CN,zh;q=0.9',
  'accept-encoding' => 'gzip, deflate',
  'referer' => 'http://www.linguifeng.top/admin',
  'accept' => 'text/html,application/xhtml+xml,application/xml;q=0.9,image/webp,image/apng,*/*;q=0.8',
  'user-agent' => 'Mozilla/5.0 (Windows NT 10.0; Win64; x64) AppleWebKit/537.36 (KHTML, like Gecko) Chrome/71.0.3578.80 Safari/537.36',
  'upgrade-insecure-requests' => '1',
  'connection' => 'keep-alive',
  'host' => 'www.linguifeng.top',
  'content-type' => '',
  'content-length' => '',
)
[ info ] [ PARAM ] array (
  'v' => '4.0',
)
[ info ] [ RUN ] app\admin\controller\Index->index_v1[ /www/wwwroot/MyBlog/application/admin/controller/Index.php ]
[ info ] [ VIEW ] /www/wwwroot/MyBlog/public/../application/admin/view/index/index_v1.html [ array (
) ]
[ info ] [ LOG ] INIT File
