---------------------------------------------------------------
[ 2019-03-22T03:47:43+08:00 ] 47.98.97.252 GET /
[ info ] www.linguifeng.top/ [运行时间：0.023726s][吞吐率：42.15req/s] [内存消耗：2,677.07kb] [文件加载：55]
[ info ] [ LANG ] /var/www/html/MyBlog/thinkphp/lang/zh-cn.php
[ info ] [ ROUTE ] array (
  'type' => 'module',
  'module' => 
  array (
    0 => '',
    1 => NULL,
    2 => NULL,
  ),
)
[ info ] [ HEADER ] array (
  'connection' => 'keep-alive',
  'accept' => 'text/html, image/gif, image/jpeg, *; q=.2, */*; q=.2',
  'host' => 'www.linguifeng.top',
  'user-agent' => 'Mozilla/5.0 (X11; Ubuntu; Linux x86_64; rv:36.0) Gecko/20100101 Firefox/36.0',
  'content-type' => '',
  'content-length' => '',
)
[ info ] [ PARAM ] array (
)
[ info ] [ RUN ] app\index\controller\Index->index[ /var/www/html/MyBlog/application/index/controller/Index.php ]
[ info ] [ DB ] INIT mysql
[ info ] [ VIEW ] /var/www/html/MyBlog/public/../application/index/view/index/index.html [ array (
  0 => 'data',
  1 => 'user',
  2 => 'lunbo',
) ]
[ info ] [ LOG ] INIT File
[ sql ] [ DB ] CONNECT:[ UseTime:0.000368s ] mysql:host=127.0.0.1;dbname=blog;charset=utf8
[ sql ] [ SQL ] SHOW COLUMNS FROM `blog_admin` [ RunTime:0.000656s ]
[ sql ] [ SQL ] SELECT * FROM `blog_admin` WHERE  `id` = 7  AND `name` = '林桂锋' LIMIT 1 [ RunTime:0.000330s ]
[ sql ] [ SQL ] SHOW COLUMNS FROM `blog_lunbo` [ RunTime:0.000428s ]
[ sql ] [ SQL ] SELECT * FROM `blog_lunbo` WHERE  `status` = 1 ORDER BY `sort` DESC [ RunTime:0.000263s ]
[ sql ] [ SQL ] SHOW COLUMNS FROM `blog_article` [ RunTime:0.000409s ]
[ sql ] [ SQL ] SELECT * FROM `blog_article` WHERE  `status` = 1 ORDER BY `time` DESC [ RunTime:0.000260s ]
---------------------------------------------------------------
[ 2019-03-22T05:41:37+08:00 ] 52.53.201.78 GET /
[ info ] www.linguifeng.top/ [运行时间：0.025160s][吞吐率：39.75req/s] [内存消耗：2,677.08kb] [文件加载：55]
[ info ] [ LANG ] /var/www/html/MyBlog/thinkphp/lang/zh-cn.php
[ info ] [ ROUTE ] array (
  'type' => 'module',
  'module' => 
  array (
    0 => '',
    1 => NULL,
    2 => NULL,
  ),
)
[ info ] [ HEADER ] array (
  'accept-encoding' => 'gzip',
  'accept' => '*/*',
  'user-agent' => 'Mozilla/5.0 (Macintosh; Intel Mac OS X 10_12_6) AppleWebKit/537.36 (KHTML, like Gecko) Chrome/61.0.3163.100 Safari/537.36',
  'host' => 'www.linguifeng.top',
  'content-type' => '',
  'content-length' => '',
)
[ info ] [ PARAM ] array (
)
[ info ] [ RUN ] app\index\controller\Index->index[ /var/www/html/MyBlog/application/index/controller/Index.php ]
[ info ] [ DB ] INIT mysql
[ info ] [ VIEW ] /var/www/html/MyBlog/public/../application/index/view/index/index.html [ array (
  0 => 'data',
  1 => 'user',
  2 => 'lunbo',
) ]
[ info ] [ LOG ] INIT File
[ sql ] [ DB ] CONNECT:[ UseTime:0.000394s ] mysql:host=127.0.0.1;dbname=blog;charset=utf8
[ sql ] [ SQL ] SHOW COLUMNS FROM `blog_admin` [ RunTime:0.000803s ]
[ sql ] [ SQL ] SELECT * FROM `blog_admin` WHERE  `id` = 7  AND `name` = '林桂锋' LIMIT 1 [ RunTime:0.000398s ]
[ sql ] [ SQL ] SHOW COLUMNS FROM `blog_lunbo` [ RunTime:0.000461s ]
[ sql ] [ SQL ] SELECT * FROM `blog_lunbo` WHERE  `status` = 1 ORDER BY `sort` DESC [ RunTime:0.000275s ]
[ sql ] [ SQL ] SHOW COLUMNS FROM `blog_article` [ RunTime:0.000438s ]
[ sql ] [ SQL ] SELECT * FROM `blog_article` WHERE  `status` = 1 ORDER BY `time` DESC [ RunTime:0.000271s ]
---------------------------------------------------------------
[ 2019-03-22T10:35:24+08:00 ] 202.168.163.234 GET /admin
[ info ] www.linguifeng.top/admin [运行时间：0.013887s][吞吐率：72.01req/s] [内存消耗：1,663.43kb] [文件加载：49]
[ info ] [ LANG ] /var/www/html/MyBlog/thinkphp/lang/zh-cn.php
[ info ] [ ROUTE ] array (
  'type' => 'module',
  'module' => 
  array (
    0 => 'admin',
    1 => NULL,
    2 => NULL,
  ),
)
[ info ] [ HEADER ] array (
  'accept-language' => 'zh-CN,zh;q=0.9',
  'accept-encoding' => 'gzip, deflate',
  'accept' => 'text/html,application/xhtml+xml,application/xml;q=0.9,image/webp,image/apng,*/*;q=0.8',
  'user-agent' => 'Mozilla/5.0 (Windows NT 10.0; Win64; x64) AppleWebKit/537.36 (KHTML, like Gecko) Chrome/72.0.3610.2 Safari/537.36',
  'upgrade-insecure-requests' => '1',
  'connection' => 'keep-alive',
  'host' => 'www.linguifeng.top',
  'content-type' => '',
  'content-length' => '',
)
[ info ] [ PARAM ] array (
)
[ info ] [ SESSION ] INIT array (
  'id' => '',
  'var_session_id' => '',
  'prefix' => 'think',
  'type' => '',
  'auto_start' => true,
)
[ info ] [ VIEW ] /var/www/html/MyBlog/thinkphp/tpl/dispatch_jump.tpl [ array (
  0 => 'code',
  1 => 'msg',
  2 => 'data',
  3 => 'url',
  4 => 'wait',
) ]
[ info ] [ LOG ] INIT File
---------------------------------------------------------------
[ 2019-03-22T10:35:26+08:00 ] 202.168.163.234 GET /admin/login/login.html
[ info ] www.linguifeng.top/admin/login/login.html [运行时间：0.014906s][吞吐率：67.09req/s] [内存消耗：1,661.35kb] [文件加载：48]
[ info ] [ LANG ] /var/www/html/MyBlog/thinkphp/lang/zh-cn.php
[ info ] [ ROUTE ] array (
  'type' => 'module',
  'module' => 
  array (
    0 => 'admin',
    1 => 'login',
    2 => 'login',
  ),
)
[ info ] [ HEADER ] array (
  'cookie' => 'PHPSESSID=ra9e8pq89psiljodttlpsc5em3; thinkphp_show_page_trace=0|0',
  'accept-language' => 'zh-CN,zh;q=0.9',
  'accept-encoding' => 'gzip, deflate',
  'referer' => 'http://www.linguifeng.top/admin',
  'accept' => 'text/html,application/xhtml+xml,application/xml;q=0.9,image/webp,image/apng,*/*;q=0.8',
  'user-agent' => 'Mozilla/5.0 (Windows NT 10.0; Win64; x64) AppleWebKit/537.36 (KHTML, like Gecko) Chrome/72.0.3610.2 Safari/537.36',
  'upgrade-insecure-requests' => '1',
  'connection' => 'keep-alive',
  'host' => 'www.linguifeng.top',
  'content-type' => '',
  'content-length' => '',
)
[ info ] [ PARAM ] array (
)
[ info ] [ RUN ] app\admin\controller\Login->login[ /var/www/html/MyBlog/application/admin/controller/Login.php ]
[ info ] [ VIEW ] /var/www/html/MyBlog/public/../application/admin/view/login/login.html [ array (
) ]
[ info ] [ LOG ] INIT File
---------------------------------------------------------------
[ 2019-03-22T10:35:29+08:00 ] 202.168.163.234 GET /admin/login/favicon.ico
[ info ] www.linguifeng.top/admin/login/favicon.ico [运行时间：0.014478s][吞吐率：69.07req/s] [内存消耗：1,653.98kb] [文件加载：48]
[ info ] [ LANG ] /var/www/html/MyBlog/thinkphp/lang/zh-cn.php
[ info ] [ ROUTE ] array (
  'type' => 'module',
  'module' => 
  array (
    0 => 'admin',
    1 => 'login',
    2 => 'favicon.ico',
  ),
)
[ info ] [ HEADER ] array (
  'cookie' => 'thinkphp_show_page_trace=0|0; PHPSESSID=ra9e8pq89psiljodttlpsc5em3; thinkphp_show_page_trace=0|0',
  'accept-language' => 'zh-CN,zh;q=0.9',
  'accept-encoding' => 'gzip, deflate',
  'referer' => 'http://www.linguifeng.top/admin/login/login.html',
  'accept' => 'image/webp,image/apng,image/*,*/*;q=0.8',
  'user-agent' => 'Mozilla/5.0 (Windows NT 10.0; Win64; x64) AppleWebKit/537.36 (KHTML, like Gecko) Chrome/72.0.3610.2 Safari/537.36',
  'connection' => 'keep-alive',
  'host' => 'www.linguifeng.top',
  'content-type' => '',
  'content-length' => '',
)
[ info ] [ PARAM ] array (
)
[ info ] [ LOG ] INIT File
---------------------------------------------------------------
[ 2019-03-22T10:35:41+08:00 ] 202.168.163.234 POST /admin/login/login.html
[ info ] www.linguifeng.top/admin/login/login.html [运行时间：3.796774s][吞吐率：0.26req/s] [内存消耗：2,586.45kb] [文件加载：55]
[ info ] [ LANG ] /var/www/html/MyBlog/thinkphp/lang/zh-cn.php
[ info ] [ ROUTE ] array (
  'type' => 'module',
  'module' => 
  array (
    0 => 'admin',
    1 => 'login',
    2 => 'login',
  ),
)
[ info ] [ HEADER ] array (
  'cookie' => 'thinkphp_show_page_trace=0|0; PHPSESSID=ra9e8pq89psiljodttlpsc5em3; thinkphp_show_page_trace=0|0',
  'accept-language' => 'zh-CN,zh;q=0.9',
  'accept-encoding' => 'gzip, deflate',
  'referer' => 'http://www.linguifeng.top/admin/login/login.html',
  'accept' => 'text/html,application/xhtml+xml,application/xml;q=0.9,image/webp,image/apng,*/*;q=0.8',
  'user-agent' => 'Mozilla/5.0 (Windows NT 10.0; Win64; x64) AppleWebKit/537.36 (KHTML, like Gecko) Chrome/72.0.3610.2 Safari/537.36',
  'content-type' => 'application/x-www-form-urlencoded',
  'upgrade-insecure-requests' => '1',
  'origin' => 'http://www.linguifeng.top',
  'cache-control' => 'max-age=0',
  'content-length' => '26',
  'connection' => 'keep-alive',
  'host' => 'www.linguifeng.top',
)
[ info ] [ PARAM ] array (
  'user' => 'admin',
  'password' => '123456',
)
[ info ] [ RUN ] app\admin\controller\Login->login[ /var/www/html/MyBlog/application/admin/controller/Login.php ]
[ info ] [ DB ] INIT mysql
[ info ] [ SESSION ] INIT array (
  'id' => '',
  'var_session_id' => '',
  'prefix' => 'think',
  'type' => '',
  'auto_start' => true,
)
[ info ] [ VIEW ] /var/www/html/MyBlog/thinkphp/tpl/dispatch_jump.tpl [ array (
  0 => 'code',
  1 => 'msg',
  2 => 'data',
  3 => 'url',
  4 => 'wait',
) ]
[ info ] [ LOG ] INIT File
[ sql ] [ DB ] CONNECT:[ UseTime:0.000434s ] mysql:host=127.0.0.1;dbname=blog;charset=utf8
[ sql ] [ SQL ] SHOW COLUMNS FROM `blog_admin` [ RunTime:0.000778s ]
[ sql ] [ SQL ] SELECT * FROM `blog_admin` WHERE  `user` = 'admin'  AND `password` = 'e10adc3949ba59abbe56e057f20f883e'  AND `status` = 1 LIMIT 1 [ RunTime:0.000423s ]
[ sql ] [ SQL ] SHOW COLUMNS FROM `blog_admin_record` [ RunTime:0.000827s ]
[ sql ] [ SQL ] INSERT INTO `blog_admin_record` (`ip` , `aid` , `area` , `time`) VALUES ('202.168.163.234' , 6 , '-' , '19-03-22 10:35:41') [ RunTime:0.003574s ]
---------------------------------------------------------------
[ 2019-03-22T10:35:43+08:00 ] 202.168.163.234 GET /admin/index/index.html
[ info ] www.linguifeng.top/admin/index/index.html [运行时间：0.014729s][吞吐率：67.89req/s] [内存消耗：1,678.53kb] [文件加载：49]
[ info ] [ LANG ] /var/www/html/MyBlog/thinkphp/lang/zh-cn.php
[ info ] [ ROUTE ] array (
  'type' => 'module',
  'module' => 
  array (
    0 => 'admin',
    1 => 'index',
    2 => 'index',
  ),
)
[ info ] [ HEADER ] array (
  'cookie' => 'PHPSESSID=ra9e8pq89psiljodttlpsc5em3; thinkphp_show_page_trace=0|0',
  'accept-language' => 'zh-CN,zh;q=0.9',
  'accept-encoding' => 'gzip, deflate',
  'referer' => 'http://www.linguifeng.top/admin/login/login.html',
  'accept' => 'text/html,application/xhtml+xml,application/xml;q=0.9,image/webp,image/apng,*/*;q=0.8',
  'user-agent' => 'Mozilla/5.0 (Windows NT 10.0; Win64; x64) AppleWebKit/537.36 (KHTML, like Gecko) Chrome/72.0.3610.2 Safari/537.36',
  'upgrade-insecure-requests' => '1',
  'connection' => 'keep-alive',
  'host' => 'www.linguifeng.top',
  'content-type' => '',
  'content-length' => '',
)
[ info ] [ PARAM ] array (
)
[ info ] [ SESSION ] INIT array (
  'id' => '',
  'var_session_id' => '',
  'prefix' => 'think',
  'type' => '',
  'auto_start' => true,
)
[ info ] [ RUN ] app\admin\controller\Index->index[ /var/www/html/MyBlog/application/admin/controller/Index.php ]
[ info ] [ VIEW ] /var/www/html/MyBlog/public/../application/admin/view/index/index.html [ array (
) ]
[ info ] [ LOG ] INIT File
---------------------------------------------------------------
[ 2019-03-22T10:35:43+08:00 ] 202.168.163.234 GET /admin/index/main.html
[ info ] www.linguifeng.top/admin/index/main.html [运行时间：0.013522s][吞吐率：73.95req/s] [内存消耗：1,623.68kb] [文件加载：48]
[ info ] [ LANG ] /var/www/html/MyBlog/thinkphp/lang/zh-cn.php
[ info ] [ ROUTE ] array (
  'type' => 'module',
  'module' => 
  array (
    0 => 'admin',
    1 => 'index',
    2 => 'main',
  ),
)
[ info ] [ HEADER ] array (
  'cookie' => 'PHPSESSID=ra9e8pq89psiljodttlpsc5em3; thinkphp_show_page_trace=0|0',
  'accept-language' => 'zh-CN,zh;q=0.9',
  'accept-encoding' => 'gzip, deflate',
  'referer' => 'http://www.linguifeng.top/admin/index/index.html',
  'accept' => 'text/html,application/xhtml+xml,application/xml;q=0.9,image/webp,image/apng,*/*;q=0.8',
  'user-agent' => 'Mozilla/5.0 (Windows NT 10.0; Win64; x64) AppleWebKit/537.36 (KHTML, like Gecko) Chrome/72.0.3610.2 Safari/537.36',
  'upgrade-insecure-requests' => '1',
  'connection' => 'keep-alive',
  'host' => 'www.linguifeng.top',
  'content-type' => '',
  'content-length' => '',
)
[ info ] [ PARAM ] array (
)
[ info ] [ SESSION ] INIT array (
  'id' => '',
  'var_session_id' => '',
  'prefix' => 'think',
  'type' => '',
  'auto_start' => true,
)
[ info ] [ RUN ] app\admin\controller\Index->main[ /var/www/html/MyBlog/application/admin/controller/Index.php ]
[ info ] [ VIEW ] /var/www/html/MyBlog/public/../application/admin/view/index/main.html [ array (
) ]
[ info ] [ LOG ] INIT File
---------------------------------------------------------------
[ 2019-03-22T10:35:45+08:00 ] 202.168.163.234 GET /admin/index/favicon.ico
[ info ] www.linguifeng.top/admin/index/favicon.ico [运行时间：0.020420s][吞吐率：48.97req/s] [内存消耗：1,663.09kb] [文件加载：49]
[ info ] [ LANG ] /var/www/html/MyBlog/thinkphp/lang/zh-cn.php
[ info ] [ ROUTE ] array (
  'type' => 'module',
  'module' => 
  array (
    0 => 'admin',
    1 => 'index',
    2 => 'favicon.ico',
  ),
)
[ info ] [ HEADER ] array (
  'cookie' => 'thinkphp_show_page_trace=0|0; PHPSESSID=ra9e8pq89psiljodttlpsc5em3; thinkphp_show_page_trace=0|0',
  'accept-language' => 'zh-CN,zh;q=0.9',
  'accept-encoding' => 'gzip, deflate',
  'referer' => 'http://www.linguifeng.top/admin/index/index.html',
  'accept' => 'image/webp,image/apng,image/*,*/*;q=0.8',
  'user-agent' => 'Mozilla/5.0 (Windows NT 10.0; Win64; x64) AppleWebKit/537.36 (KHTML, like Gecko) Chrome/72.0.3610.2 Safari/537.36',
  'connection' => 'keep-alive',
  'host' => 'www.linguifeng.top',
  'content-type' => '',
  'content-length' => '',
)
[ info ] [ PARAM ] array (
)
[ info ] [ SESSION ] INIT array (
  'id' => '',
  'var_session_id' => '',
  'prefix' => 'think',
  'type' => '',
  'auto_start' => true,
)
[ info ] [ LOG ] INIT File
---------------------------------------------------------------
[ 2019-03-22T10:35:48+08:00 ] 202.168.163.234 POST /admin/login/login.html
[ info ] www.linguifeng.top/admin/login/login.html [运行时间：14.749862s][吞吐率：0.07req/s] [内存消耗：2,650.50kb] [文件加载：55]
[ info ] [ LANG ] /var/www/html/MyBlog/thinkphp/lang/zh-cn.php
[ info ] [ ROUTE ] array (
  'type' => 'module',
  'module' => 
  array (
    0 => 'admin',
    1 => 'login',
    2 => 'login',
  ),
)
[ info ] [ HEADER ] array (
  'cookie' => 'thinkphp_show_page_trace=0|0; PHPSESSID=ra9e8pq89psiljodttlpsc5em3; thinkphp_show_page_trace=0|0',
  'accept-language' => 'zh-CN,zh;q=0.9',
  'accept-encoding' => 'gzip, deflate',
  'referer' => 'http://www.linguifeng.top/admin/login/login.html',
  'accept' => 'text/html,application/xhtml+xml,application/xml;q=0.9,image/webp,image/apng,*/*;q=0.8',
  'user-agent' => 'Mozilla/5.0 (Windows NT 10.0; Win64; x64) AppleWebKit/537.36 (KHTML, like Gecko) Chrome/72.0.3610.2 Safari/537.36',
  'content-type' => 'application/x-www-form-urlencoded',
  'upgrade-insecure-requests' => '1',
  'origin' => 'http://www.linguifeng.top',
  'cache-control' => 'max-age=0',
  'content-length' => '26',
  'connection' => 'keep-alive',
  'host' => 'www.linguifeng.top',
)
[ info ] [ PARAM ] array (
  'user' => 'admin',
  'password' => '123456',
)
[ info ] [ RUN ] app\admin\controller\Login->login[ /var/www/html/MyBlog/application/admin/controller/Login.php ]
[ info ] [ DB ] INIT mysql
[ info ] [ SESSION ] INIT array (
  'id' => '',
  'var_session_id' => '',
  'prefix' => 'think',
  'type' => '',
  'auto_start' => true,
)
[ info ] [ VIEW ] /var/www/html/MyBlog/thinkphp/tpl/dispatch_jump.tpl [ array (
  0 => 'code',
  1 => 'msg',
  2 => 'data',
  3 => 'url',
  4 => 'wait',
) ]
[ info ] [ LOG ] INIT File
[ sql ] [ DB ] CONNECT:[ UseTime:0.000436s ] mysql:host=127.0.0.1;dbname=blog;charset=utf8
[ sql ] [ SQL ] SHOW COLUMNS FROM `blog_admin` [ RunTime:0.000747s ]
[ sql ] [ SQL ] SELECT * FROM `blog_admin` WHERE  `user` = 'admin'  AND `password` = 'e10adc3949ba59abbe56e057f20f883e'  AND `status` = 1 LIMIT 1 [ RunTime:0.000387s ]
[ sql ] [ SQL ] SHOW COLUMNS FROM `blog_admin_record` [ RunTime:0.000819s ]
[ sql ] [ SQL ] INSERT INTO `blog_admin_record` (`ip` , `aid` , `area` , `time`) VALUES ('202.168.163.234' , 6 , '-' , '19-03-22 10:35:48') [ RunTime:0.002479s ]
---------------------------------------------------------------
[ 2019-03-22T14:10:33+08:00 ] 202.108.211.151 GET /
[ info ] www.linguifeng.top/ [运行时间：0.025838s][吞吐率：38.70req/s] [内存消耗：2,678.09kb] [文件加载：55]
[ info ] [ LANG ] /var/www/html/MyBlog/thinkphp/lang/zh-cn.php
[ info ] [ ROUTE ] array (
  'type' => 'module',
  'module' => 
  array (
    0 => '',
    1 => NULL,
    2 => NULL,
  ),
)
[ info ] [ HEADER ] array (
  'connection' => 'keep-alive',
  'host' => 'www.linguifeng.top',
  'upgrade-insecure-requests' => '1',
  'pragma' => 'no-cache',
  'cache-control' => 'no-cache',
  'accept-language' => 'zh-CN,zh;q=0.8,en-US;q=0.6,en;q=0.4',
  'accept-encoding' => 'gzip, deflate, sdch',
  'accept' => 'text/html,application/xhtml+xml,application/xml;q=0.9,image/webp,*/*;q=0.8',
  'user-agent' => 'Mozilla/5.0 (X11; Linux x86_64) AppleWebKit/535.21 (KHTML, like Gecko) Chrome/19.0.1042.0 Safari/535.21',
  'content-type' => '',
  'content-length' => '',
)
[ info ] [ PARAM ] array (
)
[ info ] [ RUN ] app\index\controller\Index->index[ /var/www/html/MyBlog/application/index/controller/Index.php ]
[ info ] [ DB ] INIT mysql
[ info ] [ VIEW ] /var/www/html/MyBlog/public/../application/index/view/index/index.html [ array (
  0 => 'data',
  1 => 'user',
  2 => 'lunbo',
) ]
[ info ] [ LOG ] INIT File
[ sql ] [ DB ] CONNECT:[ UseTime:0.000441s ] mysql:host=127.0.0.1;dbname=blog;charset=utf8
[ sql ] [ SQL ] SHOW COLUMNS FROM `blog_admin` [ RunTime:0.000715s ]
[ sql ] [ SQL ] SELECT * FROM `blog_admin` WHERE  `id` = 7  AND `name` = '林桂锋' LIMIT 1 [ RunTime:0.000331s ]
[ sql ] [ SQL ] SHOW COLUMNS FROM `blog_lunbo` [ RunTime:0.000515s ]
[ sql ] [ SQL ] SELECT * FROM `blog_lunbo` WHERE  `status` = 1 ORDER BY `sort` DESC [ RunTime:0.000280s ]
[ sql ] [ SQL ] SHOW COLUMNS FROM `blog_article` [ RunTime:0.000472s ]
[ sql ] [ SQL ] SELECT * FROM `blog_article` WHERE  `status` = 1 ORDER BY `time` DESC [ RunTime:0.000299s ]
