---------------------------------------------------------------
[ 2019-03-30T06:36:06+08:00 ] 101.132.69.5 GET /
[ info ] www.linguifeng.top/ [运行时间：0.026529s][吞吐率：37.69req/s] [内存消耗：2,673.17kb] [文件加载：55]
[ info ] [ LANG ] /var/www/html/MyBlog/thinkphp/lang/zh-cn.php
[ info ] [ ROUTE ] array (
  'type' => 'module',
  'module' => 
  array (
    0 => '',
    1 => NULL,
    2 => NULL,
  ),
)
[ info ] [ HEADER ] array (
  'connection' => 'keep-alive',
  'accept' => 'text/html, image/gif, image/jpeg, *; q=.2, */*; q=.2',
  'host' => 'www.linguifeng.top',
  'user-agent' => 'Mozilla/5.0 (X11; Ubuntu; Linux x86_64; rv:36.0) Gecko/20100101 Firefox/36.0',
  'content-type' => '',
  'content-length' => '',
)
[ info ] [ PARAM ] array (
)
[ info ] [ RUN ] app\index\controller\Index->index[ /var/www/html/MyBlog/application/index/controller/Index.php ]
[ info ] [ DB ] INIT mysql
[ info ] [ VIEW ] /var/www/html/MyBlog/public/../application/index/view/index/index.html [ array (
  0 => 'data',
  1 => 'user',
  2 => 'lunbo',
) ]
[ info ] [ LOG ] INIT File
[ sql ] [ DB ] CONNECT:[ UseTime:0.000385s ] mysql:host=127.0.0.1;dbname=blog;charset=utf8
[ sql ] [ SQL ] SHOW COLUMNS FROM `blog_admin` [ RunTime:0.000710s ]
[ sql ] [ SQL ] SELECT * FROM `blog_admin` WHERE  `id` = 7  AND `name` = '林桂锋' LIMIT 1 [ RunTime:0.000354s ]
[ sql ] [ SQL ] SHOW COLUMNS FROM `blog_lunbo` [ RunTime:0.000467s ]
[ sql ] [ SQL ] SELECT * FROM `blog_lunbo` WHERE  `status` = 1 ORDER BY `sort` DESC [ RunTime:0.000310s ]
[ sql ] [ SQL ] SHOW COLUMNS FROM `blog_article` [ RunTime:0.000418s ]
[ sql ] [ SQL ] SELECT * FROM `blog_article` WHERE  `status` = 1 ORDER BY `time` DESC [ RunTime:0.000295s ]
---------------------------------------------------------------
[ 2019-03-30T07:46:44+08:00 ] 202.108.211.151 GET /
[ info ] www.linguifeng.top/ [运行时间：0.024130s][吞吐率：41.44req/s] [内存消耗：2,674.20kb] [文件加载：55]
[ info ] [ LANG ] /var/www/html/MyBlog/thinkphp/lang/zh-cn.php
[ info ] [ ROUTE ] array (
  'type' => 'module',
  'module' => 
  array (
    0 => '',
    1 => NULL,
    2 => NULL,
  ),
)
[ info ] [ HEADER ] array (
  'connection' => 'keep-alive',
  'host' => 'www.linguifeng.top',
  'upgrade-insecure-requests' => '1',
  'pragma' => 'no-cache',
  'cache-control' => 'no-cache',
  'accept-language' => 'zh-CN,zh;q=0.8,en-US;q=0.6,en;q=0.4',
  'accept-encoding' => 'gzip, deflate, sdch',
  'accept' => 'text/html,application/xhtml+xml,application/xml;q=0.9,image/webp,*/*;q=0.8',
  'user-agent' => 'Mozilla/5.0 (X11; Linux x86_64) AppleWebKit/535.21 (KHTML, like Gecko) Chrome/19.0.1042.0 Safari/535.21',
  'content-type' => '',
  'content-length' => '',
)
[ info ] [ PARAM ] array (
)
[ info ] [ RUN ] app\index\controller\Index->index[ /var/www/html/MyBlog/application/index/controller/Index.php ]
[ info ] [ DB ] INIT mysql
[ info ] [ VIEW ] /var/www/html/MyBlog/public/../application/index/view/index/index.html [ array (
  0 => 'data',
  1 => 'user',
  2 => 'lunbo',
) ]
[ info ] [ LOG ] INIT File
[ sql ] [ DB ] CONNECT:[ UseTime:0.000398s ] mysql:host=127.0.0.1;dbname=blog;charset=utf8
[ sql ] [ SQL ] SHOW COLUMNS FROM `blog_admin` [ RunTime:0.000678s ]
[ sql ] [ SQL ] SELECT * FROM `blog_admin` WHERE  `id` = 7  AND `name` = '林桂锋' LIMIT 1 [ RunTime:0.000329s ]
[ sql ] [ SQL ] SHOW COLUMNS FROM `blog_lunbo` [ RunTime:0.000448s ]
[ sql ] [ SQL ] SELECT * FROM `blog_lunbo` WHERE  `status` = 1 ORDER BY `sort` DESC [ RunTime:0.000261s ]
[ sql ] [ SQL ] SHOW COLUMNS FROM `blog_article` [ RunTime:0.000417s ]
[ sql ] [ SQL ] SELECT * FROM `blog_article` WHERE  `status` = 1 ORDER BY `time` DESC [ RunTime:0.000283s ]
---------------------------------------------------------------
[ 2019-03-30T15:40:21+08:00 ] 106.14.215.243 GET /
[ info ] www.linguifeng.top/ [运行时间：0.025426s][吞吐率：39.33req/s] [内存消耗：2,673.12kb] [文件加载：55]
[ info ] [ LANG ] /var/www/html/MyBlog/thinkphp/lang/zh-cn.php
[ info ] [ ROUTE ] array (
  'type' => 'module',
  'module' => 
  array (
    0 => '',
    1 => NULL,
    2 => NULL,
  ),
)
[ info ] [ HEADER ] array (
  'connection' => 'keep-alive',
  'accept' => 'text/html, image/gif, image/jpeg, *; q=.2, */*; q=.2',
  'host' => 'www.linguifeng.top',
  'user-agent' => 'Mozilla/5.0 (Linux; Android 4.1.1; Nexus 7 Build/JRO03D))',
  'content-type' => '',
  'content-length' => '',
)
[ info ] [ PARAM ] array (
)
[ info ] [ RUN ] app\index\controller\Index->index[ /var/www/html/MyBlog/application/index/controller/Index.php ]
[ info ] [ DB ] INIT mysql
[ info ] [ VIEW ] /var/www/html/MyBlog/public/../application/index/view/index/index.html [ array (
  0 => 'data',
  1 => 'user',
  2 => 'lunbo',
) ]
[ info ] [ LOG ] INIT File
[ sql ] [ DB ] CONNECT:[ UseTime:0.000429s ] mysql:host=127.0.0.1;dbname=blog;charset=utf8
[ sql ] [ SQL ] SHOW COLUMNS FROM `blog_admin` [ RunTime:0.000711s ]
[ sql ] [ SQL ] SELECT * FROM `blog_admin` WHERE  `id` = 7  AND `name` = '林桂锋' LIMIT 1 [ RunTime:0.000325s ]
[ sql ] [ SQL ] SHOW COLUMNS FROM `blog_lunbo` [ RunTime:0.000466s ]
[ sql ] [ SQL ] SELECT * FROM `blog_lunbo` WHERE  `status` = 1 ORDER BY `sort` DESC [ RunTime:0.000254s ]
[ sql ] [ SQL ] SHOW COLUMNS FROM `blog_article` [ RunTime:0.000451s ]
[ sql ] [ SQL ] SELECT * FROM `blog_article` WHERE  `status` = 1 ORDER BY `time` DESC [ RunTime:0.000259s ]
---------------------------------------------------------------
[ 2019-03-30T20:38:01+08:00 ] 202.173.11.248 GET /
[ info ] www.linguifeng.top/ [运行时间：0.024654s][吞吐率：40.56req/s] [内存消耗：2,674.20kb] [文件加载：55]
[ info ] [ LANG ] /var/www/html/MyBlog/thinkphp/lang/zh-cn.php
[ info ] [ ROUTE ] array (
  'type' => 'module',
  'module' => 
  array (
    0 => '',
    1 => NULL,
    2 => NULL,
  ),
)
[ info ] [ HEADER ] array (
  'pragma' => 'no-cache',
  'cache-control' => 'no-cache',
  'dnt' => '1',
  'connection' => 'keep-alive',
  'referer' => 'http://www.linguifeng.top',
  'accept-encoding' => 'gzip, deflate',
  'accept-language' => 'zh-CN,zh;q=0.8',
  'accept' => 'text/html,application/xhtml+xml,application/xml;q=0.9,image/webp,*/*;q=0.8',
  'user-agent' => 'Mozilla/5.0 (Windows NT 10.0; Win64; x64) AppleWebKit/537.36 (KHTML, like Gecko) Chrome/56.0.2924.87 Safari/537.36',
  'host' => 'www.linguifeng.top',
  'content-type' => '',
  'content-length' => '',
)
[ info ] [ PARAM ] array (
)
[ info ] [ RUN ] app\index\controller\Index->index[ /var/www/html/MyBlog/application/index/controller/Index.php ]
[ info ] [ DB ] INIT mysql
[ info ] [ VIEW ] /var/www/html/MyBlog/public/../application/index/view/index/index.html [ array (
  0 => 'data',
  1 => 'user',
  2 => 'lunbo',
) ]
[ info ] [ LOG ] INIT File
[ sql ] [ DB ] CONNECT:[ UseTime:0.000379s ] mysql:host=127.0.0.1;dbname=blog;charset=utf8
[ sql ] [ SQL ] SHOW COLUMNS FROM `blog_admin` [ RunTime:0.000719s ]
[ sql ] [ SQL ] SELECT * FROM `blog_admin` WHERE  `id` = 7  AND `name` = '林桂锋' LIMIT 1 [ RunTime:0.000337s ]
[ sql ] [ SQL ] SHOW COLUMNS FROM `blog_lunbo` [ RunTime:0.000474s ]
[ sql ] [ SQL ] SELECT * FROM `blog_lunbo` WHERE  `status` = 1 ORDER BY `sort` DESC [ RunTime:0.000255s ]
[ sql ] [ SQL ] SHOW COLUMNS FROM `blog_article` [ RunTime:0.000412s ]
[ sql ] [ SQL ] SELECT * FROM `blog_article` WHERE  `status` = 1 ORDER BY `time` DESC [ RunTime:0.000265s ]
